CRITICAL - 2022-07-23 20:57:51 --> Call to undefined function CodeIgniter\locale_set_default()
#0 C:\xampp\htdocs\daxi\system\bootstrap.php(157): CodeIgniter\CodeIgniter->initialize()
#1 C:\xampp\htdocs\daxi\index.php(34): require('C:\\xampp\\htdocs...')
#2 {main}
INFO - 2022-07-23 13:59:55 --> CSRF cookie sent.
INFO - 2022-07-23 13:59:57 --> Session: Class initialized using 'CodeIgniter\Session\Handlers\DatabaseHandler' driver.
INFO - 2022-07-23 13:59:57 --> CSRF cookie sent.
INFO - 2022-07-23 13:59:57 --> Session: Class initialized using 'CodeIgniter\Session\Handlers\DatabaseHandler' driver.
INFO - 2022-07-23 14:00:03 --> CSRF cookie sent.
INFO - 2022-07-23 14:00:03 --> CSRF token verified.
INFO - 2022-07-23 14:00:03 --> Session: Class initialized using 'CodeIgniter\Session\Handlers\DatabaseHandler' driver.
INFO - 2022-07-23 14:00:03 --> CSRF cookie sent.
INFO - 2022-07-23 14:00:03 --> Session: Class initialized using 'CodeIgniter\Session\Handlers\DatabaseHandler' driver.
INFO - 2022-07-23 14:00:04 --> CSRF cookie sent.
INFO - 2022-07-23 14:00:04 --> Session: Class initialized using 'CodeIgniter\Session\Handlers\DatabaseHandler' driver.
INFO - 2022-07-23 14:00:05 --> CSRF cookie sent.
INFO - 2022-07-23 14:00:05 --> CSRF token verified.
INFO - 2022-07-23 14:00:05 --> CSRF cookie sent.
INFO - 2022-07-23 14:00:05 --> CSRF token verified.
INFO - 2022-07-23 14:00:05 --> Session: Class initialized using 'CodeIgniter\Session\Handlers\DatabaseHandler' driver.
INFO - 2022-07-23 14:00:05 --> Session: Class initialized using 'CodeIgniter\Session\Handlers\DatabaseHandler' driver.
INFO - 2022-07-23 14:00:10 --> CSRF cookie sent.
INFO - 2022-07-23 14:00:10 --> CSRF token verified.
INFO - 2022-07-23 14:00:10 --> Session: Class initialized using 'CodeIgniter\Session\Handlers\DatabaseHandler' driver.
INFO - 2022-07-23 14:00:15 --> CSRF cookie sent.
INFO - 2022-07-23 14:00:15 --> CSRF token verified.
INFO - 2022-07-23 14:00:16 --> Session: Class initialized using 'CodeIgniter\Session\Handlers\DatabaseHandler' driver.
INFO - 2022-07-23 14:00:21 --> CSRF cookie sent.
INFO - 2022-07-23 14:00:21 --> CSRF token verified.
INFO - 2022-07-23 14:00:21 --> Session: Class initialized using 'CodeIgniter\Session\Handlers\DatabaseHandler' driver.
INFO - 2022-07-23 14:00:26 --> CSRF cookie sent.
INFO - 2022-07-23 14:00:26 --> CSRF token verified.
INFO - 2022-07-23 14:00:26 --> Session: Class initialized using 'CodeIgniter\Session\Handlers\DatabaseHandler' driver.
INFO - 2022-07-23 14:00:31 --> CSRF cookie sent.
INFO - 2022-07-23 14:00:31 --> CSRF token verified.
INFO - 2022-07-23 14:00:31 --> Session: Class initialized using 'CodeIgniter\Session\Handlers\DatabaseHandler' driver.
INFO - 2022-07-23 14:00:36 --> CSRF cookie sent.
INFO - 2022-07-23 14:00:36 --> CSRF token verified.
INFO - 2022-07-23 14:00:36 --> Session: Class initialized using 'CodeIgniter\Session\Handlers\DatabaseHandler' driver.
INFO - 2022-07-23 14:00:41 --> CSRF cookie sent.
INFO - 2022-07-23 14:00:41 --> CSRF token verified.
INFO - 2022-07-23 14:00:42 --> Session: Class initialized using 'CodeIgniter\Session\Handlers\DatabaseHandler' driver.
INFO - 2022-07-23 14:00:47 --> CSRF cookie sent.
INFO - 2022-07-23 14:00:47 --> CSRF token verified.
INFO - 2022-07-23 14:00:47 --> Session: Class initialized using 'CodeIgniter\Session\Handlers\DatabaseHandler' driver.
INFO - 2022-07-23 14:00:52 --> CSRF cookie sent.
INFO - 2022-07-23 14:00:52 --> CSRF token verified.
INFO - 2022-07-23 14:00:52 --> Session: Class initialized using 'CodeIgniter\Session\Handlers\DatabaseHandler' driver.
INFO - 2022-07-23 14:00:57 --> CSRF cookie sent.
INFO - 2022-07-23 14:00:57 --> CSRF token verified.
INFO - 2022-07-23 14:00:57 --> Session: Class initialized using 'CodeIgniter\Session\Handlers\DatabaseHandler' driver.
INFO - 2022-07-23 14:01:02 --> CSRF cookie sent.
INFO - 2022-07-23 14:01:02 --> CSRF token verified.
INFO - 2022-07-23 14:01:02 --> Session: Class initialized using 'CodeIgniter\Session\Handlers\DatabaseHandler' driver.
INFO - 2022-07-23 14:01:07 --> CSRF cookie sent.
INFO - 2022-07-23 14:01:07 --> CSRF token verified.
INFO - 2022-07-23 14:01:07 --> Session: Class initialized using 'CodeIgniter\Session\Handlers\DatabaseHandler' driver.
INFO - 2022-07-23 14:01:13 --> CSRF cookie sent.
INFO - 2022-07-23 14:01:13 --> CSRF token verified.
INFO - 2022-07-23 14:01:13 --> Session: Class initialized using 'CodeIgniter\Session\Handlers\DatabaseHandler' driver.
INFO - 2022-07-23 14:01:18 --> CSRF cookie sent.
INFO - 2022-07-23 14:01:18 --> CSRF token verified.
INFO - 2022-07-23 14:01:18 --> Session: Class initialized using 'CodeIgniter\Session\Handlers\DatabaseHandler' driver.
INFO - 2022-07-23 14:01:23 --> CSRF cookie sent.
INFO - 2022-07-23 14:01:23 --> CSRF token verified.
INFO - 2022-07-23 14:01:23 --> Session: Class initialized using 'CodeIgniter\Session\Handlers\DatabaseHandler' driver.
INFO - 2022-07-23 14:01:28 --> CSRF cookie sent.
INFO - 2022-07-23 14:01:28 --> CSRF token verified.
INFO - 2022-07-23 14:01:28 --> Session: Class initialized using 'CodeIgniter\Session\Handlers\DatabaseHandler' driver.
INFO - 2022-07-23 14:01:31 --> CSRF cookie sent.
INFO - 2022-07-23 14:01:31 --> CSRF token verified.
INFO - 2022-07-23 14:01:31 --> Session: Class initialized using 'CodeIgniter\Session\Handlers\DatabaseHandler' driver.
INFO - 2022-07-23 14:01:33 --> CSRF cookie sent.
INFO - 2022-07-23 14:01:33 --> CSRF token verified.
INFO - 2022-07-23 14:01:33 --> Session: Class initialized using 'CodeIgniter\Session\Handlers\DatabaseHandler' driver.
CRITICAL - 2022-07-23 14:01:34 --> Cannot declare class ComposerAutoloaderInite2ef0fecbfe119a4232e8c058ba02806, because the name is already in use
#0 [internal function]: CodeIgniter\Debug\Exceptions->shutdownHandler()
#1 {main}
CRITICAL - 2022-07-23 14:07:43 --> Cannot declare class ComposerAutoloaderInite2ef0fecbfe119a4232e8c058ba02806, because the name is already in use
#0 [internal function]: CodeIgniter\Debug\Exceptions->shutdownHandler()
#1 {main}
INFO - 2022-07-23 14:09:35 --> CSRF cookie sent.
INFO - 2022-07-23 14:09:37 --> Session: Class initialized using 'CodeIgniter\Session\Handlers\DatabaseHandler' driver.
INFO - 2022-07-23 14:09:39 --> CSRF cookie sent.
INFO - 2022-07-23 14:09:39 --> CSRF token verified.
INFO - 2022-07-23 14:09:39 --> CSRF cookie sent.
INFO - 2022-07-23 14:09:39 --> CSRF token verified.
INFO - 2022-07-23 14:09:39 --> Session: Class initialized using 'CodeIgniter\Session\Handlers\DatabaseHandler' driver.
INFO - 2022-07-23 14:09:39 --> Session: Class initialized using 'CodeIgniter\Session\Handlers\DatabaseHandler' driver.
INFO - 2022-07-23 14:09:41 --> CSRF cookie sent.
INFO - 2022-07-23 14:09:41 --> Session: Class initialized using 'CodeIgniter\Session\Handlers\DatabaseHandler' driver.
INFO - 2022-07-23 14:09:41 --> CSRF cookie sent.
INFO - 2022-07-23 14:09:41 --> CSRF token verified.
INFO - 2022-07-23 14:09:41 --> CSRF cookie sent.
INFO - 2022-07-23 14:09:41 --> CSRF token verified.
INFO - 2022-07-23 14:09:41 --> Session: Class initialized using 'CodeIgniter\Session\Handlers\DatabaseHandler' driver.
INFO - 2022-07-23 14:09:41 --> Session: Class initialized using 'CodeIgniter\Session\Handlers\DatabaseHandler' driver.
INFO - 2022-07-23 14:09:41 --> CSRF cookie sent.
INFO - 2022-07-23 14:09:41 --> CSRF token verified.
INFO - 2022-07-23 14:09:41 --> Session: Class initialized using 'CodeIgniter\Session\Handlers\DatabaseHandler' driver.
INFO - 2022-07-23 14:09:46 --> CSRF cookie sent.
INFO - 2022-07-23 14:09:46 --> CSRF token verified.
INFO - 2022-07-23 14:09:48 --> Session: Class initialized using 'CodeIgniter\Session\Handlers\DatabaseHandler' driver.
INFO - 2022-07-23 14:09:54 --> CSRF cookie sent.
INFO - 2022-07-23 14:09:54 --> CSRF token verified.
INFO - 2022-07-23 14:09:54 --> Session: Class initialized using 'CodeIgniter\Session\Handlers\DatabaseHandler' driver.
INFO - 2022-07-23 14:09:59 --> CSRF cookie sent.
INFO - 2022-07-23 14:09:59 --> CSRF token verified.
INFO - 2022-07-23 14:09:59 --> Session: Class initialized using 'CodeIgniter\Session\Handlers\DatabaseHandler' driver.
INFO - 2022-07-23 14:10:04 --> CSRF cookie sent.
INFO - 2022-07-23 14:10:04 --> CSRF token verified.
INFO - 2022-07-23 14:10:04 --> Session: Class initialized using 'CodeIgniter\Session\Handlers\DatabaseHandler' driver.
INFO - 2022-07-23 14:10:09 --> CSRF cookie sent.
INFO - 2022-07-23 14:10:09 --> CSRF token verified.
INFO - 2022-07-23 14:10:09 --> Session: Class initialized using 'CodeIgniter\Session\Handlers\DatabaseHandler' driver.
INFO - 2022-07-23 14:10:14 --> CSRF cookie sent.
INFO - 2022-07-23 14:10:14 --> CSRF token verified.
INFO - 2022-07-23 14:10:14 --> Session: Class initialized using 'CodeIgniter\Session\Handlers\DatabaseHandler' driver.
INFO - 2022-07-23 14:10:20 --> CSRF cookie sent.
INFO - 2022-07-23 14:10:20 --> CSRF token verified.
INFO - 2022-07-23 14:10:20 --> Session: Class initialized using 'CodeIgniter\Session\Handlers\DatabaseHandler' driver.
INFO - 2022-07-23 14:10:25 --> CSRF cookie sent.
INFO - 2022-07-23 14:10:25 --> CSRF token verified.
INFO - 2022-07-23 14:10:25 --> Session: Class initialized using 'CodeIgniter\Session\Handlers\DatabaseHandler' driver.
INFO - 2022-07-23 14:10:30 --> CSRF cookie sent.
INFO - 2022-07-23 14:10:30 --> CSRF token verified.
INFO - 2022-07-23 14:10:30 --> Session: Class initialized using 'CodeIgniter\Session\Handlers\DatabaseHandler' driver.
INFO - 2022-07-23 14:10:35 --> CSRF cookie sent.
INFO - 2022-07-23 14:10:35 --> CSRF token verified.
INFO - 2022-07-23 14:10:35 --> Session: Class initialized using 'CodeIgniter\Session\Handlers\DatabaseHandler' driver.
INFO - 2022-07-23 14:10:40 --> CSRF cookie sent.
INFO - 2022-07-23 14:10:40 --> CSRF token verified.
INFO - 2022-07-23 14:10:40 --> Session: Class initialized using 'CodeIgniter\Session\Handlers\DatabaseHandler' driver.
INFO - 2022-07-23 14:10:45 --> CSRF cookie sent.
INFO - 2022-07-23 14:10:45 --> CSRF token verified.
INFO - 2022-07-23 14:10:45 --> Session: Class initialized using 'CodeIgniter\Session\Handlers\DatabaseHandler' driver.
INFO - 2022-07-23 14:10:50 --> CSRF cookie sent.
INFO - 2022-07-23 14:10:50 --> CSRF token verified.
INFO - 2022-07-23 14:10:50 --> Session: Class initialized using 'CodeIgniter\Session\Handlers\DatabaseHandler' driver.
INFO - 2022-07-23 14:10:55 --> CSRF cookie sent.
INFO - 2022-07-23 14:10:55 --> CSRF token verified.
INFO - 2022-07-23 14:10:55 --> Session: Class initialized using 'CodeIgniter\Session\Handlers\DatabaseHandler' driver.
INFO - 2022-07-23 14:11:00 --> CSRF cookie sent.
INFO - 2022-07-23 14:11:00 --> CSRF token verified.
INFO - 2022-07-23 14:11:00 --> Session: Class initialized using 'CodeIgniter\Session\Handlers\DatabaseHandler' driver.
INFO - 2022-07-23 14:11:06 --> CSRF cookie sent.
INFO - 2022-07-23 14:11:06 --> CSRF token verified.
INFO - 2022-07-23 14:11:06 --> Session: Class initialized using 'CodeIgniter\Session\Handlers\DatabaseHandler' driver.
INFO - 2022-07-23 14:11:11 --> CSRF cookie sent.
INFO - 2022-07-23 14:11:11 --> CSRF token verified.
INFO - 2022-07-23 14:11:11 --> Session: Class initialized using 'CodeIgniter\Session\Handlers\DatabaseHandler' driver.
INFO - 2022-07-23 14:11:16 --> CSRF cookie sent.
INFO - 2022-07-23 14:11:16 --> CSRF token verified.
INFO - 2022-07-23 14:11:16 --> Session: Class initialized using 'CodeIgniter\Session\Handlers\DatabaseHandler' driver.
INFO - 2022-07-23 14:11:21 --> CSRF cookie sent.
INFO - 2022-07-23 14:11:21 --> CSRF token verified.
INFO - 2022-07-23 14:11:21 --> Session: Class initialized using 'CodeIgniter\Session\Handlers\DatabaseHandler' driver.
INFO - 2022-07-23 14:11:26 --> CSRF cookie sent.
INFO - 2022-07-23 14:11:26 --> CSRF token verified.
INFO - 2022-07-23 14:11:26 --> Session: Class initialized using 'CodeIgniter\Session\Handlers\DatabaseHandler' driver.
INFO - 2022-07-23 14:11:31 --> CSRF cookie sent.
INFO - 2022-07-23 14:11:31 --> CSRF token verified.
INFO - 2022-07-23 14:11:31 --> Session: Class initialized using 'CodeIgniter\Session\Handlers\DatabaseHandler' driver.
INFO - 2022-07-23 14:11:36 --> CSRF cookie sent.
INFO - 2022-07-23 14:11:36 --> CSRF token verified.
INFO - 2022-07-23 14:11:36 --> Session: Class initialized using 'CodeIgniter\Session\Handlers\DatabaseHandler' driver.
INFO - 2022-07-23 14:11:41 --> CSRF cookie sent.
INFO - 2022-07-23 14:11:41 --> CSRF token verified.
INFO - 2022-07-23 14:11:41 --> Session: Class initialized using 'CodeIgniter\Session\Handlers\DatabaseHandler' driver.
INFO - 2022-07-23 14:11:46 --> CSRF cookie sent.
INFO - 2022-07-23 14:11:46 --> CSRF token verified.
INFO - 2022-07-23 14:11:47 --> Session: Class initialized using 'CodeIgniter\Session\Handlers\DatabaseHandler' driver.
INFO - 2022-07-23 14:11:49 --> CSRF cookie sent.
INFO - 2022-07-23 14:11:49 --> CSRF token verified.
INFO - 2022-07-23 14:11:49 --> Session: Class initialized using 'CodeIgniter\Session\Handlers\DatabaseHandler' driver.
INFO - 2022-07-23 14:11:52 --> CSRF cookie sent.
INFO - 2022-07-23 14:11:52 --> CSRF token verified.
INFO - 2022-07-23 14:11:52 --> Session: Class initialized using 'CodeIgniter\Session\Handlers\DatabaseHandler' driver.
INFO - 2022-07-23 14:11:57 --> CSRF cookie sent.
INFO - 2022-07-23 14:11:57 --> CSRF token verified.
INFO - 2022-07-23 14:11:57 --> Session: Class initialized using 'CodeIgniter\Session\Handlers\DatabaseHandler' driver.
INFO - 2022-07-23 14:11:59 --> CSRF cookie sent.
INFO - 2022-07-23 14:11:59 --> CSRF token verified.
INFO - 2022-07-23 14:11:59 --> Session: Class initialized using 'CodeIgniter\Session\Handlers\DatabaseHandler' driver.
CRITICAL - 2022-07-23 14:11:59 --> Call to undefined function App\Controllers\mysqli_querry()
#0 C:\xampp\htdocs\daxi\system\CodeIgniter.php(928): App\Controllers\Leads->save()
#1 C:\xampp\htdocs\daxi\system\CodeIgniter.php(436): CodeIgniter\CodeIgniter->runController(Object(App\Controllers\Leads))
#2 C:\xampp\htdocs\daxi\system\CodeIgniter.php(336): CodeIgniter\CodeIgniter->handleRequest(NULL, Object(Config\Cache), false)
#3 C:\xampp\htdocs\daxi\index.php(61): CodeIgniter\CodeIgniter->run()
#4 {main}
INFO - 2022-07-23 14:12:02 --> CSRF cookie sent.
INFO - 2022-07-23 14:12:02 --> CSRF token verified.
INFO - 2022-07-23 14:12:02 --> Session: Class initialized using 'CodeIgniter\Session\Handlers\DatabaseHandler' driver.
INFO - 2022-07-23 14:12:05 --> CSRF cookie sent.
INFO - 2022-07-23 14:12:05 --> Session: Class initialized using 'CodeIgniter\Session\Handlers\DatabaseHandler' driver.
INFO - 2022-07-23 14:12:05 --> CSRF cookie sent.
INFO - 2022-07-23 14:12:05 --> CSRF token verified.
INFO - 2022-07-23 14:12:05 --> CSRF cookie sent.
INFO - 2022-07-23 14:12:05 --> CSRF token verified.
INFO - 2022-07-23 14:12:05 --> CSRF cookie sent.
INFO - 2022-07-23 14:12:05 --> CSRF token verified.
INFO - 2022-07-23 14:12:05 --> Session: Class initialized using 'CodeIgniter\Session\Handlers\DatabaseHandler' driver.
INFO - 2022-07-23 14:12:05 --> Session: Class initialized using 'CodeIgniter\Session\Handlers\DatabaseHandler' driver.
INFO - 2022-07-23 14:12:05 --> Session: Class initialized using 'CodeIgniter\Session\Handlers\DatabaseHandler' driver.
INFO - 2022-07-23 14:12:10 --> CSRF cookie sent.
INFO - 2022-07-23 14:12:10 --> CSRF token verified.
INFO - 2022-07-23 14:12:11 --> Session: Class initialized using 'CodeIgniter\Session\Handlers\DatabaseHandler' driver.
INFO - 2022-07-23 14:12:17 --> CSRF cookie sent.
INFO - 2022-07-23 14:12:17 --> CSRF token verified.
INFO - 2022-07-23 14:12:17 --> Session: Class initialized using 'CodeIgniter\Session\Handlers\DatabaseHandler' driver.
INFO - 2022-07-23 14:12:22 --> CSRF cookie sent.
INFO - 2022-07-23 14:12:22 --> CSRF token verified.
INFO - 2022-07-23 14:12:22 --> Session: Class initialized using 'CodeIgniter\Session\Handlers\DatabaseHandler' driver.
INFO - 2022-07-23 14:12:27 --> CSRF cookie sent.
INFO - 2022-07-23 14:12:27 --> CSRF token verified.
INFO - 2022-07-23 14:12:27 --> Session: Class initialized using 'CodeIgniter\Session\Handlers\DatabaseHandler' driver.
INFO - 2022-07-23 14:12:32 --> CSRF cookie sent.
INFO - 2022-07-23 14:12:32 --> CSRF token verified.
INFO - 2022-07-23 14:12:32 --> Session: Class initialized using 'CodeIgniter\Session\Handlers\DatabaseHandler' driver.
INFO - 2022-07-23 14:12:38 --> CSRF cookie sent.
INFO - 2022-07-23 14:12:38 --> CSRF token verified.
INFO - 2022-07-23 14:12:38 --> Session: Class initialized using 'CodeIgniter\Session\Handlers\DatabaseHandler' driver.
INFO - 2022-07-23 14:12:43 --> CSRF cookie sent.
INFO - 2022-07-23 14:12:43 --> CSRF token verified.
INFO - 2022-07-23 14:12:43 --> Session: Class initialized using 'CodeIgniter\Session\Handlers\DatabaseHandler' driver.
INFO - 2022-07-23 14:12:48 --> CSRF cookie sent.
INFO - 2022-07-23 14:12:48 --> CSRF token verified.
INFO - 2022-07-23 14:12:48 --> Session: Class initialized using 'CodeIgniter\Session\Handlers\DatabaseHandler' driver.
INFO - 2022-07-23 14:12:53 --> CSRF cookie sent.
INFO - 2022-07-23 14:12:53 --> CSRF token verified.
INFO - 2022-07-23 14:12:53 --> Session: Class initialized using 'CodeIgniter\Session\Handlers\DatabaseHandler' driver.
INFO - 2022-07-23 14:12:58 --> CSRF cookie sent.
INFO - 2022-07-23 14:12:58 --> CSRF token verified.
INFO - 2022-07-23 14:12:58 --> Session: Class initialized using 'CodeIgniter\Session\Handlers\DatabaseHandler' driver.
INFO - 2022-07-23 14:13:03 --> CSRF cookie sent.
INFO - 2022-07-23 14:13:03 --> CSRF token verified.
INFO - 2022-07-23 14:13:03 --> Session: Class initialized using 'CodeIgniter\Session\Handlers\DatabaseHandler' driver.
INFO - 2022-07-23 14:13:08 --> CSRF cookie sent.
INFO - 2022-07-23 14:13:08 --> CSRF token verified.
INFO - 2022-07-23 14:13:08 --> Session: Class initialized using 'CodeIgniter\Session\Handlers\DatabaseHandler' driver.
INFO - 2022-07-23 14:13:14 --> CSRF cookie sent.
INFO - 2022-07-23 14:13:15 --> CSRF token verified.
INFO - 2022-07-23 14:13:15 --> Session: Class initialized using 'CodeIgniter\Session\Handlers\DatabaseHandler' driver.
INFO - 2022-07-23 14:13:21 --> CSRF cookie sent.
INFO - 2022-07-23 14:13:21 --> CSRF token verified.
INFO - 2022-07-23 14:13:21 --> Session: Class initialized using 'CodeIgniter\Session\Handlers\DatabaseHandler' driver.
INFO - 2022-07-23 14:13:27 --> CSRF cookie sent.
INFO - 2022-07-23 14:13:27 --> CSRF token verified.
INFO - 2022-07-23 14:13:27 --> Session: Class initialized using 'CodeIgniter\Session\Handlers\DatabaseHandler' driver.
INFO - 2022-07-23 14:13:33 --> CSRF cookie sent.
INFO - 2022-07-23 14:13:33 --> CSRF token verified.
INFO - 2022-07-23 14:13:33 --> Session: Class initialized using 'CodeIgniter\Session\Handlers\DatabaseHandler' driver.
INFO - 2022-07-23 14:13:39 --> CSRF cookie sent.
INFO - 2022-07-23 14:13:39 --> CSRF token verified.
INFO - 2022-07-23 14:13:39 --> Session: Class initialized using 'CodeIgniter\Session\Handlers\DatabaseHandler' driver.
INFO - 2022-07-23 14:13:45 --> CSRF cookie sent.
INFO - 2022-07-23 14:13:45 --> CSRF token verified.
INFO - 2022-07-23 14:13:45 --> Session: Class initialized using 'CodeIgniter\Session\Handlers\DatabaseHandler' driver.
INFO - 2022-07-23 14:13:51 --> CSRF cookie sent.
INFO - 2022-07-23 14:13:51 --> CSRF token verified.
INFO - 2022-07-23 14:13:51 --> Session: Class initialized using 'CodeIgniter\Session\Handlers\DatabaseHandler' driver.
INFO - 2022-07-23 14:13:57 --> CSRF cookie sent.
INFO - 2022-07-23 14:13:57 --> CSRF token verified.
INFO - 2022-07-23 14:13:57 --> Session: Class initialized using 'CodeIgniter\Session\Handlers\DatabaseHandler' driver.
INFO - 2022-07-23 14:14:03 --> CSRF cookie sent.
INFO - 2022-07-23 14:14:03 --> CSRF token verified.
INFO - 2022-07-23 14:14:03 --> Session: Class initialized using 'CodeIgniter\Session\Handlers\DatabaseHandler' driver.
INFO - 2022-07-23 14:14:09 --> CSRF cookie sent.
INFO - 2022-07-23 14:14:09 --> CSRF token verified.
INFO - 2022-07-23 14:14:09 --> Session: Class initialized using 'CodeIgniter\Session\Handlers\DatabaseHandler' driver.
INFO - 2022-07-23 14:14:15 --> CSRF cookie sent.
INFO - 2022-07-23 14:14:15 --> CSRF token verified.
INFO - 2022-07-23 14:14:15 --> Session: Class initialized using 'CodeIgniter\Session\Handlers\DatabaseHandler' driver.
INFO - 2022-07-23 14:14:21 --> CSRF cookie sent.
INFO - 2022-07-23 14:14:21 --> CSRF token verified.
INFO - 2022-07-23 14:14:21 --> Session: Class initialized using 'CodeIgniter\Session\Handlers\DatabaseHandler' driver.
INFO - 2022-07-23 14:14:27 --> CSRF cookie sent.
INFO - 2022-07-23 14:14:27 --> CSRF token verified.
INFO - 2022-07-23 14:14:27 --> Session: Class initialized using 'CodeIgniter\Session\Handlers\DatabaseHandler' driver.
INFO - 2022-07-23 14:14:33 --> CSRF cookie sent.
INFO - 2022-07-23 14:14:33 --> CSRF token verified.
INFO - 2022-07-23 14:14:33 --> Session: Class initialized using 'CodeIgniter\Session\Handlers\DatabaseHandler' driver.
INFO - 2022-07-23 14:14:39 --> CSRF cookie sent.
INFO - 2022-07-23 14:14:39 --> CSRF token verified.
INFO - 2022-07-23 14:14:39 --> Session: Class initialized using 'CodeIgniter\Session\Handlers\DatabaseHandler' driver.
INFO - 2022-07-23 14:14:45 --> CSRF cookie sent.
INFO - 2022-07-23 14:14:45 --> CSRF token verified.
INFO - 2022-07-23 14:14:45 --> Session: Class initialized using 'CodeIgniter\Session\Handlers\DatabaseHandler' driver.
INFO - 2022-07-23 14:14:51 --> CSRF cookie sent.
INFO - 2022-07-23 14:14:51 --> CSRF token verified.
INFO - 2022-07-23 14:14:51 --> Session: Class initialized using 'CodeIgniter\Session\Handlers\DatabaseHandler' driver.
INFO - 2022-07-23 14:14:57 --> CSRF cookie sent.
INFO - 2022-07-23 14:14:57 --> CSRF token verified.
INFO - 2022-07-23 14:14:57 --> Session: Class initialized using 'CodeIgniter\Session\Handlers\DatabaseHandler' driver.
INFO - 2022-07-23 14:15:03 --> CSRF cookie sent.
INFO - 2022-07-23 14:15:03 --> CSRF token verified.
INFO - 2022-07-23 14:15:03 --> Session: Class initialized using 'CodeIgniter\Session\Handlers\DatabaseHandler' driver.
INFO - 2022-07-23 14:15:09 --> CSRF cookie sent.
INFO - 2022-07-23 14:15:09 --> CSRF token verified.
INFO - 2022-07-23 14:15:09 --> Session: Class initialized using 'CodeIgniter\Session\Handlers\DatabaseHandler' driver.
INFO - 2022-07-23 14:15:15 --> CSRF cookie sent.
INFO - 2022-07-23 14:15:15 --> CSRF token verified.
INFO - 2022-07-23 14:15:15 --> Session: Class initialized using 'CodeIgniter\Session\Handlers\DatabaseHandler' driver.
INFO - 2022-07-23 14:15:21 --> CSRF cookie sent.
INFO - 2022-07-23 14:15:21 --> CSRF token verified.
INFO - 2022-07-23 14:15:21 --> Session: Class initialized using 'CodeIgniter\Session\Handlers\DatabaseHandler' driver.
INFO - 2022-07-23 14:15:27 --> CSRF cookie sent.
INFO - 2022-07-23 14:15:27 --> CSRF token verified.
INFO - 2022-07-23 14:15:27 --> Session: Class initialized using 'CodeIgniter\Session\Handlers\DatabaseHandler' driver.
INFO - 2022-07-23 14:15:33 --> CSRF cookie sent.
INFO - 2022-07-23 14:15:33 --> CSRF token verified.
INFO - 2022-07-23 14:15:33 --> Session: Class initialized using 'CodeIgniter\Session\Handlers\DatabaseHandler' driver.
INFO - 2022-07-23 14:15:39 --> CSRF cookie sent.
INFO - 2022-07-23 14:15:39 --> CSRF token verified.
INFO - 2022-07-23 14:15:39 --> Session: Class initialized using 'CodeIgniter\Session\Handlers\DatabaseHandler' driver.
INFO - 2022-07-23 14:15:45 --> CSRF cookie sent.
INFO - 2022-07-23 14:15:45 --> CSRF token verified.
INFO - 2022-07-23 14:15:45 --> Session: Class initialized using 'CodeIgniter\Session\Handlers\DatabaseHandler' driver.
INFO - 2022-07-23 14:15:51 --> CSRF cookie sent.
INFO - 2022-07-23 14:15:51 --> CSRF token verified.
INFO - 2022-07-23 14:15:51 --> Session: Class initialized using 'CodeIgniter\Session\Handlers\DatabaseHandler' driver.
INFO - 2022-07-23 14:15:57 --> CSRF cookie sent.
INFO - 2022-07-23 14:15:57 --> CSRF token verified.
INFO - 2022-07-23 14:15:57 --> Session: Class initialized using 'CodeIgniter\Session\Handlers\DatabaseHandler' driver.
INFO - 2022-07-23 14:16:03 --> CSRF cookie sent.
INFO - 2022-07-23 14:16:03 --> CSRF token verified.
INFO - 2022-07-23 14:16:03 --> Session: Class initialized using 'CodeIgniter\Session\Handlers\DatabaseHandler' driver.
INFO - 2022-07-23 14:16:09 --> CSRF cookie sent.
INFO - 2022-07-23 14:16:09 --> CSRF token verified.
INFO - 2022-07-23 14:16:09 --> Session: Class initialized using 'CodeIgniter\Session\Handlers\DatabaseHandler' driver.
INFO - 2022-07-23 14:16:15 --> CSRF cookie sent.
INFO - 2022-07-23 14:16:15 --> CSRF token verified.
INFO - 2022-07-23 14:16:15 --> Session: Class initialized using 'CodeIgniter\Session\Handlers\DatabaseHandler' driver.
INFO - 2022-07-23 14:16:21 --> CSRF cookie sent.
INFO - 2022-07-23 14:16:21 --> CSRF token verified.
INFO - 2022-07-23 14:16:21 --> Session: Class initialized using 'CodeIgniter\Session\Handlers\DatabaseHandler' driver.
INFO - 2022-07-23 14:16:27 --> CSRF cookie sent.
INFO - 2022-07-23 14:16:27 --> CSRF token verified.
INFO - 2022-07-23 14:16:27 --> Session: Class initialized using 'CodeIgniter\Session\Handlers\DatabaseHandler' driver.
INFO - 2022-07-23 14:16:33 --> CSRF cookie sent.
INFO - 2022-07-23 14:16:33 --> CSRF token verified.
INFO - 2022-07-23 14:16:33 --> Session: Class initialized using 'CodeIgniter\Session\Handlers\DatabaseHandler' driver.
INFO - 2022-07-23 14:16:39 --> CSRF cookie sent.
INFO - 2022-07-23 14:16:39 --> CSRF token verified.
INFO - 2022-07-23 14:16:39 --> Session: Class initialized using 'CodeIgniter\Session\Handlers\DatabaseHandler' driver.
INFO - 2022-07-23 14:16:45 --> CSRF cookie sent.
INFO - 2022-07-23 14:16:45 --> CSRF token verified.
INFO - 2022-07-23 14:16:45 --> Session: Class initialized using 'CodeIgniter\Session\Handlers\DatabaseHandler' driver.
INFO - 2022-07-23 14:16:51 --> CSRF cookie sent.
INFO - 2022-07-23 14:16:51 --> CSRF token verified.
INFO - 2022-07-23 14:16:51 --> Session: Class initialized using 'CodeIgniter\Session\Handlers\DatabaseHandler' driver.
INFO - 2022-07-23 14:16:57 --> CSRF cookie sent.
INFO - 2022-07-23 14:16:57 --> CSRF token verified.
INFO - 2022-07-23 14:16:57 --> Session: Class initialized using 'CodeIgniter\Session\Handlers\DatabaseHandler' driver.
INFO - 2022-07-23 14:17:03 --> CSRF cookie sent.
INFO - 2022-07-23 14:17:03 --> CSRF token verified.
INFO - 2022-07-23 14:17:03 --> Session: Class initialized using 'CodeIgniter\Session\Handlers\DatabaseHandler' driver.
INFO - 2022-07-23 14:17:09 --> CSRF cookie sent.
INFO - 2022-07-23 14:17:09 --> CSRF token verified.
INFO - 2022-07-23 14:17:09 --> Session: Class initialized using 'CodeIgniter\Session\Handlers\DatabaseHandler' driver.
INFO - 2022-07-23 14:17:15 --> CSRF cookie sent.
INFO - 2022-07-23 14:17:15 --> CSRF token verified.
INFO - 2022-07-23 14:17:15 --> Session: Class initialized using 'CodeIgniter\Session\Handlers\DatabaseHandler' driver.
INFO - 2022-07-23 14:17:21 --> CSRF cookie sent.
INFO - 2022-07-23 14:17:21 --> CSRF token verified.
INFO - 2022-07-23 14:17:21 --> Session: Class initialized using 'CodeIgniter\Session\Handlers\DatabaseHandler' driver.
INFO - 2022-07-23 14:17:27 --> CSRF cookie sent.
INFO - 2022-07-23 14:17:27 --> CSRF token verified.
INFO - 2022-07-23 14:17:27 --> Session: Class initialized using 'CodeIgniter\Session\Handlers\DatabaseHandler' driver.
INFO - 2022-07-23 14:17:33 --> CSRF cookie sent.
INFO - 2022-07-23 14:17:33 --> CSRF token verified.
INFO - 2022-07-23 14:17:33 --> Session: Class initialized using 'CodeIgniter\Session\Handlers\DatabaseHandler' driver.
INFO - 2022-07-23 14:17:39 --> CSRF cookie sent.
INFO - 2022-07-23 14:17:39 --> CSRF token verified.
INFO - 2022-07-23 14:17:39 --> Session: Class initialized using 'CodeIgniter\Session\Handlers\DatabaseHandler' driver.
INFO - 2022-07-23 14:17:45 --> CSRF cookie sent.
INFO - 2022-07-23 14:17:45 --> CSRF token verified.
INFO - 2022-07-23 14:17:45 --> Session: Class initialized using 'CodeIgniter\Session\Handlers\DatabaseHandler' driver.
INFO - 2022-07-23 14:17:51 --> CSRF cookie sent.
INFO - 2022-07-23 14:17:51 --> CSRF token verified.
INFO - 2022-07-23 14:17:51 --> Session: Class initialized using 'CodeIgniter\Session\Handlers\DatabaseHandler' driver.
INFO - 2022-07-23 14:17:57 --> CSRF cookie sent.
INFO - 2022-07-23 14:17:57 --> CSRF token verified.
INFO - 2022-07-23 14:17:57 --> Session: Class initialized using 'CodeIgniter\Session\Handlers\DatabaseHandler' driver.
INFO - 2022-07-23 14:18:03 --> CSRF cookie sent.
INFO - 2022-07-23 14:18:03 --> CSRF token verified.
INFO - 2022-07-23 14:18:03 --> Session: Class initialized using 'CodeIgniter\Session\Handlers\DatabaseHandler' driver.
INFO - 2022-07-23 14:18:09 --> CSRF cookie sent.
INFO - 2022-07-23 14:18:09 --> CSRF token verified.
INFO - 2022-07-23 14:18:09 --> Session: Class initialized using 'CodeIgniter\Session\Handlers\DatabaseHandler' driver.
INFO - 2022-07-23 14:18:15 --> CSRF cookie sent.
INFO - 2022-07-23 14:18:15 --> CSRF token verified.
INFO - 2022-07-23 14:18:15 --> Session: Class initialized using 'CodeIgniter\Session\Handlers\DatabaseHandler' driver.
INFO - 2022-07-23 14:18:21 --> CSRF cookie sent.
INFO - 2022-07-23 14:18:21 --> CSRF token verified.
INFO - 2022-07-23 14:18:21 --> Session: Class initialized using 'CodeIgniter\Session\Handlers\DatabaseHandler' driver.
INFO - 2022-07-23 14:18:26 --> CSRF cookie sent.
INFO - 2022-07-23 14:18:26 --> CSRF token verified.
INFO - 2022-07-23 14:18:26 --> Session: Class initialized using 'CodeIgniter\Session\Handlers\DatabaseHandler' driver.
INFO - 2022-07-23 14:18:31 --> CSRF cookie sent.
INFO - 2022-07-23 14:18:31 --> CSRF token verified.
INFO - 2022-07-23 14:18:31 --> Session: Class initialized using 'CodeIgniter\Session\Handlers\DatabaseHandler' driver.
INFO - 2022-07-23 14:18:36 --> CSRF cookie sent.
INFO - 2022-07-23 14:18:36 --> CSRF token verified.
INFO - 2022-07-23 14:18:36 --> Session: Class initialized using 'CodeIgniter\Session\Handlers\DatabaseHandler' driver.
INFO - 2022-07-23 14:18:41 --> CSRF cookie sent.
INFO - 2022-07-23 14:18:41 --> CSRF token verified.
INFO - 2022-07-23 14:18:42 --> Session: Class initialized using 'CodeIgniter\Session\Handlers\DatabaseHandler' driver.
INFO - 2022-07-23 14:18:47 --> CSRF cookie sent.
INFO - 2022-07-23 14:18:47 --> CSRF token verified.
INFO - 2022-07-23 14:18:47 --> Session: Class initialized using 'CodeIgniter\Session\Handlers\DatabaseHandler' driver.
INFO - 2022-07-23 14:18:52 --> CSRF cookie sent.
INFO - 2022-07-23 14:18:52 --> CSRF token verified.
INFO - 2022-07-23 14:18:52 --> Session: Class initialized using 'CodeIgniter\Session\Handlers\DatabaseHandler' driver.
INFO - 2022-07-23 14:18:57 --> CSRF cookie sent.
INFO - 2022-07-23 14:18:57 --> CSRF token verified.
INFO - 2022-07-23 14:18:57 --> Session: Class initialized using 'CodeIgniter\Session\Handlers\DatabaseHandler' driver.
INFO - 2022-07-23 14:19:02 --> CSRF cookie sent.
INFO - 2022-07-23 14:19:02 --> CSRF token verified.
INFO - 2022-07-23 14:19:02 --> Session: Class initialized using 'CodeIgniter\Session\Handlers\DatabaseHandler' driver.
INFO - 2022-07-23 14:19:07 --> CSRF cookie sent.
INFO - 2022-07-23 14:19:07 --> CSRF token verified.
INFO - 2022-07-23 14:19:07 --> Session: Class initialized using 'CodeIgniter\Session\Handlers\DatabaseHandler' driver.
INFO - 2022-07-23 14:19:12 --> CSRF cookie sent.
INFO - 2022-07-23 14:19:12 --> CSRF token verified.
INFO - 2022-07-23 14:19:12 --> Session: Class initialized using 'CodeIgniter\Session\Handlers\DatabaseHandler' driver.
INFO - 2022-07-23 14:19:17 --> CSRF cookie sent.
INFO - 2022-07-23 14:19:17 --> CSRF token verified.
INFO - 2022-07-23 14:19:17 --> Session: Class initialized using 'CodeIgniter\Session\Handlers\DatabaseHandler' driver.
INFO - 2022-07-23 14:19:23 --> CSRF cookie sent.
INFO - 2022-07-23 14:19:23 --> CSRF token verified.
INFO - 2022-07-23 14:19:23 --> Session: Class initialized using 'CodeIgniter\Session\Handlers\DatabaseHandler' driver.
INFO - 2022-07-23 14:19:28 --> CSRF cookie sent.
INFO - 2022-07-23 14:19:28 --> CSRF token verified.
INFO - 2022-07-23 14:19:28 --> Session: Class initialized using 'CodeIgniter\Session\Handlers\DatabaseHandler' driver.
INFO - 2022-07-23 14:19:33 --> CSRF cookie sent.
INFO - 2022-07-23 14:19:33 --> CSRF token verified.
INFO - 2022-07-23 14:19:33 --> Session: Class initialized using 'CodeIgniter\Session\Handlers\DatabaseHandler' driver.
INFO - 2022-07-23 14:19:38 --> CSRF cookie sent.
INFO - 2022-07-23 14:19:38 --> CSRF token verified.
INFO - 2022-07-23 14:19:38 --> Session: Class initialized using 'CodeIgniter\Session\Handlers\DatabaseHandler' driver.
INFO - 2022-07-23 14:19:43 --> CSRF cookie sent.
INFO - 2022-07-23 14:19:43 --> CSRF token verified.
INFO - 2022-07-23 14:19:43 --> Session: Class initialized using 'CodeIgniter\Session\Handlers\DatabaseHandler' driver.
INFO - 2022-07-23 14:19:48 --> CSRF cookie sent.
INFO - 2022-07-23 14:19:48 --> CSRF token verified.
INFO - 2022-07-23 14:19:48 --> Session: Class initialized using 'CodeIgniter\Session\Handlers\DatabaseHandler' driver.
INFO - 2022-07-23 14:19:53 --> CSRF cookie sent.
INFO - 2022-07-23 14:19:53 --> CSRF token verified.
INFO - 2022-07-23 14:19:53 --> Session: Class initialized using 'CodeIgniter\Session\Handlers\DatabaseHandler' driver.
INFO - 2022-07-23 14:19:58 --> CSRF cookie sent.
INFO - 2022-07-23 14:19:58 --> CSRF token verified.
INFO - 2022-07-23 14:19:58 --> Session: Class initialized using 'CodeIgniter\Session\Handlers\DatabaseHandler' driver.
INFO - 2022-07-23 14:20:04 --> CSRF cookie sent.
INFO - 2022-07-23 14:20:04 --> CSRF token verified.
INFO - 2022-07-23 14:20:04 --> Session: Class initialized using 'CodeIgniter\Session\Handlers\DatabaseHandler' driver.
INFO - 2022-07-23 14:20:09 --> CSRF cookie sent.
INFO - 2022-07-23 14:20:09 --> CSRF token verified.
INFO - 2022-07-23 14:20:09 --> Session: Class initialized using 'CodeIgniter\Session\Handlers\DatabaseHandler' driver.
INFO - 2022-07-23 14:20:14 --> CSRF cookie sent.
INFO - 2022-07-23 14:20:14 --> CSRF token verified.
INFO - 2022-07-23 14:20:14 --> Session: Class initialized using 'CodeIgniter\Session\Handlers\DatabaseHandler' driver.
INFO - 2022-07-23 14:20:19 --> CSRF cookie sent.
INFO - 2022-07-23 14:20:19 --> CSRF token verified.
INFO - 2022-07-23 14:20:19 --> Session: Class initialized using 'CodeIgniter\Session\Handlers\DatabaseHandler' driver.
INFO - 2022-07-23 14:20:24 --> CSRF cookie sent.
INFO - 2022-07-23 14:20:24 --> CSRF token verified.
INFO - 2022-07-23 14:20:24 --> Session: Class initialized using 'CodeIgniter\Session\Handlers\DatabaseHandler' driver.
INFO - 2022-07-23 14:20:29 --> CSRF cookie sent.
INFO - 2022-07-23 14:20:29 --> CSRF token verified.
INFO - 2022-07-23 14:20:29 --> Session: Class initialized using 'CodeIgniter\Session\Handlers\DatabaseHandler' driver.
INFO - 2022-07-23 14:20:34 --> CSRF cookie sent.
INFO - 2022-07-23 14:20:34 --> CSRF token verified.
INFO - 2022-07-23 14:20:34 --> Session: Class initialized using 'CodeIgniter\Session\Handlers\DatabaseHandler' driver.
INFO - 2022-07-23 14:20:39 --> CSRF cookie sent.
INFO - 2022-07-23 14:20:39 --> CSRF token verified.
INFO - 2022-07-23 14:20:39 --> Session: Class initialized using 'CodeIgniter\Session\Handlers\DatabaseHandler' driver.
INFO - 2022-07-23 14:20:44 --> CSRF cookie sent.
INFO - 2022-07-23 14:20:44 --> CSRF token verified.
INFO - 2022-07-23 14:20:45 --> Session: Class initialized using 'CodeIgniter\Session\Handlers\DatabaseHandler' driver.
INFO - 2022-07-23 14:20:50 --> CSRF cookie sent.
INFO - 2022-07-23 14:20:50 --> CSRF token verified.
INFO - 2022-07-23 14:20:50 --> Session: Class initialized using 'CodeIgniter\Session\Handlers\DatabaseHandler' driver.
INFO - 2022-07-23 14:20:55 --> CSRF cookie sent.
INFO - 2022-07-23 14:20:55 --> CSRF token verified.
INFO - 2022-07-23 14:20:55 --> Session: Class initialized using 'CodeIgniter\Session\Handlers\DatabaseHandler' driver.
INFO - 2022-07-23 14:21:00 --> CSRF cookie sent.
INFO - 2022-07-23 14:21:00 --> CSRF token verified.
INFO - 2022-07-23 14:21:00 --> Session: Class initialized using 'CodeIgniter\Session\Handlers\DatabaseHandler' driver.
INFO - 2022-07-23 14:21:05 --> CSRF cookie sent.
INFO - 2022-07-23 14:21:05 --> CSRF token verified.
INFO - 2022-07-23 14:21:05 --> Session: Class initialized using 'CodeIgniter\Session\Handlers\DatabaseHandler' driver.
INFO - 2022-07-23 14:21:10 --> CSRF cookie sent.
INFO - 2022-07-23 14:21:10 --> CSRF token verified.
INFO - 2022-07-23 14:21:10 --> Session: Class initialized using 'CodeIgniter\Session\Handlers\DatabaseHandler' driver.
INFO - 2022-07-23 14:21:15 --> CSRF cookie sent.
INFO - 2022-07-23 14:21:15 --> CSRF token verified.
INFO - 2022-07-23 14:21:15 --> Session: Class initialized using 'CodeIgniter\Session\Handlers\DatabaseHandler' driver.
INFO - 2022-07-23 14:21:20 --> CSRF cookie sent.
INFO - 2022-07-23 14:21:20 --> CSRF token verified.
INFO - 2022-07-23 14:21:20 --> Session: Class initialized using 'CodeIgniter\Session\Handlers\DatabaseHandler' driver.
INFO - 2022-07-23 14:21:25 --> CSRF cookie sent.
INFO - 2022-07-23 14:21:25 --> CSRF token verified.
INFO - 2022-07-23 14:21:25 --> Session: Class initialized using 'CodeIgniter\Session\Handlers\DatabaseHandler' driver.
INFO - 2022-07-23 14:21:30 --> CSRF cookie sent.
INFO - 2022-07-23 14:21:30 --> CSRF token verified.
INFO - 2022-07-23 14:21:31 --> Session: Class initialized using 'CodeIgniter\Session\Handlers\DatabaseHandler' driver.
INFO - 2022-07-23 14:21:36 --> CSRF cookie sent.
INFO - 2022-07-23 14:21:36 --> CSRF token verified.
INFO - 2022-07-23 14:21:36 --> Session: Class initialized using 'CodeIgniter\Session\Handlers\DatabaseHandler' driver.
INFO - 2022-07-23 14:21:41 --> CSRF cookie sent.
INFO - 2022-07-23 14:21:41 --> CSRF token verified.
INFO - 2022-07-23 14:21:41 --> Session: Class initialized using 'CodeIgniter\Session\Handlers\DatabaseHandler' driver.
INFO - 2022-07-23 14:21:46 --> CSRF cookie sent.
INFO - 2022-07-23 14:21:46 --> CSRF token verified.
INFO - 2022-07-23 14:21:46 --> Session: Class initialized using 'CodeIgniter\Session\Handlers\DatabaseHandler' driver.
INFO - 2022-07-23 14:21:51 --> CSRF cookie sent.
INFO - 2022-07-23 14:21:51 --> CSRF token verified.
INFO - 2022-07-23 14:21:51 --> Session: Class initialized using 'CodeIgniter\Session\Handlers\DatabaseHandler' driver.
INFO - 2022-07-23 14:21:56 --> CSRF cookie sent.
INFO - 2022-07-23 14:21:56 --> CSRF token verified.
INFO - 2022-07-23 14:21:56 --> Session: Class initialized using 'CodeIgniter\Session\Handlers\DatabaseHandler' driver.
INFO - 2022-07-23 14:22:01 --> CSRF cookie sent.
INFO - 2022-07-23 14:22:01 --> CSRF token verified.
INFO - 2022-07-23 14:22:01 --> Session: Class initialized using 'CodeIgniter\Session\Handlers\DatabaseHandler' driver.
INFO - 2022-07-23 14:22:06 --> CSRF cookie sent.
INFO - 2022-07-23 14:22:06 --> CSRF token verified.
INFO - 2022-07-23 14:22:06 --> Session: Class initialized using 'CodeIgniter\Session\Handlers\DatabaseHandler' driver.
INFO - 2022-07-23 14:22:12 --> CSRF cookie sent.
INFO - 2022-07-23 14:22:12 --> CSRF token verified.
INFO - 2022-07-23 14:22:12 --> Session: Class initialized using 'CodeIgniter\Session\Handlers\DatabaseHandler' driver.
INFO - 2022-07-23 14:22:17 --> CSRF cookie sent.
INFO - 2022-07-23 14:22:17 --> CSRF token verified.
INFO - 2022-07-23 14:22:17 --> Session: Class initialized using 'CodeIgniter\Session\Handlers\DatabaseHandler' driver.
INFO - 2022-07-23 14:22:22 --> CSRF cookie sent.
INFO - 2022-07-23 14:22:22 --> CSRF token verified.
INFO - 2022-07-23 14:22:22 --> Session: Class initialized using 'CodeIgniter\Session\Handlers\DatabaseHandler' driver.
INFO - 2022-07-23 14:22:27 --> CSRF cookie sent.
INFO - 2022-07-23 14:22:27 --> CSRF token verified.
INFO - 2022-07-23 14:22:27 --> Session: Class initialized using 'CodeIgniter\Session\Handlers\DatabaseHandler' driver.
INFO - 2022-07-23 14:22:32 --> CSRF cookie sent.
INFO - 2022-07-23 14:22:32 --> CSRF token verified.
INFO - 2022-07-23 14:22:32 --> Session: Class initialized using 'CodeIgniter\Session\Handlers\DatabaseHandler' driver.
INFO - 2022-07-23 14:22:38 --> CSRF cookie sent.
INFO - 2022-07-23 14:22:38 --> CSRF token verified.
INFO - 2022-07-23 14:22:38 --> Session: Class initialized using 'CodeIgniter\Session\Handlers\DatabaseHandler' driver.
INFO - 2022-07-23 14:22:44 --> CSRF cookie sent.
INFO - 2022-07-23 14:22:44 --> CSRF token verified.
INFO - 2022-07-23 14:22:44 --> Session: Class initialized using 'CodeIgniter\Session\Handlers\DatabaseHandler' driver.
INFO - 2022-07-23 14:22:50 --> CSRF cookie sent.
INFO - 2022-07-23 14:22:50 --> CSRF token verified.
INFO - 2022-07-23 14:22:50 --> Session: Class initialized using 'CodeIgniter\Session\Handlers\DatabaseHandler' driver.
INFO - 2022-07-23 14:22:56 --> CSRF cookie sent.
INFO - 2022-07-23 14:22:56 --> CSRF token verified.
INFO - 2022-07-23 14:22:56 --> Session: Class initialized using 'CodeIgniter\Session\Handlers\DatabaseHandler' driver.
INFO - 2022-07-23 14:23:01 --> CSRF cookie sent.
INFO - 2022-07-23 14:23:01 --> CSRF token verified.
INFO - 2022-07-23 14:23:01 --> Session: Class initialized using 'CodeIgniter\Session\Handlers\DatabaseHandler' driver.
INFO - 2022-07-23 14:23:07 --> CSRF cookie sent.
INFO - 2022-07-23 14:23:07 --> CSRF token verified.
INFO - 2022-07-23 14:23:07 --> Session: Class initialized using 'CodeIgniter\Session\Handlers\DatabaseHandler' driver.
INFO - 2022-07-23 14:23:13 --> CSRF cookie sent.
INFO - 2022-07-23 14:23:13 --> CSRF token verified.
INFO - 2022-07-23 14:23:13 --> Session: Class initialized using 'CodeIgniter\Session\Handlers\DatabaseHandler' driver.
INFO - 2022-07-23 14:23:19 --> CSRF cookie sent.
INFO - 2022-07-23 14:23:19 --> CSRF token verified.
INFO - 2022-07-23 14:23:19 --> Session: Class initialized using 'CodeIgniter\Session\Handlers\DatabaseHandler' driver.
INFO - 2022-07-23 14:23:25 --> CSRF cookie sent.
INFO - 2022-07-23 14:23:25 --> CSRF token verified.
INFO - 2022-07-23 14:23:25 --> Session: Class initialized using 'CodeIgniter\Session\Handlers\DatabaseHandler' driver.
INFO - 2022-07-23 14:23:31 --> CSRF cookie sent.
INFO - 2022-07-23 14:23:31 --> CSRF token verified.
INFO - 2022-07-23 14:23:31 --> Session: Class initialized using 'CodeIgniter\Session\Handlers\DatabaseHandler' driver.
INFO - 2022-07-23 14:23:37 --> CSRF cookie sent.
INFO - 2022-07-23 14:23:37 --> CSRF token verified.
INFO - 2022-07-23 14:23:37 --> Session: Class initialized using 'CodeIgniter\Session\Handlers\DatabaseHandler' driver.
INFO - 2022-07-23 14:23:43 --> CSRF cookie sent.
INFO - 2022-07-23 14:23:43 --> CSRF token verified.
INFO - 2022-07-23 14:23:43 --> Session: Class initialized using 'CodeIgniter\Session\Handlers\DatabaseHandler' driver.
INFO - 2022-07-23 14:23:49 --> CSRF cookie sent.
INFO - 2022-07-23 14:23:49 --> CSRF token verified.
INFO - 2022-07-23 14:23:49 --> Session: Class initialized using 'CodeIgniter\Session\Handlers\DatabaseHandler' driver.
INFO - 2022-07-23 14:23:55 --> CSRF cookie sent.
INFO - 2022-07-23 14:23:55 --> CSRF token verified.
INFO - 2022-07-23 14:23:55 --> Session: Class initialized using 'CodeIgniter\Session\Handlers\DatabaseHandler' driver.
INFO - 2022-07-23 14:24:01 --> CSRF cookie sent.
INFO - 2022-07-23 14:24:01 --> CSRF token verified.
INFO - 2022-07-23 14:24:01 --> Session: Class initialized using 'CodeIgniter\Session\Handlers\DatabaseHandler' driver.
INFO - 2022-07-23 14:24:07 --> CSRF cookie sent.
INFO - 2022-07-23 14:24:07 --> CSRF token verified.
INFO - 2022-07-23 14:24:07 --> Session: Class initialized using 'CodeIgniter\Session\Handlers\DatabaseHandler' driver.
INFO - 2022-07-23 14:24:13 --> CSRF cookie sent.
INFO - 2022-07-23 14:24:13 --> CSRF token verified.
INFO - 2022-07-23 14:24:13 --> Session: Class initialized using 'CodeIgniter\Session\Handlers\DatabaseHandler' driver.
INFO - 2022-07-23 14:24:19 --> CSRF cookie sent.
INFO - 2022-07-23 14:24:19 --> CSRF token verified.
INFO - 2022-07-23 14:24:19 --> Session: Class initialized using 'CodeIgniter\Session\Handlers\DatabaseHandler' driver.
INFO - 2022-07-23 14:24:25 --> CSRF cookie sent.
INFO - 2022-07-23 14:24:25 --> CSRF token verified.
INFO - 2022-07-23 14:24:25 --> Session: Class initialized using 'CodeIgniter\Session\Handlers\DatabaseHandler' driver.
INFO - 2022-07-23 14:24:31 --> CSRF cookie sent.
INFO - 2022-07-23 14:24:31 --> CSRF token verified.
INFO - 2022-07-23 14:24:31 --> Session: Class initialized using 'CodeIgniter\Session\Handlers\DatabaseHandler' driver.
INFO - 2022-07-23 14:24:37 --> CSRF cookie sent.
INFO - 2022-07-23 14:24:37 --> CSRF token verified.
INFO - 2022-07-23 14:24:37 --> Session: Class initialized using 'CodeIgniter\Session\Handlers\DatabaseHandler' driver.
INFO - 2022-07-23 14:24:43 --> CSRF cookie sent.
INFO - 2022-07-23 14:24:43 --> CSRF token verified.
INFO - 2022-07-23 14:24:43 --> Session: Class initialized using 'CodeIgniter\Session\Handlers\DatabaseHandler' driver.
INFO - 2022-07-23 14:24:49 --> CSRF cookie sent.
INFO - 2022-07-23 14:24:49 --> CSRF token verified.
INFO - 2022-07-23 14:24:49 --> Session: Class initialized using 'CodeIgniter\Session\Handlers\DatabaseHandler' driver.
INFO - 2022-07-23 14:24:55 --> CSRF cookie sent.
INFO - 2022-07-23 14:24:55 --> CSRF token verified.
INFO - 2022-07-23 14:24:55 --> Session: Class initialized using 'CodeIgniter\Session\Handlers\DatabaseHandler' driver.
INFO - 2022-07-23 14:25:01 --> CSRF cookie sent.
INFO - 2022-07-23 14:25:01 --> CSRF token verified.
INFO - 2022-07-23 14:25:01 --> Session: Class initialized using 'CodeIgniter\Session\Handlers\DatabaseHandler' driver.
INFO - 2022-07-23 14:25:07 --> CSRF cookie sent.
INFO - 2022-07-23 14:25:07 --> CSRF token verified.
INFO - 2022-07-23 14:25:07 --> Session: Class initialized using 'CodeIgniter\Session\Handlers\DatabaseHandler' driver.
INFO - 2022-07-23 14:25:13 --> CSRF cookie sent.
INFO - 2022-07-23 14:25:13 --> CSRF token verified.
INFO - 2022-07-23 14:25:13 --> Session: Class initialized using 'CodeIgniter\Session\Handlers\DatabaseHandler' driver.
INFO - 2022-07-23 14:25:19 --> CSRF cookie sent.
INFO - 2022-07-23 14:25:19 --> CSRF token verified.
INFO - 2022-07-23 14:25:19 --> Session: Class initialized using 'CodeIgniter\Session\Handlers\DatabaseHandler' driver.
INFO - 2022-07-23 14:25:25 --> CSRF cookie sent.
INFO - 2022-07-23 14:25:25 --> CSRF token verified.
INFO - 2022-07-23 14:25:25 --> Session: Class initialized using 'CodeIgniter\Session\Handlers\DatabaseHandler' driver.
INFO - 2022-07-23 14:25:31 --> CSRF cookie sent.
INFO - 2022-07-23 14:25:31 --> CSRF token verified.
INFO - 2022-07-23 14:25:31 --> Session: Class initialized using 'CodeIgniter\Session\Handlers\DatabaseHandler' driver.
INFO - 2022-07-23 14:25:37 --> CSRF cookie sent.
INFO - 2022-07-23 14:25:37 --> CSRF token verified.
INFO - 2022-07-23 14:25:37 --> Session: Class initialized using 'CodeIgniter\Session\Handlers\DatabaseHandler' driver.
INFO - 2022-07-23 14:25:43 --> CSRF cookie sent.
INFO - 2022-07-23 14:25:43 --> CSRF token verified.
INFO - 2022-07-23 14:25:43 --> Session: Class initialized using 'CodeIgniter\Session\Handlers\DatabaseHandler' driver.
INFO - 2022-07-23 14:25:49 --> CSRF cookie sent.
INFO - 2022-07-23 14:25:49 --> CSRF token verified.
INFO - 2022-07-23 14:25:49 --> Session: Class initialized using 'CodeIgniter\Session\Handlers\DatabaseHandler' driver.
INFO - 2022-07-23 14:25:55 --> CSRF cookie sent.
INFO - 2022-07-23 14:25:55 --> CSRF token verified.
INFO - 2022-07-23 14:25:55 --> Session: Class initialized using 'CodeIgniter\Session\Handlers\DatabaseHandler' driver.
INFO - 2022-07-23 14:26:01 --> CSRF cookie sent.
INFO - 2022-07-23 14:26:01 --> CSRF token verified.
INFO - 2022-07-23 14:26:01 --> Session: Class initialized using 'CodeIgniter\Session\Handlers\DatabaseHandler' driver.
INFO - 2022-07-23 14:26:07 --> CSRF cookie sent.
INFO - 2022-07-23 14:26:07 --> CSRF token verified.
INFO - 2022-07-23 14:26:07 --> Session: Class initialized using 'CodeIgniter\Session\Handlers\DatabaseHandler' driver.
INFO - 2022-07-23 14:26:13 --> CSRF cookie sent.
INFO - 2022-07-23 14:26:13 --> CSRF token verified.
INFO - 2022-07-23 14:26:13 --> Session: Class initialized using 'CodeIgniter\Session\Handlers\DatabaseHandler' driver.
INFO - 2022-07-23 14:26:19 --> CSRF cookie sent.
INFO - 2022-07-23 14:26:19 --> CSRF token verified.
INFO - 2022-07-23 14:26:19 --> Session: Class initialized using 'CodeIgniter\Session\Handlers\DatabaseHandler' driver.
INFO - 2022-07-23 14:26:25 --> CSRF cookie sent.
INFO - 2022-07-23 14:26:25 --> CSRF token verified.
INFO - 2022-07-23 14:26:25 --> Session: Class initialized using 'CodeIgniter\Session\Handlers\DatabaseHandler' driver.
INFO - 2022-07-23 14:26:31 --> CSRF cookie sent.
INFO - 2022-07-23 14:26:31 --> CSRF token verified.
INFO - 2022-07-23 14:26:31 --> Session: Class initialized using 'CodeIgniter\Session\Handlers\DatabaseHandler' driver.
INFO - 2022-07-23 14:26:37 --> CSRF cookie sent.
INFO - 2022-07-23 14:26:37 --> CSRF token verified.
INFO - 2022-07-23 14:26:37 --> Session: Class initialized using 'CodeIgniter\Session\Handlers\DatabaseHandler' driver.
INFO - 2022-07-23 14:26:42 --> CSRF cookie sent.
INFO - 2022-07-23 14:26:42 --> CSRF token verified.
INFO - 2022-07-23 14:26:42 --> Session: Class initialized using 'CodeIgniter\Session\Handlers\DatabaseHandler' driver.
INFO - 2022-07-23 14:26:44 --> CSRF cookie sent.
INFO - 2022-07-23 14:26:44 --> CSRF token verified.
INFO - 2022-07-23 14:26:44 --> Session: Class initialized using 'CodeIgniter\Session\Handlers\DatabaseHandler' driver.
INFO - 2022-07-23 14:26:47 --> CSRF cookie sent.
INFO - 2022-07-23 14:26:47 --> CSRF token verified.
INFO - 2022-07-23 14:26:47 --> Session: Class initialized using 'CodeIgniter\Session\Handlers\DatabaseHandler' driver.
INFO - 2022-07-23 14:26:48 --> CSRF cookie sent.
INFO - 2022-07-23 14:26:48 --> CSRF token verified.
INFO - 2022-07-23 14:26:48 --> Session: Class initialized using 'CodeIgniter\Session\Handlers\DatabaseHandler' driver.
CRITICAL - 2022-07-23 14:26:48 --> Call to undefined function App\Controllers\mysqli_querry()
#0 C:\xampp\htdocs\daxi\system\CodeIgniter.php(928): App\Controllers\Leads->save()
#1 C:\xampp\htdocs\daxi\system\CodeIgniter.php(436): CodeIgniter\CodeIgniter->runController(Object(App\Controllers\Leads))
#2 C:\xampp\htdocs\daxi\system\CodeIgniter.php(336): CodeIgniter\CodeIgniter->handleRequest(NULL, Object(Config\Cache), false)
#3 C:\xampp\htdocs\daxi\index.php(61): CodeIgniter\CodeIgniter->run()
#4 {main}
INFO - 2022-07-23 14:26:52 --> CSRF cookie sent.
INFO - 2022-07-23 14:26:52 --> CSRF token verified.
INFO - 2022-07-23 14:26:52 --> Session: Class initialized using 'CodeIgniter\Session\Handlers\DatabaseHandler' driver.
INFO - 2022-07-23 14:26:57 --> CSRF cookie sent.
INFO - 2022-07-23 14:26:57 --> CSRF token verified.
INFO - 2022-07-23 14:26:57 --> Session: Class initialized using 'CodeIgniter\Session\Handlers\DatabaseHandler' driver.
INFO - 2022-07-23 14:27:02 --> CSRF cookie sent.
INFO - 2022-07-23 14:27:02 --> CSRF token verified.
INFO - 2022-07-23 14:27:03 --> Session: Class initialized using 'CodeIgniter\Session\Handlers\DatabaseHandler' driver.
INFO - 2022-07-23 14:27:08 --> CSRF cookie sent.
INFO - 2022-07-23 14:27:08 --> CSRF token verified.
INFO - 2022-07-23 14:27:08 --> Session: Class initialized using 'CodeIgniter\Session\Handlers\DatabaseHandler' driver.
INFO - 2022-07-23 14:27:13 --> CSRF cookie sent.
INFO - 2022-07-23 14:27:13 --> CSRF token verified.
INFO - 2022-07-23 14:27:13 --> Session: Class initialized using 'CodeIgniter\Session\Handlers\DatabaseHandler' driver.
INFO - 2022-07-23 14:27:18 --> CSRF cookie sent.
INFO - 2022-07-23 14:27:18 --> CSRF token verified.
INFO - 2022-07-23 14:27:18 --> Session: Class initialized using 'CodeIgniter\Session\Handlers\DatabaseHandler' driver.
INFO - 2022-07-23 14:27:23 --> CSRF cookie sent.
INFO - 2022-07-23 14:27:23 --> CSRF token verified.
INFO - 2022-07-23 14:27:23 --> Session: Class initialized using 'CodeIgniter\Session\Handlers\DatabaseHandler' driver.
INFO - 2022-07-23 14:27:28 --> CSRF cookie sent.
INFO - 2022-07-23 14:27:28 --> CSRF token verified.
INFO - 2022-07-23 14:27:28 --> Session: Class initialized using 'CodeIgniter\Session\Handlers\DatabaseHandler' driver.
INFO - 2022-07-23 14:27:33 --> CSRF cookie sent.
INFO - 2022-07-23 14:27:33 --> CSRF token verified.
INFO - 2022-07-23 14:27:33 --> Session: Class initialized using 'CodeIgniter\Session\Handlers\DatabaseHandler' driver.
INFO - 2022-07-23 14:27:38 --> CSRF cookie sent.
INFO - 2022-07-23 14:27:38 --> CSRF token verified.
INFO - 2022-07-23 14:27:39 --> Session: Class initialized using 'CodeIgniter\Session\Handlers\DatabaseHandler' driver.
INFO - 2022-07-23 14:27:44 --> CSRF cookie sent.
INFO - 2022-07-23 14:27:44 --> CSRF token verified.
INFO - 2022-07-23 14:27:44 --> Session: Class initialized using 'CodeIgniter\Session\Handlers\DatabaseHandler' driver.
INFO - 2022-07-23 14:27:49 --> CSRF cookie sent.
INFO - 2022-07-23 14:27:49 --> CSRF token verified.
INFO - 2022-07-23 14:27:49 --> Session: Class initialized using 'CodeIgniter\Session\Handlers\DatabaseHandler' driver.
INFO - 2022-07-23 14:27:54 --> CSRF cookie sent.
INFO - 2022-07-23 14:27:54 --> CSRF token verified.
INFO - 2022-07-23 14:27:54 --> Session: Class initialized using 'CodeIgniter\Session\Handlers\DatabaseHandler' driver.
INFO - 2022-07-23 14:27:59 --> CSRF cookie sent.
INFO - 2022-07-23 14:27:59 --> CSRF token verified.
INFO - 2022-07-23 14:27:59 --> Session: Class initialized using 'CodeIgniter\Session\Handlers\DatabaseHandler' driver.
INFO - 2022-07-23 14:28:04 --> CSRF cookie sent.
INFO - 2022-07-23 14:28:04 --> CSRF token verified.
INFO - 2022-07-23 14:28:04 --> Session: Class initialized using 'CodeIgniter\Session\Handlers\DatabaseHandler' driver.
INFO - 2022-07-23 14:28:09 --> CSRF cookie sent.
INFO - 2022-07-23 14:28:09 --> CSRF token verified.
INFO - 2022-07-23 14:28:09 --> Session: Class initialized using 'CodeIgniter\Session\Handlers\DatabaseHandler' driver.
INFO - 2022-07-23 14:28:14 --> CSRF cookie sent.
INFO - 2022-07-23 14:28:14 --> CSRF token verified.
INFO - 2022-07-23 14:28:15 --> Session: Class initialized using 'CodeIgniter\Session\Handlers\DatabaseHandler' driver.
INFO - 2022-07-23 14:28:20 --> CSRF cookie sent.
INFO - 2022-07-23 14:28:20 --> CSRF token verified.
INFO - 2022-07-23 14:28:20 --> Session: Class initialized using 'CodeIgniter\Session\Handlers\DatabaseHandler' driver.
INFO - 2022-07-23 14:28:25 --> CSRF cookie sent.
INFO - 2022-07-23 14:28:25 --> CSRF token verified.
INFO - 2022-07-23 14:28:25 --> Session: Class initialized using 'CodeIgniter\Session\Handlers\DatabaseHandler' driver.
INFO - 2022-07-23 14:28:30 --> CSRF cookie sent.
INFO - 2022-07-23 14:28:30 --> CSRF token verified.
INFO - 2022-07-23 14:28:30 --> Session: Class initialized using 'CodeIgniter\Session\Handlers\DatabaseHandler' driver.
INFO - 2022-07-23 14:28:35 --> CSRF cookie sent.
INFO - 2022-07-23 14:28:35 --> CSRF token verified.
INFO - 2022-07-23 14:28:35 --> Session: Class initialized using 'CodeIgniter\Session\Handlers\DatabaseHandler' driver.
INFO - 2022-07-23 14:28:40 --> CSRF cookie sent.
INFO - 2022-07-23 14:28:40 --> CSRF token verified.
INFO - 2022-07-23 14:28:40 --> Session: Class initialized using 'CodeIgniter\Session\Handlers\DatabaseHandler' driver.
INFO - 2022-07-23 14:28:45 --> CSRF cookie sent.
INFO - 2022-07-23 14:28:45 --> CSRF token verified.
INFO - 2022-07-23 14:28:45 --> Session: Class initialized using 'CodeIgniter\Session\Handlers\DatabaseHandler' driver.
INFO - 2022-07-23 14:28:50 --> CSRF cookie sent.
INFO - 2022-07-23 14:28:50 --> CSRF token verified.
INFO - 2022-07-23 14:28:50 --> Session: Class initialized using 'CodeIgniter\Session\Handlers\DatabaseHandler' driver.
INFO - 2022-07-23 14:28:55 --> CSRF cookie sent.
INFO - 2022-07-23 14:28:55 --> CSRF token verified.
INFO - 2022-07-23 14:28:56 --> Session: Class initialized using 'CodeIgniter\Session\Handlers\DatabaseHandler' driver.
INFO - 2022-07-23 14:29:01 --> CSRF cookie sent.
INFO - 2022-07-23 14:29:01 --> CSRF token verified.
INFO - 2022-07-23 14:29:01 --> Session: Class initialized using 'CodeIgniter\Session\Handlers\DatabaseHandler' driver.
INFO - 2022-07-23 14:29:06 --> CSRF cookie sent.
INFO - 2022-07-23 14:29:06 --> CSRF token verified.
INFO - 2022-07-23 14:29:06 --> Session: Class initialized using 'CodeIgniter\Session\Handlers\DatabaseHandler' driver.
INFO - 2022-07-23 14:29:11 --> CSRF cookie sent.
INFO - 2022-07-23 14:29:11 --> CSRF token verified.
INFO - 2022-07-23 14:29:11 --> Session: Class initialized using 'CodeIgniter\Session\Handlers\DatabaseHandler' driver.
INFO - 2022-07-23 14:29:16 --> CSRF cookie sent.
INFO - 2022-07-23 14:29:16 --> CSRF token verified.
INFO - 2022-07-23 14:29:16 --> Session: Class initialized using 'CodeIgniter\Session\Handlers\DatabaseHandler' driver.
INFO - 2022-07-23 14:29:21 --> CSRF cookie sent.
INFO - 2022-07-23 14:29:21 --> CSRF token verified.
INFO - 2022-07-23 14:29:21 --> Session: Class initialized using 'CodeIgniter\Session\Handlers\DatabaseHandler' driver.
INFO - 2022-07-23 14:29:26 --> CSRF cookie sent.
INFO - 2022-07-23 14:29:26 --> CSRF token verified.
INFO - 2022-07-23 14:29:26 --> Session: Class initialized using 'CodeIgniter\Session\Handlers\DatabaseHandler' driver.
INFO - 2022-07-23 14:29:31 --> CSRF cookie sent.
INFO - 2022-07-23 14:29:31 --> CSRF token verified.
INFO - 2022-07-23 14:29:32 --> Session: Class initialized using 'CodeIgniter\Session\Handlers\DatabaseHandler' driver.
INFO - 2022-07-23 14:29:37 --> CSRF cookie sent.
INFO - 2022-07-23 14:29:37 --> CSRF token verified.
INFO - 2022-07-23 14:29:37 --> Session: Class initialized using 'CodeIgniter\Session\Handlers\DatabaseHandler' driver.
INFO - 2022-07-23 14:29:42 --> CSRF cookie sent.
INFO - 2022-07-23 14:29:42 --> CSRF token verified.
INFO - 2022-07-23 14:29:42 --> Session: Class initialized using 'CodeIgniter\Session\Handlers\DatabaseHandler' driver.
INFO - 2022-07-23 14:29:47 --> CSRF cookie sent.
INFO - 2022-07-23 14:29:47 --> CSRF token verified.
INFO - 2022-07-23 14:29:47 --> Session: Class initialized using 'CodeIgniter\Session\Handlers\DatabaseHandler' driver.
INFO - 2022-07-23 14:29:52 --> CSRF cookie sent.
INFO - 2022-07-23 14:29:52 --> CSRF token verified.
INFO - 2022-07-23 14:29:52 --> Session: Class initialized using 'CodeIgniter\Session\Handlers\DatabaseHandler' driver.
INFO - 2022-07-23 14:29:57 --> CSRF cookie sent.
INFO - 2022-07-23 14:29:57 --> CSRF token verified.
INFO - 2022-07-23 14:29:57 --> Session: Class initialized using 'CodeIgniter\Session\Handlers\DatabaseHandler' driver.
INFO - 2022-07-23 14:30:02 --> CSRF cookie sent.
INFO - 2022-07-23 14:30:02 --> CSRF token verified.
INFO - 2022-07-23 14:30:02 --> Session: Class initialized using 'CodeIgniter\Session\Handlers\DatabaseHandler' driver.
INFO - 2022-07-23 14:30:07 --> CSRF cookie sent.
INFO - 2022-07-23 14:30:07 --> CSRF token verified.
INFO - 2022-07-23 14:30:07 --> Session: Class initialized using 'CodeIgniter\Session\Handlers\DatabaseHandler' driver.
INFO - 2022-07-23 14:30:12 --> CSRF cookie sent.
INFO - 2022-07-23 14:30:12 --> CSRF token verified.
INFO - 2022-07-23 14:30:12 --> Session: Class initialized using 'CodeIgniter\Session\Handlers\DatabaseHandler' driver.
INFO - 2022-07-23 14:30:18 --> CSRF cookie sent.
INFO - 2022-07-23 14:30:18 --> CSRF token verified.
INFO - 2022-07-23 14:30:18 --> Session: Class initialized using 'CodeIgniter\Session\Handlers\DatabaseHandler' driver.
INFO - 2022-07-23 14:30:23 --> CSRF cookie sent.
INFO - 2022-07-23 14:30:23 --> CSRF token verified.
INFO - 2022-07-23 14:30:23 --> Session: Class initialized using 'CodeIgniter\Session\Handlers\DatabaseHandler' driver.
INFO - 2022-07-23 14:30:28 --> CSRF cookie sent.
INFO - 2022-07-23 14:30:28 --> CSRF token verified.
INFO - 2022-07-23 14:30:28 --> Session: Class initialized using 'CodeIgniter\Session\Handlers\DatabaseHandler' driver.
INFO - 2022-07-23 14:30:33 --> CSRF cookie sent.
INFO - 2022-07-23 14:30:33 --> CSRF token verified.
INFO - 2022-07-23 14:30:33 --> Session: Class initialized using 'CodeIgniter\Session\Handlers\DatabaseHandler' driver.
INFO - 2022-07-23 14:30:38 --> CSRF cookie sent.
INFO - 2022-07-23 14:30:38 --> CSRF token verified.
INFO - 2022-07-23 14:30:38 --> Session: Class initialized using 'CodeIgniter\Session\Handlers\DatabaseHandler' driver.
INFO - 2022-07-23 14:30:43 --> CSRF cookie sent.
INFO - 2022-07-23 14:30:43 --> CSRF token verified.
INFO - 2022-07-23 14:30:43 --> Session: Class initialized using 'CodeIgniter\Session\Handlers\DatabaseHandler' driver.
INFO - 2022-07-23 14:30:48 --> CSRF cookie sent.
INFO - 2022-07-23 14:30:48 --> CSRF token verified.
INFO - 2022-07-23 14:30:48 --> Session: Class initialized using 'CodeIgniter\Session\Handlers\DatabaseHandler' driver.
INFO - 2022-07-23 14:30:53 --> CSRF cookie sent.
INFO - 2022-07-23 14:30:53 --> CSRF token verified.
INFO - 2022-07-23 14:30:53 --> Session: Class initialized using 'CodeIgniter\Session\Handlers\DatabaseHandler' driver.
INFO - 2022-07-23 14:30:58 --> CSRF cookie sent.
INFO - 2022-07-23 14:30:58 --> CSRF token verified.
INFO - 2022-07-23 14:30:58 --> Session: Class initialized using 'CodeIgniter\Session\Handlers\DatabaseHandler' driver.
INFO - 2022-07-23 14:31:04 --> CSRF cookie sent.
INFO - 2022-07-23 14:31:04 --> CSRF token verified.
INFO - 2022-07-23 14:31:04 --> Session: Class initialized using 'CodeIgniter\Session\Handlers\DatabaseHandler' driver.
INFO - 2022-07-23 14:31:09 --> CSRF cookie sent.
INFO - 2022-07-23 14:31:09 --> CSRF token verified.
INFO - 2022-07-23 14:31:09 --> Session: Class initialized using 'CodeIgniter\Session\Handlers\DatabaseHandler' driver.
INFO - 2022-07-23 14:31:14 --> CSRF cookie sent.
INFO - 2022-07-23 14:31:14 --> CSRF token verified.
INFO - 2022-07-23 14:31:14 --> Session: Class initialized using 'CodeIgniter\Session\Handlers\DatabaseHandler' driver.
INFO - 2022-07-23 14:31:19 --> CSRF cookie sent.
INFO - 2022-07-23 14:31:19 --> CSRF token verified.
INFO - 2022-07-23 14:31:19 --> Session: Class initialized using 'CodeIgniter\Session\Handlers\DatabaseHandler' driver.
INFO - 2022-07-23 14:31:24 --> CSRF cookie sent.
INFO - 2022-07-23 14:31:24 --> CSRF token verified.
INFO - 2022-07-23 14:31:24 --> Session: Class initialized using 'CodeIgniter\Session\Handlers\DatabaseHandler' driver.
INFO - 2022-07-23 14:31:29 --> CSRF cookie sent.
INFO - 2022-07-23 14:31:29 --> CSRF token verified.
INFO - 2022-07-23 14:31:29 --> Session: Class initialized using 'CodeIgniter\Session\Handlers\DatabaseHandler' driver.
INFO - 2022-07-23 14:31:34 --> CSRF cookie sent.
INFO - 2022-07-23 14:31:34 --> CSRF token verified.
INFO - 2022-07-23 14:31:34 --> Session: Class initialized using 'CodeIgniter\Session\Handlers\DatabaseHandler' driver.
INFO - 2022-07-23 14:31:39 --> CSRF cookie sent.
INFO - 2022-07-23 14:31:39 --> CSRF token verified.
INFO - 2022-07-23 14:31:39 --> Session: Class initialized using 'CodeIgniter\Session\Handlers\DatabaseHandler' driver.
INFO - 2022-07-23 14:31:44 --> CSRF cookie sent.
INFO - 2022-07-23 14:31:44 --> CSRF token verified.
INFO - 2022-07-23 14:31:44 --> Session: Class initialized using 'CodeIgniter\Session\Handlers\DatabaseHandler' driver.
INFO - 2022-07-23 14:31:50 --> CSRF cookie sent.
INFO - 2022-07-23 14:31:50 --> CSRF token verified.
INFO - 2022-07-23 14:31:50 --> Session: Class initialized using 'CodeIgniter\Session\Handlers\DatabaseHandler' driver.
INFO - 2022-07-23 14:31:55 --> CSRF cookie sent.
INFO - 2022-07-23 14:31:55 --> CSRF token verified.
INFO - 2022-07-23 14:31:55 --> Session: Class initialized using 'CodeIgniter\Session\Handlers\DatabaseHandler' driver.
INFO - 2022-07-23 14:32:00 --> CSRF cookie sent.
INFO - 2022-07-23 14:32:00 --> CSRF token verified.
INFO - 2022-07-23 14:32:00 --> Session: Class initialized using 'CodeIgniter\Session\Handlers\DatabaseHandler' driver.
INFO - 2022-07-23 14:32:05 --> CSRF cookie sent.
INFO - 2022-07-23 14:32:05 --> CSRF token verified.
INFO - 2022-07-23 14:32:05 --> Session: Class initialized using 'CodeIgniter\Session\Handlers\DatabaseHandler' driver.
INFO - 2022-07-23 14:32:10 --> CSRF cookie sent.
INFO - 2022-07-23 14:32:10 --> CSRF token verified.
INFO - 2022-07-23 14:32:10 --> Session: Class initialized using 'CodeIgniter\Session\Handlers\DatabaseHandler' driver.
INFO - 2022-07-23 14:32:15 --> CSRF cookie sent.
INFO - 2022-07-23 14:32:15 --> CSRF token verified.
INFO - 2022-07-23 14:32:15 --> Session: Class initialized using 'CodeIgniter\Session\Handlers\DatabaseHandler' driver.
INFO - 2022-07-23 14:32:20 --> CSRF cookie sent.
INFO - 2022-07-23 14:32:20 --> CSRF token verified.
INFO - 2022-07-23 14:32:20 --> Session: Class initialized using 'CodeIgniter\Session\Handlers\DatabaseHandler' driver.
INFO - 2022-07-23 14:32:25 --> CSRF cookie sent.
INFO - 2022-07-23 14:32:25 --> CSRF token verified.
INFO - 2022-07-23 14:32:25 --> Session: Class initialized using 'CodeIgniter\Session\Handlers\DatabaseHandler' driver.
INFO - 2022-07-23 14:32:30 --> CSRF cookie sent.
INFO - 2022-07-23 14:32:30 --> CSRF token verified.
INFO - 2022-07-23 14:32:31 --> Session: Class initialized using 'CodeIgniter\Session\Handlers\DatabaseHandler' driver.
INFO - 2022-07-23 14:32:36 --> CSRF cookie sent.
INFO - 2022-07-23 14:32:36 --> CSRF token verified.
INFO - 2022-07-23 14:32:36 --> Session: Class initialized using 'CodeIgniter\Session\Handlers\DatabaseHandler' driver.
INFO - 2022-07-23 14:32:41 --> CSRF cookie sent.
INFO - 2022-07-23 14:32:41 --> CSRF token verified.
INFO - 2022-07-23 14:32:41 --> Session: Class initialized using 'CodeIgniter\Session\Handlers\DatabaseHandler' driver.
INFO - 2022-07-23 14:32:46 --> CSRF cookie sent.
INFO - 2022-07-23 14:32:46 --> CSRF token verified.
INFO - 2022-07-23 14:32:46 --> Session: Class initialized using 'CodeIgniter\Session\Handlers\DatabaseHandler' driver.
INFO - 2022-07-23 14:32:51 --> CSRF cookie sent.
INFO - 2022-07-23 14:32:51 --> CSRF token verified.
INFO - 2022-07-23 14:32:51 --> Session: Class initialized using 'CodeIgniter\Session\Handlers\DatabaseHandler' driver.
INFO - 2022-07-23 14:32:56 --> CSRF cookie sent.
INFO - 2022-07-23 14:32:56 --> CSRF token verified.
INFO - 2022-07-23 14:32:56 --> Session: Class initialized using 'CodeIgniter\Session\Handlers\DatabaseHandler' driver.
INFO - 2022-07-23 14:33:01 --> CSRF cookie sent.
INFO - 2022-07-23 14:33:01 --> CSRF token verified.
INFO - 2022-07-23 14:33:01 --> Session: Class initialized using 'CodeIgniter\Session\Handlers\DatabaseHandler' driver.
INFO - 2022-07-23 14:33:06 --> CSRF cookie sent.
INFO - 2022-07-23 14:33:06 --> CSRF token verified.
INFO - 2022-07-23 14:33:07 --> Session: Class initialized using 'CodeIgniter\Session\Handlers\DatabaseHandler' driver.
INFO - 2022-07-23 14:33:12 --> CSRF cookie sent.
INFO - 2022-07-23 14:33:12 --> CSRF token verified.
INFO - 2022-07-23 14:33:12 --> Session: Class initialized using 'CodeIgniter\Session\Handlers\DatabaseHandler' driver.
INFO - 2022-07-23 14:33:17 --> CSRF cookie sent.
INFO - 2022-07-23 14:33:17 --> CSRF token verified.
INFO - 2022-07-23 14:33:17 --> Session: Class initialized using 'CodeIgniter\Session\Handlers\DatabaseHandler' driver.
INFO - 2022-07-23 14:33:22 --> CSRF cookie sent.
INFO - 2022-07-23 14:33:22 --> CSRF token verified.
INFO - 2022-07-23 14:33:22 --> Session: Class initialized using 'CodeIgniter\Session\Handlers\DatabaseHandler' driver.
INFO - 2022-07-23 14:33:27 --> CSRF cookie sent.
INFO - 2022-07-23 14:33:27 --> CSRF token verified.
INFO - 2022-07-23 14:33:27 --> Session: Class initialized using 'CodeIgniter\Session\Handlers\DatabaseHandler' driver.
INFO - 2022-07-23 14:33:32 --> CSRF cookie sent.
INFO - 2022-07-23 14:33:32 --> CSRF token verified.
INFO - 2022-07-23 14:33:32 --> Session: Class initialized using 'CodeIgniter\Session\Handlers\DatabaseHandler' driver.
INFO - 2022-07-23 14:33:37 --> CSRF cookie sent.
INFO - 2022-07-23 14:33:37 --> CSRF token verified.
INFO - 2022-07-23 14:33:37 --> Session: Class initialized using 'CodeIgniter\Session\Handlers\DatabaseHandler' driver.
INFO - 2022-07-23 14:33:42 --> CSRF cookie sent.
INFO - 2022-07-23 14:33:42 --> CSRF token verified.
INFO - 2022-07-23 14:33:42 --> Session: Class initialized using 'CodeIgniter\Session\Handlers\DatabaseHandler' driver.
INFO - 2022-07-23 14:33:47 --> CSRF cookie sent.
INFO - 2022-07-23 14:33:47 --> CSRF token verified.
INFO - 2022-07-23 14:33:47 --> Session: Class initialized using 'CodeIgniter\Session\Handlers\DatabaseHandler' driver.
INFO - 2022-07-23 14:33:52 --> CSRF cookie sent.
INFO - 2022-07-23 14:33:52 --> CSRF token verified.
INFO - 2022-07-23 14:33:53 --> Session: Class initialized using 'CodeIgniter\Session\Handlers\DatabaseHandler' driver.
INFO - 2022-07-23 14:33:58 --> CSRF cookie sent.
INFO - 2022-07-23 14:33:58 --> CSRF token verified.
INFO - 2022-07-23 14:33:58 --> Session: Class initialized using 'CodeIgniter\Session\Handlers\DatabaseHandler' driver.
INFO - 2022-07-23 14:34:03 --> CSRF cookie sent.
INFO - 2022-07-23 14:34:03 --> CSRF token verified.
INFO - 2022-07-23 14:34:03 --> Session: Class initialized using 'CodeIgniter\Session\Handlers\DatabaseHandler' driver.
INFO - 2022-07-23 14:34:08 --> CSRF cookie sent.
INFO - 2022-07-23 14:34:08 --> CSRF token verified.
INFO - 2022-07-23 14:34:08 --> Session: Class initialized using 'CodeIgniter\Session\Handlers\DatabaseHandler' driver.
INFO - 2022-07-23 14:34:13 --> CSRF cookie sent.
INFO - 2022-07-23 14:34:13 --> CSRF token verified.
INFO - 2022-07-23 14:34:13 --> Session: Class initialized using 'CodeIgniter\Session\Handlers\DatabaseHandler' driver.
INFO - 2022-07-23 14:34:18 --> CSRF cookie sent.
INFO - 2022-07-23 14:34:18 --> CSRF token verified.
INFO - 2022-07-23 14:34:18 --> Session: Class initialized using 'CodeIgniter\Session\Handlers\DatabaseHandler' driver.
INFO - 2022-07-23 14:34:23 --> CSRF cookie sent.
INFO - 2022-07-23 14:34:23 --> CSRF token verified.
INFO - 2022-07-23 14:34:23 --> Session: Class initialized using 'CodeIgniter\Session\Handlers\DatabaseHandler' driver.
INFO - 2022-07-23 14:34:28 --> CSRF cookie sent.
INFO - 2022-07-23 14:34:28 --> CSRF token verified.
INFO - 2022-07-23 14:34:28 --> Session: Class initialized using 'CodeIgniter\Session\Handlers\DatabaseHandler' driver.
INFO - 2022-07-23 14:34:33 --> CSRF cookie sent.
INFO - 2022-07-23 14:34:33 --> CSRF token verified.
INFO - 2022-07-23 14:34:33 --> Session: Class initialized using 'CodeIgniter\Session\Handlers\DatabaseHandler' driver.
INFO - 2022-07-23 14:34:38 --> CSRF cookie sent.
INFO - 2022-07-23 14:34:38 --> CSRF token verified.
INFO - 2022-07-23 14:34:39 --> Session: Class initialized using 'CodeIgniter\Session\Handlers\DatabaseHandler' driver.
INFO - 2022-07-23 14:34:44 --> CSRF cookie sent.
INFO - 2022-07-23 14:34:44 --> CSRF token verified.
INFO - 2022-07-23 14:34:44 --> Session: Class initialized using 'CodeIgniter\Session\Handlers\DatabaseHandler' driver.
INFO - 2022-07-23 14:34:49 --> CSRF cookie sent.
INFO - 2022-07-23 14:34:49 --> CSRF token verified.
INFO - 2022-07-23 14:34:49 --> Session: Class initialized using 'CodeIgniter\Session\Handlers\DatabaseHandler' driver.
INFO - 2022-07-23 14:34:54 --> CSRF cookie sent.
INFO - 2022-07-23 14:34:54 --> CSRF token verified.
INFO - 2022-07-23 14:34:54 --> Session: Class initialized using 'CodeIgniter\Session\Handlers\DatabaseHandler' driver.
INFO - 2022-07-23 14:34:59 --> CSRF cookie sent.
INFO - 2022-07-23 14:34:59 --> CSRF token verified.
INFO - 2022-07-23 14:34:59 --> Session: Class initialized using 'CodeIgniter\Session\Handlers\DatabaseHandler' driver.
INFO - 2022-07-23 14:35:04 --> CSRF cookie sent.
INFO - 2022-07-23 14:35:04 --> CSRF token verified.
INFO - 2022-07-23 14:35:04 --> Session: Class initialized using 'CodeIgniter\Session\Handlers\DatabaseHandler' driver.
INFO - 2022-07-23 14:35:09 --> CSRF cookie sent.
INFO - 2022-07-23 14:35:09 --> CSRF token verified.
INFO - 2022-07-23 14:35:09 --> Session: Class initialized using 'CodeIgniter\Session\Handlers\DatabaseHandler' driver.
INFO - 2022-07-23 14:35:14 --> CSRF cookie sent.
INFO - 2022-07-23 14:35:14 --> CSRF token verified.
INFO - 2022-07-23 14:35:14 --> Session: Class initialized using 'CodeIgniter\Session\Handlers\DatabaseHandler' driver.
INFO - 2022-07-23 14:35:19 --> CSRF cookie sent.
INFO - 2022-07-23 14:35:19 --> CSRF token verified.
INFO - 2022-07-23 14:35:19 --> Session: Class initialized using 'CodeIgniter\Session\Handlers\DatabaseHandler' driver.
INFO - 2022-07-23 14:35:24 --> CSRF cookie sent.
INFO - 2022-07-23 14:35:24 --> CSRF token verified.
INFO - 2022-07-23 14:35:25 --> Session: Class initialized using 'CodeIgniter\Session\Handlers\DatabaseHandler' driver.
INFO - 2022-07-23 14:35:30 --> CSRF cookie sent.
INFO - 2022-07-23 14:35:30 --> CSRF token verified.
INFO - 2022-07-23 14:35:30 --> Session: Class initialized using 'CodeIgniter\Session\Handlers\DatabaseHandler' driver.
INFO - 2022-07-23 14:35:35 --> CSRF cookie sent.
INFO - 2022-07-23 14:35:35 --> CSRF token verified.
INFO - 2022-07-23 14:35:35 --> Session: Class initialized using 'CodeIgniter\Session\Handlers\DatabaseHandler' driver.
INFO - 2022-07-23 14:35:40 --> CSRF cookie sent.
INFO - 2022-07-23 14:35:40 --> CSRF token verified.
INFO - 2022-07-23 14:35:40 --> Session: Class initialized using 'CodeIgniter\Session\Handlers\DatabaseHandler' driver.
INFO - 2022-07-23 14:35:45 --> CSRF cookie sent.
INFO - 2022-07-23 14:35:45 --> CSRF token verified.
INFO - 2022-07-23 14:35:45 --> Session: Class initialized using 'CodeIgniter\Session\Handlers\DatabaseHandler' driver.
INFO - 2022-07-23 14:35:50 --> CSRF cookie sent.
INFO - 2022-07-23 14:35:50 --> CSRF token verified.
INFO - 2022-07-23 14:35:50 --> Session: Class initialized using 'CodeIgniter\Session\Handlers\DatabaseHandler' driver.
INFO - 2022-07-23 14:35:55 --> CSRF cookie sent.
INFO - 2022-07-23 14:35:55 --> CSRF token verified.
INFO - 2022-07-23 14:35:55 --> Session: Class initialized using 'CodeIgniter\Session\Handlers\DatabaseHandler' driver.
INFO - 2022-07-23 14:36:00 --> CSRF cookie sent.
INFO - 2022-07-23 14:36:00 --> CSRF token verified.
INFO - 2022-07-23 14:36:00 --> Session: Class initialized using 'CodeIgniter\Session\Handlers\DatabaseHandler' driver.
INFO - 2022-07-23 14:36:06 --> CSRF cookie sent.
INFO - 2022-07-23 14:36:06 --> CSRF token verified.
INFO - 2022-07-23 14:36:06 --> Session: Class initialized using 'CodeIgniter\Session\Handlers\DatabaseHandler' driver.
INFO - 2022-07-23 14:36:11 --> CSRF cookie sent.
INFO - 2022-07-23 14:36:11 --> CSRF token verified.
INFO - 2022-07-23 14:36:11 --> Session: Class initialized using 'CodeIgniter\Session\Handlers\DatabaseHandler' driver.
INFO - 2022-07-23 14:36:16 --> CSRF cookie sent.
INFO - 2022-07-23 14:36:16 --> CSRF token verified.
INFO - 2022-07-23 14:36:16 --> Session: Class initialized using 'CodeIgniter\Session\Handlers\DatabaseHandler' driver.
INFO - 2022-07-23 14:36:21 --> CSRF cookie sent.
INFO - 2022-07-23 14:36:21 --> CSRF token verified.
INFO - 2022-07-23 14:36:21 --> Session: Class initialized using 'CodeIgniter\Session\Handlers\DatabaseHandler' driver.
INFO - 2022-07-23 14:36:26 --> CSRF cookie sent.
INFO - 2022-07-23 14:36:26 --> CSRF token verified.
INFO - 2022-07-23 14:36:26 --> Session: Class initialized using 'CodeIgniter\Session\Handlers\DatabaseHandler' driver.
INFO - 2022-07-23 14:36:31 --> CSRF cookie sent.
INFO - 2022-07-23 14:36:31 --> CSRF token verified.
INFO - 2022-07-23 14:36:31 --> Session: Class initialized using 'CodeIgniter\Session\Handlers\DatabaseHandler' driver.
INFO - 2022-07-23 14:36:36 --> CSRF cookie sent.
INFO - 2022-07-23 14:36:36 --> CSRF token verified.
INFO - 2022-07-23 14:36:36 --> Session: Class initialized using 'CodeIgniter\Session\Handlers\DatabaseHandler' driver.
INFO - 2022-07-23 14:36:42 --> CSRF cookie sent.
INFO - 2022-07-23 14:36:42 --> CSRF token verified.
INFO - 2022-07-23 14:36:42 --> Session: Class initialized using 'CodeIgniter\Session\Handlers\DatabaseHandler' driver.
INFO - 2022-07-23 14:36:47 --> CSRF cookie sent.
INFO - 2022-07-23 14:36:47 --> CSRF token verified.
INFO - 2022-07-23 14:36:47 --> Session: Class initialized using 'CodeIgniter\Session\Handlers\DatabaseHandler' driver.
INFO - 2022-07-23 14:36:52 --> CSRF cookie sent.
INFO - 2022-07-23 14:36:52 --> CSRF token verified.
INFO - 2022-07-23 14:36:52 --> Session: Class initialized using 'CodeIgniter\Session\Handlers\DatabaseHandler' driver.
INFO - 2022-07-23 14:36:57 --> CSRF cookie sent.
INFO - 2022-07-23 14:36:57 --> CSRF token verified.
INFO - 2022-07-23 14:36:57 --> Session: Class initialized using 'CodeIgniter\Session\Handlers\DatabaseHandler' driver.
INFO - 2022-07-23 14:37:02 --> CSRF cookie sent.
INFO - 2022-07-23 14:37:02 --> CSRF token verified.
INFO - 2022-07-23 14:37:02 --> Session: Class initialized using 'CodeIgniter\Session\Handlers\DatabaseHandler' driver.
INFO - 2022-07-23 14:37:07 --> CSRF cookie sent.
INFO - 2022-07-23 14:37:07 --> CSRF token verified.
INFO - 2022-07-23 14:37:07 --> Session: Class initialized using 'CodeIgniter\Session\Handlers\DatabaseHandler' driver.
INFO - 2022-07-23 14:37:12 --> CSRF cookie sent.
INFO - 2022-07-23 14:37:12 --> CSRF token verified.
INFO - 2022-07-23 14:37:12 --> Session: Class initialized using 'CodeIgniter\Session\Handlers\DatabaseHandler' driver.
INFO - 2022-07-23 14:37:18 --> CSRF cookie sent.
INFO - 2022-07-23 14:37:18 --> CSRF token verified.
INFO - 2022-07-23 14:37:18 --> Session: Class initialized using 'CodeIgniter\Session\Handlers\DatabaseHandler' driver.
INFO - 2022-07-23 14:37:23 --> CSRF cookie sent.
INFO - 2022-07-23 14:37:23 --> CSRF token verified.
INFO - 2022-07-23 14:37:23 --> Session: Class initialized using 'CodeIgniter\Session\Handlers\DatabaseHandler' driver.
INFO - 2022-07-23 14:37:28 --> CSRF cookie sent.
INFO - 2022-07-23 14:37:28 --> CSRF token verified.
INFO - 2022-07-23 14:37:28 --> Session: Class initialized using 'CodeIgniter\Session\Handlers\DatabaseHandler' driver.
INFO - 2022-07-23 14:37:28 --> CSRF cookie sent.
INFO - 2022-07-23 14:37:28 --> Session: Class initialized using 'CodeIgniter\Session\Handlers\DatabaseHandler' driver.
INFO - 2022-07-23 14:37:29 --> CSRF cookie sent.
INFO - 2022-07-23 14:37:29 --> CSRF token verified.
INFO - 2022-07-23 14:37:29 --> CSRF cookie sent.
INFO - 2022-07-23 14:37:29 --> CSRF token verified.
INFO - 2022-07-23 14:37:29 --> Session: Class initialized using 'CodeIgniter\Session\Handlers\DatabaseHandler' driver.
INFO - 2022-07-23 14:37:29 --> CSRF cookie sent.
INFO - 2022-07-23 14:37:29 --> CSRF token verified.
INFO - 2022-07-23 14:37:29 --> Session: Class initialized using 'CodeIgniter\Session\Handlers\DatabaseHandler' driver.
INFO - 2022-07-23 14:37:29 --> Session: Class initialized using 'CodeIgniter\Session\Handlers\DatabaseHandler' driver.
CRITICAL - 2022-07-23 14:37:33 --> Cannot declare class ComposerAutoloaderInite2ef0fecbfe119a4232e8c058ba02806, because the name is already in use
#0 [internal function]: CodeIgniter\Debug\Exceptions->shutdownHandler()
#1 {main}
INFO - 2022-07-23 14:37:35 --> CSRF cookie sent.
INFO - 2022-07-23 14:37:35 --> Session: Class initialized using 'CodeIgniter\Session\Handlers\DatabaseHandler' driver.
INFO - 2022-07-23 14:37:35 --> CSRF cookie sent.
INFO - 2022-07-23 14:37:35 --> CSRF token verified.
INFO - 2022-07-23 14:37:35 --> CSRF cookie sent.
INFO - 2022-07-23 14:37:35 --> CSRF token verified.
INFO - 2022-07-23 14:37:35 --> CSRF cookie sent.
INFO - 2022-07-23 14:37:35 --> CSRF token verified.
INFO - 2022-07-23 14:37:35 --> Session: Class initialized using 'CodeIgniter\Session\Handlers\DatabaseHandler' driver.
INFO - 2022-07-23 14:37:35 --> Session: Class initialized using 'CodeIgniter\Session\Handlers\DatabaseHandler' driver.
INFO - 2022-07-23 14:37:36 --> Session: Class initialized using 'CodeIgniter\Session\Handlers\DatabaseHandler' driver.
INFO - 2022-07-23 14:37:39 --> CSRF cookie sent.
INFO - 2022-07-23 14:37:39 --> Session: Class initialized using 'CodeIgniter\Session\Handlers\DatabaseHandler' driver.
INFO - 2022-07-23 14:37:39 --> CSRF cookie sent.
INFO - 2022-07-23 14:37:39 --> CSRF token verified.
INFO - 2022-07-23 14:37:39 --> CSRF cookie sent.
INFO - 2022-07-23 14:37:39 --> CSRF token verified.
INFO - 2022-07-23 14:37:39 --> CSRF cookie sent.
INFO - 2022-07-23 14:37:39 --> CSRF token verified.
INFO - 2022-07-23 14:37:39 --> Session: Class initialized using 'CodeIgniter\Session\Handlers\DatabaseHandler' driver.
INFO - 2022-07-23 14:37:39 --> Session: Class initialized using 'CodeIgniter\Session\Handlers\DatabaseHandler' driver.
INFO - 2022-07-23 14:37:39 --> Session: Class initialized using 'CodeIgniter\Session\Handlers\DatabaseHandler' driver.
INFO - 2022-07-23 14:37:44 --> CSRF cookie sent.
INFO - 2022-07-23 14:37:44 --> CSRF token verified.
INFO - 2022-07-23 14:37:44 --> Session: Class initialized using 'CodeIgniter\Session\Handlers\DatabaseHandler' driver.
INFO - 2022-07-23 14:37:44 --> CSRF cookie sent.
INFO - 2022-07-23 14:37:44 --> Session: Class initialized using 'CodeIgniter\Session\Handlers\DatabaseHandler' driver.
INFO - 2022-07-23 14:37:44 --> CSRF cookie sent.
INFO - 2022-07-23 14:37:44 --> CSRF token verified.
INFO - 2022-07-23 14:37:44 --> CSRF cookie sent.
INFO - 2022-07-23 14:37:44 --> CSRF token verified.
INFO - 2022-07-23 14:37:44 --> CSRF cookie sent.
INFO - 2022-07-23 14:37:44 --> CSRF token verified.
INFO - 2022-07-23 14:37:44 --> Session: Class initialized using 'CodeIgniter\Session\Handlers\DatabaseHandler' driver.
INFO - 2022-07-23 14:37:44 --> Session: Class initialized using 'CodeIgniter\Session\Handlers\DatabaseHandler' driver.
INFO - 2022-07-23 14:37:44 --> Session: Class initialized using 'CodeIgniter\Session\Handlers\DatabaseHandler' driver.
INFO - 2022-07-23 14:37:47 --> CSRF cookie sent.
INFO - 2022-07-23 14:37:47 --> CSRF token verified.
INFO - 2022-07-23 14:37:47 --> Session: Class initialized using 'CodeIgniter\Session\Handlers\DatabaseHandler' driver.
INFO - 2022-07-23 14:37:49 --> CSRF cookie sent.
INFO - 2022-07-23 14:37:49 --> CSRF token verified.
INFO - 2022-07-23 14:37:50 --> Session: Class initialized using 'CodeIgniter\Session\Handlers\DatabaseHandler' driver.
INFO - 2022-07-23 14:37:52 --> CSRF cookie sent.
INFO - 2022-07-23 14:37:52 --> CSRF token verified.
INFO - 2022-07-23 14:37:52 --> Session: Class initialized using 'CodeIgniter\Session\Handlers\DatabaseHandler' driver.
INFO - 2022-07-23 14:37:55 --> CSRF cookie sent.
INFO - 2022-07-23 14:37:55 --> CSRF token verified.
INFO - 2022-07-23 14:37:55 --> Session: Class initialized using 'CodeIgniter\Session\Handlers\DatabaseHandler' driver.
