INFO - 2022-03-27 00:00:02 --> Session: Class initialized using 'CodeIgniter\Session\Handlers\DatabaseHandler' driver.
INFO - 2022-03-27 00:10:02 --> Session: Class initialized using 'CodeIgniter\Session\Handlers\DatabaseHandler' driver.
INFO - 2022-03-27 00:20:02 --> Session: Class initialized using 'CodeIgniter\Session\Handlers\DatabaseHandler' driver.
INFO - 2022-03-27 00:30:03 --> Session: Class initialized using 'CodeIgniter\Session\Handlers\DatabaseHandler' driver.
INFO - 2022-03-27 00:40:02 --> Session: Class initialized using 'CodeIgniter\Session\Handlers\DatabaseHandler' driver.
INFO - 2022-03-27 00:40:02 --> Session: Class initialized using 'CodeIgniter\Session\Handlers\DatabaseHandler' driver.
INFO - 2022-03-27 00:40:03 --> Session: Class initialized using 'CodeIgniter\Session\Handlers\DatabaseHandler' driver.
INFO - 2022-03-27 00:40:03 --> Session: Class initialized using 'CodeIgniter\Session\Handlers\DatabaseHandler' driver.
INFO - 2022-03-27 00:50:02 --> Session: Class initialized using 'CodeIgniter\Session\Handlers\DatabaseHandler' driver.
INFO - 2022-03-27 01:00:03 --> Session: Class initialized using 'CodeIgniter\Session\Handlers\DatabaseHandler' driver.
INFO - 2022-03-27 01:10:02 --> Session: Class initialized using 'CodeIgniter\Session\Handlers\DatabaseHandler' driver.
INFO - 2022-03-27 01:20:02 --> Session: Class initialized using 'CodeIgniter\Session\Handlers\DatabaseHandler' driver.
INFO - 2022-03-27 01:30:02 --> Session: Class initialized using 'CodeIgniter\Session\Handlers\DatabaseHandler' driver.
INFO - 2022-03-27 01:40:02 --> Session: Class initialized using 'CodeIgniter\Session\Handlers\DatabaseHandler' driver.
INFO - 2022-03-27 01:50:02 --> Session: Class initialized using 'CodeIgniter\Session\Handlers\DatabaseHandler' driver.
INFO - 2022-03-27 01:50:03 --> Session: Class initialized using 'CodeIgniter\Session\Handlers\DatabaseHandler' driver.
INFO - 2022-03-27 01:50:03 --> Session: Class initialized using 'CodeIgniter\Session\Handlers\DatabaseHandler' driver.
INFO - 2022-03-27 01:50:03 --> Session: Class initialized using 'CodeIgniter\Session\Handlers\DatabaseHandler' driver.
INFO - 2022-03-27 02:00:02 --> Session: Class initialized using 'CodeIgniter\Session\Handlers\DatabaseHandler' driver.
INFO - 2022-03-27 02:10:02 --> Session: Class initialized using 'CodeIgniter\Session\Handlers\DatabaseHandler' driver.
INFO - 2022-03-27 02:20:02 --> Session: Class initialized using 'CodeIgniter\Session\Handlers\DatabaseHandler' driver.
INFO - 2022-03-27 02:30:02 --> Session: Class initialized using 'CodeIgniter\Session\Handlers\DatabaseHandler' driver.
INFO - 2022-03-27 02:40:02 --> Session: Class initialized using 'CodeIgniter\Session\Handlers\DatabaseHandler' driver.
INFO - 2022-03-27 02:50:02 --> Session: Class initialized using 'CodeIgniter\Session\Handlers\DatabaseHandler' driver.
INFO - 2022-03-27 03:00:02 --> Session: Class initialized using 'CodeIgniter\Session\Handlers\DatabaseHandler' driver.
INFO - 2022-03-27 03:00:02 --> Session: Class initialized using 'CodeIgniter\Session\Handlers\DatabaseHandler' driver.
INFO - 2022-03-27 03:00:03 --> Session: Class initialized using 'CodeIgniter\Session\Handlers\DatabaseHandler' driver.
INFO - 2022-03-27 03:00:03 --> Session: Class initialized using 'CodeIgniter\Session\Handlers\DatabaseHandler' driver.
INFO - 2022-03-27 03:10:02 --> Session: Class initialized using 'CodeIgniter\Session\Handlers\DatabaseHandler' driver.
INFO - 2022-03-27 03:20:02 --> Session: Class initialized using 'CodeIgniter\Session\Handlers\DatabaseHandler' driver.
INFO - 2022-03-27 03:30:03 --> Session: Class initialized using 'CodeIgniter\Session\Handlers\DatabaseHandler' driver.
INFO - 2022-03-27 03:40:02 --> Session: Class initialized using 'CodeIgniter\Session\Handlers\DatabaseHandler' driver.
INFO - 2022-03-27 03:50:02 --> Session: Class initialized using 'CodeIgniter\Session\Handlers\DatabaseHandler' driver.
INFO - 2022-03-27 04:00:02 --> Session: Class initialized using 'CodeIgniter\Session\Handlers\DatabaseHandler' driver.
INFO - 2022-03-27 04:10:03 --> Session: Class initialized using 'CodeIgniter\Session\Handlers\DatabaseHandler' driver.
INFO - 2022-03-27 04:10:03 --> Session: Class initialized using 'CodeIgniter\Session\Handlers\DatabaseHandler' driver.
INFO - 2022-03-27 04:10:03 --> Session: Class initialized using 'CodeIgniter\Session\Handlers\DatabaseHandler' driver.
INFO - 2022-03-27 04:10:03 --> Session: Class initialized using 'CodeIgniter\Session\Handlers\DatabaseHandler' driver.
INFO - 2022-03-27 04:20:01 --> Session: Class initialized using 'CodeIgniter\Session\Handlers\DatabaseHandler' driver.
INFO - 2022-03-27 04:30:02 --> Session: Class initialized using 'CodeIgniter\Session\Handlers\DatabaseHandler' driver.
INFO - 2022-03-27 04:40:02 --> Session: Class initialized using 'CodeIgniter\Session\Handlers\DatabaseHandler' driver.
INFO - 2022-03-27 04:50:02 --> Session: Class initialized using 'CodeIgniter\Session\Handlers\DatabaseHandler' driver.
INFO - 2022-03-27 05:00:03 --> Session: Class initialized using 'CodeIgniter\Session\Handlers\DatabaseHandler' driver.
INFO - 2022-03-27 05:10:02 --> Session: Class initialized using 'CodeIgniter\Session\Handlers\DatabaseHandler' driver.
INFO - 2022-03-27 05:20:01 --> Session: Class initialized using 'CodeIgniter\Session\Handlers\DatabaseHandler' driver.
INFO - 2022-03-27 05:20:02 --> Session: Class initialized using 'CodeIgniter\Session\Handlers\DatabaseHandler' driver.
INFO - 2022-03-27 05:20:02 --> Session: Class initialized using 'CodeIgniter\Session\Handlers\DatabaseHandler' driver.
INFO - 2022-03-27 05:20:02 --> Session: Class initialized using 'CodeIgniter\Session\Handlers\DatabaseHandler' driver.
INFO - 2022-03-27 05:30:02 --> Session: Class initialized using 'CodeIgniter\Session\Handlers\DatabaseHandler' driver.
INFO - 2022-03-27 05:40:02 --> Session: Class initialized using 'CodeIgniter\Session\Handlers\DatabaseHandler' driver.
INFO - 2022-03-27 05:50:02 --> Session: Class initialized using 'CodeIgniter\Session\Handlers\DatabaseHandler' driver.
INFO - 2022-03-27 06:00:02 --> Session: Class initialized using 'CodeIgniter\Session\Handlers\DatabaseHandler' driver.
INFO - 2022-03-27 06:10:02 --> Session: Class initialized using 'CodeIgniter\Session\Handlers\DatabaseHandler' driver.
INFO - 2022-03-27 06:20:03 --> Session: Class initialized using 'CodeIgniter\Session\Handlers\DatabaseHandler' driver.
INFO - 2022-03-27 06:20:03 --> Session: Class initialized using 'CodeIgniter\Session\Handlers\DatabaseHandler' driver.
INFO - 2022-03-27 06:20:03 --> Session: Class initialized using 'CodeIgniter\Session\Handlers\DatabaseHandler' driver.
INFO - 2022-03-27 06:20:03 --> Session: Class initialized using 'CodeIgniter\Session\Handlers\DatabaseHandler' driver.
INFO - 2022-03-27 06:30:02 --> Session: Class initialized using 'CodeIgniter\Session\Handlers\DatabaseHandler' driver.
INFO - 2022-03-27 06:40:01 --> Session: Class initialized using 'CodeIgniter\Session\Handlers\DatabaseHandler' driver.
INFO - 2022-03-27 06:50:02 --> Session: Class initialized using 'CodeIgniter\Session\Handlers\DatabaseHandler' driver.
INFO - 2022-03-27 07:00:03 --> Session: Class initialized using 'CodeIgniter\Session\Handlers\DatabaseHandler' driver.
INFO - 2022-03-27 07:10:02 --> Session: Class initialized using 'CodeIgniter\Session\Handlers\DatabaseHandler' driver.
INFO - 2022-03-27 07:20:01 --> Session: Class initialized using 'CodeIgniter\Session\Handlers\DatabaseHandler' driver.
INFO - 2022-03-27 07:30:01 --> Session: Class initialized using 'CodeIgniter\Session\Handlers\DatabaseHandler' driver.
INFO - 2022-03-27 07:30:02 --> Session: Class initialized using 'CodeIgniter\Session\Handlers\DatabaseHandler' driver.
INFO - 2022-03-27 07:30:02 --> Session: Class initialized using 'CodeIgniter\Session\Handlers\DatabaseHandler' driver.
INFO - 2022-03-27 07:30:02 --> Session: Class initialized using 'CodeIgniter\Session\Handlers\DatabaseHandler' driver.
INFO - 2022-03-27 07:40:03 --> Session: Class initialized using 'CodeIgniter\Session\Handlers\DatabaseHandler' driver.
INFO - 2022-03-27 07:50:02 --> Session: Class initialized using 'CodeIgniter\Session\Handlers\DatabaseHandler' driver.
INFO - 2022-03-27 08:00:03 --> Session: Class initialized using 'CodeIgniter\Session\Handlers\DatabaseHandler' driver.
INFO - 2022-03-27 08:10:02 --> Session: Class initialized using 'CodeIgniter\Session\Handlers\DatabaseHandler' driver.
INFO - 2022-03-27 08:20:01 --> Session: Class initialized using 'CodeIgniter\Session\Handlers\DatabaseHandler' driver.
INFO - 2022-03-27 08:24:42 --> CSRF cookie sent.
INFO - 2022-03-27 08:24:42 --> Session: Class initialized using 'CodeIgniter\Session\Handlers\DatabaseHandler' driver.
INFO - 2022-03-27 08:24:42 --> CSRF cookie sent.
INFO - 2022-03-27 08:24:42 --> Session: Class initialized using 'CodeIgniter\Session\Handlers\DatabaseHandler' driver.
INFO - 2022-03-27 08:24:46 --> CSRF cookie sent.
INFO - 2022-03-27 08:24:46 --> CSRF token verified.
INFO - 2022-03-27 08:24:46 --> Session: Class initialized using 'CodeIgniter\Session\Handlers\DatabaseHandler' driver.
INFO - 2022-03-27 08:24:46 --> CSRF cookie sent.
INFO - 2022-03-27 08:24:46 --> Session: Class initialized using 'CodeIgniter\Session\Handlers\DatabaseHandler' driver.
INFO - 2022-03-27 08:24:47 --> CSRF cookie sent.
INFO - 2022-03-27 08:24:47 --> CSRF token verified.
INFO - 2022-03-27 08:24:47 --> CSRF cookie sent.
INFO - 2022-03-27 08:24:47 --> CSRF token verified.
INFO - 2022-03-27 08:24:47 --> CSRF cookie sent.
INFO - 2022-03-27 08:24:47 --> CSRF token verified.
INFO - 2022-03-27 08:24:47 --> Session: Class initialized using 'CodeIgniter\Session\Handlers\DatabaseHandler' driver.
INFO - 2022-03-27 08:24:47 --> Session: Class initialized using 'CodeIgniter\Session\Handlers\DatabaseHandler' driver.
INFO - 2022-03-27 08:24:47 --> Session: Class initialized using 'CodeIgniter\Session\Handlers\DatabaseHandler' driver.
INFO - 2022-03-27 08:24:53 --> CSRF cookie sent.
INFO - 2022-03-27 08:24:53 --> CSRF token verified.
INFO - 2022-03-27 08:24:53 --> Session: Class initialized using 'CodeIgniter\Session\Handlers\DatabaseHandler' driver.
INFO - 2022-03-27 08:24:59 --> CSRF cookie sent.
INFO - 2022-03-27 08:24:59 --> CSRF token verified.
INFO - 2022-03-27 08:24:59 --> Session: Class initialized using 'CodeIgniter\Session\Handlers\DatabaseHandler' driver.
INFO - 2022-03-27 08:25:05 --> CSRF cookie sent.
INFO - 2022-03-27 08:25:05 --> CSRF token verified.
INFO - 2022-03-27 08:25:05 --> Session: Class initialized using 'CodeIgniter\Session\Handlers\DatabaseHandler' driver.
INFO - 2022-03-27 08:25:11 --> CSRF cookie sent.
INFO - 2022-03-27 08:25:11 --> CSRF token verified.
INFO - 2022-03-27 08:25:11 --> Session: Class initialized using 'CodeIgniter\Session\Handlers\DatabaseHandler' driver.
INFO - 2022-03-27 08:25:17 --> CSRF cookie sent.
INFO - 2022-03-27 08:25:17 --> CSRF token verified.
INFO - 2022-03-27 08:25:17 --> Session: Class initialized using 'CodeIgniter\Session\Handlers\DatabaseHandler' driver.
INFO - 2022-03-27 08:25:23 --> CSRF cookie sent.
INFO - 2022-03-27 08:25:23 --> CSRF token verified.
INFO - 2022-03-27 08:25:23 --> Session: Class initialized using 'CodeIgniter\Session\Handlers\DatabaseHandler' driver.
INFO - 2022-03-27 08:25:29 --> CSRF cookie sent.
INFO - 2022-03-27 08:25:29 --> CSRF token verified.
INFO - 2022-03-27 08:25:29 --> Session: Class initialized using 'CodeIgniter\Session\Handlers\DatabaseHandler' driver.
INFO - 2022-03-27 08:25:35 --> CSRF cookie sent.
INFO - 2022-03-27 08:25:35 --> CSRF token verified.
INFO - 2022-03-27 08:25:35 --> Session: Class initialized using 'CodeIgniter\Session\Handlers\DatabaseHandler' driver.
INFO - 2022-03-27 08:25:41 --> CSRF cookie sent.
INFO - 2022-03-27 08:25:41 --> CSRF token verified.
INFO - 2022-03-27 08:25:41 --> Session: Class initialized using 'CodeIgniter\Session\Handlers\DatabaseHandler' driver.
INFO - 2022-03-27 08:25:47 --> CSRF cookie sent.
INFO - 2022-03-27 08:25:47 --> CSRF token verified.
INFO - 2022-03-27 08:25:47 --> Session: Class initialized using 'CodeIgniter\Session\Handlers\DatabaseHandler' driver.
INFO - 2022-03-27 08:25:52 --> CSRF cookie sent.
INFO - 2022-03-27 08:25:52 --> CSRF token verified.
INFO - 2022-03-27 08:25:52 --> Session: Class initialized using 'CodeIgniter\Session\Handlers\DatabaseHandler' driver.
INFO - 2022-03-27 08:25:57 --> CSRF cookie sent.
INFO - 2022-03-27 08:25:57 --> CSRF token verified.
INFO - 2022-03-27 08:25:57 --> Session: Class initialized using 'CodeIgniter\Session\Handlers\DatabaseHandler' driver.
INFO - 2022-03-27 08:26:00 --> CSRF cookie sent.
INFO - 2022-03-27 08:26:00 --> CSRF token verified.
INFO - 2022-03-27 08:26:00 --> Session: Class initialized using 'CodeIgniter\Session\Handlers\DatabaseHandler' driver.
INFO - 2022-03-27 08:26:02 --> CSRF cookie sent.
INFO - 2022-03-27 08:26:02 --> CSRF token verified.
INFO - 2022-03-27 08:26:02 --> Session: Class initialized using 'CodeIgniter\Session\Handlers\DatabaseHandler' driver.
INFO - 2022-03-27 08:26:08 --> CSRF cookie sent.
INFO - 2022-03-27 08:26:08 --> CSRF token verified.
INFO - 2022-03-27 08:26:08 --> Session: Class initialized using 'CodeIgniter\Session\Handlers\DatabaseHandler' driver.
INFO - 2022-03-27 08:26:13 --> CSRF cookie sent.
INFO - 2022-03-27 08:26:13 --> CSRF token verified.
INFO - 2022-03-27 08:26:13 --> Session: Class initialized using 'CodeIgniter\Session\Handlers\DatabaseHandler' driver.
INFO - 2022-03-27 08:26:15 --> CSRF cookie sent.
INFO - 2022-03-27 08:26:15 --> CSRF token verified.
INFO - 2022-03-27 08:26:15 --> Session: Class initialized using 'CodeIgniter\Session\Handlers\DatabaseHandler' driver.
INFO - 2022-03-27 08:26:18 --> CSRF cookie sent.
INFO - 2022-03-27 08:26:18 --> CSRF token verified.
INFO - 2022-03-27 08:26:18 --> Session: Class initialized using 'CodeIgniter\Session\Handlers\DatabaseHandler' driver.
INFO - 2022-03-27 08:26:24 --> CSRF cookie sent.
INFO - 2022-03-27 08:26:24 --> CSRF token verified.
INFO - 2022-03-27 08:26:24 --> Session: Class initialized using 'CodeIgniter\Session\Handlers\DatabaseHandler' driver.
INFO - 2022-03-27 08:26:30 --> CSRF cookie sent.
INFO - 2022-03-27 08:26:30 --> CSRF token verified.
INFO - 2022-03-27 08:26:30 --> Session: Class initialized using 'CodeIgniter\Session\Handlers\DatabaseHandler' driver.
INFO - 2022-03-27 08:26:36 --> CSRF cookie sent.
INFO - 2022-03-27 08:26:36 --> CSRF token verified.
INFO - 2022-03-27 08:26:36 --> Session: Class initialized using 'CodeIgniter\Session\Handlers\DatabaseHandler' driver.
INFO - 2022-03-27 08:26:42 --> CSRF cookie sent.
INFO - 2022-03-27 08:26:42 --> CSRF token verified.
INFO - 2022-03-27 08:26:42 --> Session: Class initialized using 'CodeIgniter\Session\Handlers\DatabaseHandler' driver.
INFO - 2022-03-27 08:26:48 --> CSRF cookie sent.
INFO - 2022-03-27 08:26:48 --> CSRF token verified.
INFO - 2022-03-27 08:26:48 --> Session: Class initialized using 'CodeIgniter\Session\Handlers\DatabaseHandler' driver.
INFO - 2022-03-27 08:26:54 --> CSRF cookie sent.
INFO - 2022-03-27 08:26:54 --> CSRF token verified.
INFO - 2022-03-27 08:26:54 --> Session: Class initialized using 'CodeIgniter\Session\Handlers\DatabaseHandler' driver.
INFO - 2022-03-27 08:26:59 --> CSRF cookie sent.
INFO - 2022-03-27 08:26:59 --> CSRF token verified.
INFO - 2022-03-27 08:26:59 --> Session: Class initialized using 'CodeIgniter\Session\Handlers\DatabaseHandler' driver.
INFO - 2022-03-27 08:27:05 --> CSRF cookie sent.
INFO - 2022-03-27 08:27:05 --> CSRF token verified.
INFO - 2022-03-27 08:27:05 --> Session: Class initialized using 'CodeIgniter\Session\Handlers\DatabaseHandler' driver.
INFO - 2022-03-27 08:27:10 --> CSRF cookie sent.
INFO - 2022-03-27 08:27:10 --> CSRF token verified.
INFO - 2022-03-27 08:27:10 --> Session: Class initialized using 'CodeIgniter\Session\Handlers\DatabaseHandler' driver.
INFO - 2022-03-27 08:27:15 --> CSRF cookie sent.
INFO - 2022-03-27 08:27:15 --> CSRF token verified.
INFO - 2022-03-27 08:27:15 --> Session: Class initialized using 'CodeIgniter\Session\Handlers\DatabaseHandler' driver.
INFO - 2022-03-27 08:27:15 --> CSRF cookie sent.
INFO - 2022-03-27 08:27:15 --> CSRF token verified.
INFO - 2022-03-27 08:27:15 --> Session: Class initialized using 'CodeIgniter\Session\Handlers\DatabaseHandler' driver.
INFO - 2022-03-27 08:27:21 --> CSRF cookie sent.
INFO - 2022-03-27 08:27:21 --> CSRF token verified.
INFO - 2022-03-27 08:27:21 --> Session: Class initialized using 'CodeIgniter\Session\Handlers\DatabaseHandler' driver.
INFO - 2022-03-27 08:27:26 --> CSRF cookie sent.
INFO - 2022-03-27 08:27:26 --> CSRF token verified.
INFO - 2022-03-27 08:27:26 --> Session: Class initialized using 'CodeIgniter\Session\Handlers\DatabaseHandler' driver.
INFO - 2022-03-27 08:27:31 --> CSRF cookie sent.
INFO - 2022-03-27 08:27:31 --> CSRF token verified.
INFO - 2022-03-27 08:27:31 --> Session: Class initialized using 'CodeIgniter\Session\Handlers\DatabaseHandler' driver.
INFO - 2022-03-27 08:27:33 --> CSRF cookie sent.
INFO - 2022-03-27 08:27:33 --> CSRF token verified.
INFO - 2022-03-27 08:27:33 --> Session: Class initialized using 'CodeIgniter\Session\Handlers\DatabaseHandler' driver.
INFO - 2022-03-27 08:27:33 --> Session: Class initialized using 'CodeIgniter\Session\Handlers\DatabaseHandler' driver.
INFO - 2022-03-27 08:27:37 --> CSRF cookie sent.
INFO - 2022-03-27 08:27:37 --> CSRF token verified.
INFO - 2022-03-27 08:27:37 --> Session: Class initialized using 'CodeIgniter\Session\Handlers\DatabaseHandler' driver.
INFO - 2022-03-27 08:27:43 --> CSRF cookie sent.
INFO - 2022-03-27 08:27:43 --> CSRF token verified.
INFO - 2022-03-27 08:27:43 --> Session: Class initialized using 'CodeIgniter\Session\Handlers\DatabaseHandler' driver.
INFO - 2022-03-27 08:27:49 --> CSRF cookie sent.
INFO - 2022-03-27 08:27:49 --> CSRF token verified.
INFO - 2022-03-27 08:27:49 --> Session: Class initialized using 'CodeIgniter\Session\Handlers\DatabaseHandler' driver.
INFO - 2022-03-27 08:27:55 --> CSRF cookie sent.
INFO - 2022-03-27 08:27:55 --> CSRF token verified.
INFO - 2022-03-27 08:27:55 --> Session: Class initialized using 'CodeIgniter\Session\Handlers\DatabaseHandler' driver.
INFO - 2022-03-27 08:28:01 --> CSRF cookie sent.
INFO - 2022-03-27 08:28:01 --> CSRF token verified.
INFO - 2022-03-27 08:28:01 --> Session: Class initialized using 'CodeIgniter\Session\Handlers\DatabaseHandler' driver.
INFO - 2022-03-27 08:28:07 --> CSRF cookie sent.
INFO - 2022-03-27 08:28:07 --> CSRF token verified.
INFO - 2022-03-27 08:28:07 --> Session: Class initialized using 'CodeIgniter\Session\Handlers\DatabaseHandler' driver.
INFO - 2022-03-27 08:28:13 --> CSRF cookie sent.
INFO - 2022-03-27 08:28:13 --> CSRF token verified.
INFO - 2022-03-27 08:28:13 --> Session: Class initialized using 'CodeIgniter\Session\Handlers\DatabaseHandler' driver.
INFO - 2022-03-27 08:28:19 --> CSRF cookie sent.
INFO - 2022-03-27 08:28:19 --> CSRF token verified.
INFO - 2022-03-27 08:28:19 --> Session: Class initialized using 'CodeIgniter\Session\Handlers\DatabaseHandler' driver.
INFO - 2022-03-27 08:28:25 --> CSRF cookie sent.
INFO - 2022-03-27 08:28:25 --> CSRF token verified.
INFO - 2022-03-27 08:28:25 --> Session: Class initialized using 'CodeIgniter\Session\Handlers\DatabaseHandler' driver.
INFO - 2022-03-27 08:28:31 --> CSRF cookie sent.
INFO - 2022-03-27 08:28:31 --> CSRF token verified.
INFO - 2022-03-27 08:28:31 --> Session: Class initialized using 'CodeIgniter\Session\Handlers\DatabaseHandler' driver.
INFO - 2022-03-27 08:28:37 --> CSRF cookie sent.
INFO - 2022-03-27 08:28:37 --> CSRF token verified.
INFO - 2022-03-27 08:28:37 --> Session: Class initialized using 'CodeIgniter\Session\Handlers\DatabaseHandler' driver.
INFO - 2022-03-27 08:28:43 --> CSRF cookie sent.
INFO - 2022-03-27 08:28:43 --> CSRF token verified.
INFO - 2022-03-27 08:28:43 --> Session: Class initialized using 'CodeIgniter\Session\Handlers\DatabaseHandler' driver.
INFO - 2022-03-27 08:28:49 --> CSRF cookie sent.
INFO - 2022-03-27 08:28:49 --> CSRF token verified.
INFO - 2022-03-27 08:28:49 --> Session: Class initialized using 'CodeIgniter\Session\Handlers\DatabaseHandler' driver.
INFO - 2022-03-27 08:28:55 --> CSRF cookie sent.
INFO - 2022-03-27 08:28:55 --> CSRF token verified.
INFO - 2022-03-27 08:28:55 --> Session: Class initialized using 'CodeIgniter\Session\Handlers\DatabaseHandler' driver.
INFO - 2022-03-27 08:30:02 --> Session: Class initialized using 'CodeIgniter\Session\Handlers\DatabaseHandler' driver.
INFO - 2022-03-27 08:30:02 --> Session: Class initialized using 'CodeIgniter\Session\Handlers\DatabaseHandler' driver.
INFO - 2022-03-27 08:30:03 --> Session: Class initialized using 'CodeIgniter\Session\Handlers\DatabaseHandler' driver.
INFO - 2022-03-27 08:30:03 --> Session: Class initialized using 'CodeIgniter\Session\Handlers\DatabaseHandler' driver.
INFO - 2022-03-27 08:40:02 --> Session: Class initialized using 'CodeIgniter\Session\Handlers\DatabaseHandler' driver.
INFO - 2022-03-27 08:50:03 --> Session: Class initialized using 'CodeIgniter\Session\Handlers\DatabaseHandler' driver.
INFO - 2022-03-27 09:00:02 --> Session: Class initialized using 'CodeIgniter\Session\Handlers\DatabaseHandler' driver.
INFO - 2022-03-27 09:10:02 --> Session: Class initialized using 'CodeIgniter\Session\Handlers\DatabaseHandler' driver.
INFO - 2022-03-27 09:20:02 --> Session: Class initialized using 'CodeIgniter\Session\Handlers\DatabaseHandler' driver.
INFO - 2022-03-27 09:30:02 --> Session: Class initialized using 'CodeIgniter\Session\Handlers\DatabaseHandler' driver.
INFO - 2022-03-27 09:40:02 --> Session: Class initialized using 'CodeIgniter\Session\Handlers\DatabaseHandler' driver.
INFO - 2022-03-27 09:40:02 --> Session: Class initialized using 'CodeIgniter\Session\Handlers\DatabaseHandler' driver.
INFO - 2022-03-27 09:40:03 --> Session: Class initialized using 'CodeIgniter\Session\Handlers\DatabaseHandler' driver.
INFO - 2022-03-27 09:40:03 --> Session: Class initialized using 'CodeIgniter\Session\Handlers\DatabaseHandler' driver.
INFO - 2022-03-27 09:44:42 --> CSRF cookie sent.
INFO - 2022-03-27 09:44:42 --> Session: Class initialized using 'CodeIgniter\Session\Handlers\DatabaseHandler' driver.
INFO - 2022-03-27 09:44:42 --> CSRF cookie sent.
INFO - 2022-03-27 09:44:42 --> Session: Class initialized using 'CodeIgniter\Session\Handlers\DatabaseHandler' driver.
INFO - 2022-03-27 09:50:02 --> Session: Class initialized using 'CodeIgniter\Session\Handlers\DatabaseHandler' driver.
INFO - 2022-03-27 10:00:02 --> Session: Class initialized using 'CodeIgniter\Session\Handlers\DatabaseHandler' driver.
INFO - 2022-03-27 10:10:03 --> Session: Class initialized using 'CodeIgniter\Session\Handlers\DatabaseHandler' driver.
INFO - 2022-03-27 10:20:02 --> Session: Class initialized using 'CodeIgniter\Session\Handlers\DatabaseHandler' driver.
INFO - 2022-03-27 10:30:02 --> Session: Class initialized using 'CodeIgniter\Session\Handlers\DatabaseHandler' driver.
INFO - 2022-03-27 10:40:01 --> Session: Class initialized using 'CodeIgniter\Session\Handlers\DatabaseHandler' driver.
INFO - 2022-03-27 10:50:02 --> Session: Class initialized using 'CodeIgniter\Session\Handlers\DatabaseHandler' driver.
INFO - 2022-03-27 10:50:02 --> Session: Class initialized using 'CodeIgniter\Session\Handlers\DatabaseHandler' driver.
INFO - 2022-03-27 10:50:02 --> Session: Class initialized using 'CodeIgniter\Session\Handlers\DatabaseHandler' driver.
INFO - 2022-03-27 10:50:03 --> Session: Class initialized using 'CodeIgniter\Session\Handlers\DatabaseHandler' driver.
INFO - 2022-03-27 11:00:02 --> Session: Class initialized using 'CodeIgniter\Session\Handlers\DatabaseHandler' driver.
INFO - 2022-03-27 11:00:05 --> CSRF cookie sent.
INFO - 2022-03-27 11:00:05 --> Session: Class initialized using 'CodeIgniter\Session\Handlers\DatabaseHandler' driver.
INFO - 2022-03-27 11:00:16 --> CSRF cookie sent.
INFO - 2022-03-27 11:00:16 --> Session: Class initialized using 'CodeIgniter\Session\Handlers\DatabaseHandler' driver.
INFO - 2022-03-27 11:03:18 --> CSRF cookie sent.
INFO - 2022-03-27 11:03:18 --> CSRF cookie sent.
INFO - 2022-03-27 11:03:18 --> CSRF cookie sent.
INFO - 2022-03-27 11:03:18 --> Session: Class initialized using 'CodeIgniter\Session\Handlers\DatabaseHandler' driver.
INFO - 2022-03-27 11:03:18 --> Session: Class initialized using 'CodeIgniter\Session\Handlers\DatabaseHandler' driver.
INFO - 2022-03-27 11:03:18 --> Session: Class initialized using 'CodeIgniter\Session\Handlers\DatabaseHandler' driver.
INFO - 2022-03-27 11:03:19 --> CSRF cookie sent.
INFO - 2022-03-27 11:03:19 --> CSRF cookie sent.
INFO - 2022-03-27 11:03:19 --> Session: Class initialized using 'CodeIgniter\Session\Handlers\DatabaseHandler' driver.
INFO - 2022-03-27 11:03:19 --> Session: Class initialized using 'CodeIgniter\Session\Handlers\DatabaseHandler' driver.
INFO - 2022-03-27 11:03:19 --> CSRF cookie sent.
INFO - 2022-03-27 11:03:19 --> Session: Class initialized using 'CodeIgniter\Session\Handlers\DatabaseHandler' driver.
INFO - 2022-03-27 11:10:02 --> Session: Class initialized using 'CodeIgniter\Session\Handlers\DatabaseHandler' driver.
INFO - 2022-03-27 11:20:02 --> Session: Class initialized using 'CodeIgniter\Session\Handlers\DatabaseHandler' driver.
INFO - 2022-03-27 11:30:02 --> Session: Class initialized using 'CodeIgniter\Session\Handlers\DatabaseHandler' driver.
INFO - 2022-03-27 11:40:02 --> Session: Class initialized using 'CodeIgniter\Session\Handlers\DatabaseHandler' driver.
INFO - 2022-03-27 11:50:03 --> Session: Class initialized using 'CodeIgniter\Session\Handlers\DatabaseHandler' driver.
INFO - 2022-03-27 11:50:03 --> Session: Class initialized using 'CodeIgniter\Session\Handlers\DatabaseHandler' driver.
INFO - 2022-03-27 11:50:03 --> Session: Class initialized using 'CodeIgniter\Session\Handlers\DatabaseHandler' driver.
INFO - 2022-03-27 11:50:03 --> Session: Class initialized using 'CodeIgniter\Session\Handlers\DatabaseHandler' driver.
INFO - 2022-03-27 11:58:03 --> CSRF cookie sent.
INFO - 2022-03-27 11:58:04 --> Session: Class initialized using 'CodeIgniter\Session\Handlers\DatabaseHandler' driver.
INFO - 2022-03-27 12:00:03 --> Session: Class initialized using 'CodeIgniter\Session\Handlers\DatabaseHandler' driver.
INFO - 2022-03-27 12:10:02 --> Session: Class initialized using 'CodeIgniter\Session\Handlers\DatabaseHandler' driver.
INFO - 2022-03-27 12:20:01 --> Session: Class initialized using 'CodeIgniter\Session\Handlers\DatabaseHandler' driver.
INFO - 2022-03-27 12:30:02 --> Session: Class initialized using 'CodeIgniter\Session\Handlers\DatabaseHandler' driver.
INFO - 2022-03-27 12:40:02 --> Session: Class initialized using 'CodeIgniter\Session\Handlers\DatabaseHandler' driver.
INFO - 2022-03-27 12:50:02 --> Session: Class initialized using 'CodeIgniter\Session\Handlers\DatabaseHandler' driver.
CRITICAL - 2022-03-27 12:50:51 --> The action you requested is not allowed.
#0 /home/grupodax/public_html/system/Security/Security.php(240): CodeIgniter\Security\Exceptions\SecurityException::forDisallowedAction()
#1 /home/grupodax/public_html/system/Filters/CSRF.php(57): CodeIgniter\Security\Security->verify(Object(CodeIgniter\HTTP\IncomingRequest))
#2 /home/grupodax/public_html/system/Filters/Filters.php(181): CodeIgniter\Filters\CSRF->before(Object(CodeIgniter\HTTP\IncomingRequest), NULL)
#3 /home/grupodax/public_html/system/CodeIgniter.php(407): CodeIgniter\Filters\Filters->run('messages/get_no...', 'before')
#4 /home/grupodax/public_html/system/CodeIgniter.php(336): CodeIgniter\CodeIgniter->handleRequest(NULL, Object(Config\Cache), false)
#5 /home/grupodax/public_html/index.php(61): CodeIgniter\CodeIgniter->run()
#6 {main}
INFO - 2022-03-27 13:00:02 --> Session: Class initialized using 'CodeIgniter\Session\Handlers\DatabaseHandler' driver.
INFO - 2022-03-27 13:00:03 --> Session: Class initialized using 'CodeIgniter\Session\Handlers\DatabaseHandler' driver.
INFO - 2022-03-27 13:00:03 --> Session: Class initialized using 'CodeIgniter\Session\Handlers\DatabaseHandler' driver.
INFO - 2022-03-27 13:00:03 --> Session: Class initialized using 'CodeIgniter\Session\Handlers\DatabaseHandler' driver.
INFO - 2022-03-27 13:10:02 --> Session: Class initialized using 'CodeIgniter\Session\Handlers\DatabaseHandler' driver.
INFO - 2022-03-27 13:18:28 --> CSRF cookie sent.
INFO - 2022-03-27 13:18:28 --> Session: Class initialized using 'CodeIgniter\Session\Handlers\DatabaseHandler' driver.
INFO - 2022-03-27 13:18:28 --> CSRF cookie sent.
INFO - 2022-03-27 13:18:28 --> Session: Class initialized using 'CodeIgniter\Session\Handlers\DatabaseHandler' driver.
INFO - 2022-03-27 13:18:35 --> CSRF cookie sent.
INFO - 2022-03-27 13:18:35 --> CSRF token verified.
INFO - 2022-03-27 13:18:35 --> Session: Class initialized using 'CodeIgniter\Session\Handlers\DatabaseHandler' driver.
INFO - 2022-03-27 13:18:35 --> CSRF cookie sent.
INFO - 2022-03-27 13:18:35 --> Session: Class initialized using 'CodeIgniter\Session\Handlers\DatabaseHandler' driver.
INFO - 2022-03-27 13:18:36 --> CSRF cookie sent.
INFO - 2022-03-27 13:18:36 --> CSRF token verified.
INFO - 2022-03-27 13:18:36 --> CSRF cookie sent.
INFO - 2022-03-27 13:18:36 --> CSRF token verified.
INFO - 2022-03-27 13:18:36 --> CSRF cookie sent.
INFO - 2022-03-27 13:18:36 --> CSRF token verified.
INFO - 2022-03-27 13:18:36 --> Session: Class initialized using 'CodeIgniter\Session\Handlers\DatabaseHandler' driver.
INFO - 2022-03-27 13:18:36 --> Session: Class initialized using 'CodeIgniter\Session\Handlers\DatabaseHandler' driver.
INFO - 2022-03-27 13:18:36 --> Session: Class initialized using 'CodeIgniter\Session\Handlers\DatabaseHandler' driver.
INFO - 2022-03-27 13:18:41 --> CSRF cookie sent.
INFO - 2022-03-27 13:18:41 --> CSRF token verified.
INFO - 2022-03-27 13:18:41 --> Session: Class initialized using 'CodeIgniter\Session\Handlers\DatabaseHandler' driver.
INFO - 2022-03-27 13:18:46 --> CSRF cookie sent.
INFO - 2022-03-27 13:18:46 --> CSRF token verified.
INFO - 2022-03-27 13:18:46 --> Session: Class initialized using 'CodeIgniter\Session\Handlers\DatabaseHandler' driver.
INFO - 2022-03-27 13:18:52 --> CSRF cookie sent.
INFO - 2022-03-27 13:18:52 --> CSRF token verified.
INFO - 2022-03-27 13:18:52 --> Session: Class initialized using 'CodeIgniter\Session\Handlers\DatabaseHandler' driver.
INFO - 2022-03-27 13:18:57 --> CSRF cookie sent.
INFO - 2022-03-27 13:18:57 --> CSRF token verified.
INFO - 2022-03-27 13:18:57 --> Session: Class initialized using 'CodeIgniter\Session\Handlers\DatabaseHandler' driver.
INFO - 2022-03-27 13:19:02 --> CSRF cookie sent.
INFO - 2022-03-27 13:19:02 --> CSRF token verified.
INFO - 2022-03-27 13:19:02 --> Session: Class initialized using 'CodeIgniter\Session\Handlers\DatabaseHandler' driver.
INFO - 2022-03-27 13:19:08 --> CSRF cookie sent.
INFO - 2022-03-27 13:19:08 --> CSRF token verified.
INFO - 2022-03-27 13:19:08 --> Session: Class initialized using 'CodeIgniter\Session\Handlers\DatabaseHandler' driver.
INFO - 2022-03-27 13:19:13 --> CSRF cookie sent.
INFO - 2022-03-27 13:19:13 --> CSRF token verified.
INFO - 2022-03-27 13:19:13 --> Session: Class initialized using 'CodeIgniter\Session\Handlers\DatabaseHandler' driver.
INFO - 2022-03-27 13:19:19 --> CSRF cookie sent.
INFO - 2022-03-27 13:19:19 --> CSRF token verified.
INFO - 2022-03-27 13:19:19 --> Session: Class initialized using 'CodeIgniter\Session\Handlers\DatabaseHandler' driver.
INFO - 2022-03-27 13:19:25 --> CSRF cookie sent.
INFO - 2022-03-27 13:19:25 --> CSRF token verified.
INFO - 2022-03-27 13:19:25 --> Session: Class initialized using 'CodeIgniter\Session\Handlers\DatabaseHandler' driver.
INFO - 2022-03-27 13:19:31 --> CSRF cookie sent.
INFO - 2022-03-27 13:19:31 --> CSRF token verified.
INFO - 2022-03-27 13:19:31 --> Session: Class initialized using 'CodeIgniter\Session\Handlers\DatabaseHandler' driver.
INFO - 2022-03-27 13:19:37 --> CSRF cookie sent.
INFO - 2022-03-27 13:19:37 --> CSRF token verified.
INFO - 2022-03-27 13:19:37 --> Session: Class initialized using 'CodeIgniter\Session\Handlers\DatabaseHandler' driver.
INFO - 2022-03-27 13:19:43 --> CSRF cookie sent.
INFO - 2022-03-27 13:19:43 --> CSRF token verified.
INFO - 2022-03-27 13:19:43 --> Session: Class initialized using 'CodeIgniter\Session\Handlers\DatabaseHandler' driver.
INFO - 2022-03-27 13:19:49 --> CSRF cookie sent.
INFO - 2022-03-27 13:19:49 --> CSRF token verified.
INFO - 2022-03-27 13:19:49 --> Session: Class initialized using 'CodeIgniter\Session\Handlers\DatabaseHandler' driver.
INFO - 2022-03-27 13:19:55 --> CSRF cookie sent.
INFO - 2022-03-27 13:19:55 --> CSRF token verified.
INFO - 2022-03-27 13:19:55 --> Session: Class initialized using 'CodeIgniter\Session\Handlers\DatabaseHandler' driver.
INFO - 2022-03-27 13:20:01 --> CSRF cookie sent.
INFO - 2022-03-27 13:20:01 --> CSRF token verified.
INFO - 2022-03-27 13:20:01 --> Session: Class initialized using 'CodeIgniter\Session\Handlers\DatabaseHandler' driver.
INFO - 2022-03-27 13:20:02 --> Session: Class initialized using 'CodeIgniter\Session\Handlers\DatabaseHandler' driver.
INFO - 2022-03-27 13:20:07 --> CSRF cookie sent.
INFO - 2022-03-27 13:20:07 --> CSRF token verified.
INFO - 2022-03-27 13:20:07 --> Session: Class initialized using 'CodeIgniter\Session\Handlers\DatabaseHandler' driver.
INFO - 2022-03-27 13:20:13 --> CSRF cookie sent.
INFO - 2022-03-27 13:20:13 --> CSRF token verified.
INFO - 2022-03-27 13:20:13 --> Session: Class initialized using 'CodeIgniter\Session\Handlers\DatabaseHandler' driver.
INFO - 2022-03-27 13:20:19 --> CSRF cookie sent.
INFO - 2022-03-27 13:20:19 --> CSRF token verified.
INFO - 2022-03-27 13:20:19 --> Session: Class initialized using 'CodeIgniter\Session\Handlers\DatabaseHandler' driver.
INFO - 2022-03-27 13:20:25 --> CSRF cookie sent.
INFO - 2022-03-27 13:20:25 --> CSRF token verified.
INFO - 2022-03-27 13:20:25 --> Session: Class initialized using 'CodeIgniter\Session\Handlers\DatabaseHandler' driver.
INFO - 2022-03-27 13:20:31 --> CSRF cookie sent.
INFO - 2022-03-27 13:20:31 --> CSRF token verified.
INFO - 2022-03-27 13:20:31 --> Session: Class initialized using 'CodeIgniter\Session\Handlers\DatabaseHandler' driver.
INFO - 2022-03-27 13:20:37 --> CSRF cookie sent.
INFO - 2022-03-27 13:20:37 --> CSRF token verified.
INFO - 2022-03-27 13:20:37 --> Session: Class initialized using 'CodeIgniter\Session\Handlers\DatabaseHandler' driver.
INFO - 2022-03-27 13:20:39 --> CSRF cookie sent.
INFO - 2022-03-27 13:20:39 --> Session: Class initialized using 'CodeIgniter\Session\Handlers\DatabaseHandler' driver.
INFO - 2022-03-27 13:20:40 --> CSRF cookie sent.
INFO - 2022-03-27 13:20:40 --> CSRF token verified.
INFO - 2022-03-27 13:20:40 --> CSRF cookie sent.
INFO - 2022-03-27 13:20:40 --> CSRF token verified.
INFO - 2022-03-27 13:20:40 --> CSRF cookie sent.
INFO - 2022-03-27 13:20:40 --> CSRF token verified.
INFO - 2022-03-27 13:20:40 --> Session: Class initialized using 'CodeIgniter\Session\Handlers\DatabaseHandler' driver.
INFO - 2022-03-27 13:20:40 --> Session: Class initialized using 'CodeIgniter\Session\Handlers\DatabaseHandler' driver.
INFO - 2022-03-27 13:20:40 --> Session: Class initialized using 'CodeIgniter\Session\Handlers\DatabaseHandler' driver.
INFO - 2022-03-27 13:20:45 --> CSRF cookie sent.
INFO - 2022-03-27 13:20:45 --> CSRF token verified.
INFO - 2022-03-27 13:20:45 --> Session: Class initialized using 'CodeIgniter\Session\Handlers\DatabaseHandler' driver.
INFO - 2022-03-27 13:20:50 --> CSRF cookie sent.
INFO - 2022-03-27 13:20:50 --> CSRF token verified.
INFO - 2022-03-27 13:20:50 --> Session: Class initialized using 'CodeIgniter\Session\Handlers\DatabaseHandler' driver.
INFO - 2022-03-27 13:20:56 --> CSRF cookie sent.
INFO - 2022-03-27 13:20:56 --> CSRF token verified.
INFO - 2022-03-27 13:20:56 --> Session: Class initialized using 'CodeIgniter\Session\Handlers\DatabaseHandler' driver.
INFO - 2022-03-27 13:21:01 --> CSRF cookie sent.
INFO - 2022-03-27 13:21:01 --> CSRF token verified.
INFO - 2022-03-27 13:21:01 --> Session: Class initialized using 'CodeIgniter\Session\Handlers\DatabaseHandler' driver.
INFO - 2022-03-27 13:21:05 --> CSRF cookie sent.
INFO - 2022-03-27 13:21:05 --> CSRF token verified.
INFO - 2022-03-27 13:21:05 --> Session: Class initialized using 'CodeIgniter\Session\Handlers\DatabaseHandler' driver.
INFO - 2022-03-27 13:21:06 --> CSRF cookie sent.
INFO - 2022-03-27 13:21:06 --> CSRF token verified.
INFO - 2022-03-27 13:21:06 --> Session: Class initialized using 'CodeIgniter\Session\Handlers\DatabaseHandler' driver.
INFO - 2022-03-27 13:21:12 --> CSRF cookie sent.
INFO - 2022-03-27 13:21:12 --> CSRF token verified.
INFO - 2022-03-27 13:21:12 --> Session: Class initialized using 'CodeIgniter\Session\Handlers\DatabaseHandler' driver.
INFO - 2022-03-27 13:21:17 --> CSRF cookie sent.
INFO - 2022-03-27 13:21:17 --> CSRF token verified.
INFO - 2022-03-27 13:21:17 --> Session: Class initialized using 'CodeIgniter\Session\Handlers\DatabaseHandler' driver.
INFO - 2022-03-27 13:21:23 --> CSRF cookie sent.
INFO - 2022-03-27 13:21:23 --> CSRF token verified.
INFO - 2022-03-27 13:21:23 --> Session: Class initialized using 'CodeIgniter\Session\Handlers\DatabaseHandler' driver.
INFO - 2022-03-27 13:30:02 --> Session: Class initialized using 'CodeIgniter\Session\Handlers\DatabaseHandler' driver.
INFO - 2022-03-27 13:40:03 --> Session: Class initialized using 'CodeIgniter\Session\Handlers\DatabaseHandler' driver.
INFO - 2022-03-27 13:50:02 --> Session: Class initialized using 'CodeIgniter\Session\Handlers\DatabaseHandler' driver.
INFO - 2022-03-27 14:00:02 --> Session: Class initialized using 'CodeIgniter\Session\Handlers\DatabaseHandler' driver.
INFO - 2022-03-27 14:10:02 --> Session: Class initialized using 'CodeIgniter\Session\Handlers\DatabaseHandler' driver.
INFO - 2022-03-27 14:10:03 --> Session: Class initialized using 'CodeIgniter\Session\Handlers\DatabaseHandler' driver.
INFO - 2022-03-27 14:10:03 --> Session: Class initialized using 'CodeIgniter\Session\Handlers\DatabaseHandler' driver.
INFO - 2022-03-27 14:10:03 --> Session: Class initialized using 'CodeIgniter\Session\Handlers\DatabaseHandler' driver.
INFO - 2022-03-27 14:20:02 --> Session: Class initialized using 'CodeIgniter\Session\Handlers\DatabaseHandler' driver.
INFO - 2022-03-27 14:30:02 --> Session: Class initialized using 'CodeIgniter\Session\Handlers\DatabaseHandler' driver.
INFO - 2022-03-27 14:40:02 --> Session: Class initialized using 'CodeIgniter\Session\Handlers\DatabaseHandler' driver.
INFO - 2022-03-27 14:50:03 --> Session: Class initialized using 'CodeIgniter\Session\Handlers\DatabaseHandler' driver.
INFO - 2022-03-27 15:00:01 --> Session: Class initialized using 'CodeIgniter\Session\Handlers\DatabaseHandler' driver.
INFO - 2022-03-27 15:10:02 --> Session: Class initialized using 'CodeIgniter\Session\Handlers\DatabaseHandler' driver.
INFO - 2022-03-27 15:20:02 --> Session: Class initialized using 'CodeIgniter\Session\Handlers\DatabaseHandler' driver.
INFO - 2022-03-27 15:20:03 --> Session: Class initialized using 'CodeIgniter\Session\Handlers\DatabaseHandler' driver.
INFO - 2022-03-27 15:20:03 --> Session: Class initialized using 'CodeIgniter\Session\Handlers\DatabaseHandler' driver.
INFO - 2022-03-27 15:20:03 --> Session: Class initialized using 'CodeIgniter\Session\Handlers\DatabaseHandler' driver.
INFO - 2022-03-27 15:30:02 --> Session: Class initialized using 'CodeIgniter\Session\Handlers\DatabaseHandler' driver.
INFO - 2022-03-27 15:40:01 --> Session: Class initialized using 'CodeIgniter\Session\Handlers\DatabaseHandler' driver.
INFO - 2022-03-27 15:50:01 --> Session: Class initialized using 'CodeIgniter\Session\Handlers\DatabaseHandler' driver.
INFO - 2022-03-27 16:00:02 --> Session: Class initialized using 'CodeIgniter\Session\Handlers\DatabaseHandler' driver.
INFO - 2022-03-27 16:10:02 --> Session: Class initialized using 'CodeIgniter\Session\Handlers\DatabaseHandler' driver.
INFO - 2022-03-27 16:20:02 --> Session: Class initialized using 'CodeIgniter\Session\Handlers\DatabaseHandler' driver.
INFO - 2022-03-27 16:30:02 --> Session: Class initialized using 'CodeIgniter\Session\Handlers\DatabaseHandler' driver.
INFO - 2022-03-27 16:30:03 --> Session: Class initialized using 'CodeIgniter\Session\Handlers\DatabaseHandler' driver.
INFO - 2022-03-27 16:30:03 --> Session: Class initialized using 'CodeIgniter\Session\Handlers\DatabaseHandler' driver.
INFO - 2022-03-27 16:30:03 --> Session: Class initialized using 'CodeIgniter\Session\Handlers\DatabaseHandler' driver.
INFO - 2022-03-27 16:40:02 --> Session: Class initialized using 'CodeIgniter\Session\Handlers\DatabaseHandler' driver.
INFO - 2022-03-27 16:50:02 --> Session: Class initialized using 'CodeIgniter\Session\Handlers\DatabaseHandler' driver.
INFO - 2022-03-27 17:00:02 --> Session: Class initialized using 'CodeIgniter\Session\Handlers\DatabaseHandler' driver.
INFO - 2022-03-27 17:10:02 --> Session: Class initialized using 'CodeIgniter\Session\Handlers\DatabaseHandler' driver.
INFO - 2022-03-27 17:20:02 --> Session: Class initialized using 'CodeIgniter\Session\Handlers\DatabaseHandler' driver.
INFO - 2022-03-27 17:30:01 --> Session: Class initialized using 'CodeIgniter\Session\Handlers\DatabaseHandler' driver.
INFO - 2022-03-27 17:40:02 --> Session: Class initialized using 'CodeIgniter\Session\Handlers\DatabaseHandler' driver.
INFO - 2022-03-27 17:40:02 --> Session: Class initialized using 'CodeIgniter\Session\Handlers\DatabaseHandler' driver.
INFO - 2022-03-27 17:40:03 --> Session: Class initialized using 'CodeIgniter\Session\Handlers\DatabaseHandler' driver.
INFO - 2022-03-27 17:40:03 --> Session: Class initialized using 'CodeIgniter\Session\Handlers\DatabaseHandler' driver.
INFO - 2022-03-27 17:50:02 --> Session: Class initialized using 'CodeIgniter\Session\Handlers\DatabaseHandler' driver.
INFO - 2022-03-27 18:00:02 --> Session: Class initialized using 'CodeIgniter\Session\Handlers\DatabaseHandler' driver.
INFO - 2022-03-27 18:10:02 --> Session: Class initialized using 'CodeIgniter\Session\Handlers\DatabaseHandler' driver.
INFO - 2022-03-27 18:20:02 --> Session: Class initialized using 'CodeIgniter\Session\Handlers\DatabaseHandler' driver.
INFO - 2022-03-27 18:30:02 --> Session: Class initialized using 'CodeIgniter\Session\Handlers\DatabaseHandler' driver.
INFO - 2022-03-27 18:40:02 --> Session: Class initialized using 'CodeIgniter\Session\Handlers\DatabaseHandler' driver.
INFO - 2022-03-27 18:50:03 --> Session: Class initialized using 'CodeIgniter\Session\Handlers\DatabaseHandler' driver.
INFO - 2022-03-27 18:50:03 --> Session: Class initialized using 'CodeIgniter\Session\Handlers\DatabaseHandler' driver.
INFO - 2022-03-27 18:50:03 --> Session: Class initialized using 'CodeIgniter\Session\Handlers\DatabaseHandler' driver.
INFO - 2022-03-27 18:50:04 --> Session: Class initialized using 'CodeIgniter\Session\Handlers\DatabaseHandler' driver.
INFO - 2022-03-27 19:00:02 --> Session: Class initialized using 'CodeIgniter\Session\Handlers\DatabaseHandler' driver.
INFO - 2022-03-27 19:10:02 --> Session: Class initialized using 'CodeIgniter\Session\Handlers\DatabaseHandler' driver.
INFO - 2022-03-27 19:20:02 --> Session: Class initialized using 'CodeIgniter\Session\Handlers\DatabaseHandler' driver.
INFO - 2022-03-27 19:30:02 --> Session: Class initialized using 'CodeIgniter\Session\Handlers\DatabaseHandler' driver.
INFO - 2022-03-27 19:36:48 --> CSRF cookie sent.
INFO - 2022-03-27 19:36:48 --> Session: Class initialized using 'CodeIgniter\Session\Handlers\DatabaseHandler' driver.
INFO - 2022-03-27 19:36:48 --> CSRF cookie sent.
INFO - 2022-03-27 19:36:48 --> Session: Class initialized using 'CodeIgniter\Session\Handlers\DatabaseHandler' driver.
INFO - 2022-03-27 19:40:01 --> Session: Class initialized using 'CodeIgniter\Session\Handlers\DatabaseHandler' driver.
INFO - 2022-03-27 19:50:02 --> Session: Class initialized using 'CodeIgniter\Session\Handlers\DatabaseHandler' driver.
INFO - 2022-03-27 20:00:02 --> Session: Class initialized using 'CodeIgniter\Session\Handlers\DatabaseHandler' driver.
INFO - 2022-03-27 20:00:02 --> Session: Class initialized using 'CodeIgniter\Session\Handlers\DatabaseHandler' driver.
INFO - 2022-03-27 20:00:03 --> Session: Class initialized using 'CodeIgniter\Session\Handlers\DatabaseHandler' driver.
INFO - 2022-03-27 20:00:03 --> Session: Class initialized using 'CodeIgniter\Session\Handlers\DatabaseHandler' driver.
INFO - 2022-03-27 20:10:01 --> Session: Class initialized using 'CodeIgniter\Session\Handlers\DatabaseHandler' driver.
INFO - 2022-03-27 20:18:13 --> CSRF cookie sent.
INFO - 2022-03-27 20:18:13 --> Session: Class initialized using 'CodeIgniter\Session\Handlers\DatabaseHandler' driver.
INFO - 2022-03-27 20:18:13 --> CSRF cookie sent.
INFO - 2022-03-27 20:18:13 --> Session: Class initialized using 'CodeIgniter\Session\Handlers\DatabaseHandler' driver.
INFO - 2022-03-27 20:18:17 --> CSRF cookie sent.
INFO - 2022-03-27 20:18:17 --> Session: Class initialized using 'CodeIgniter\Session\Handlers\DatabaseHandler' driver.
INFO - 2022-03-27 20:18:17 --> CSRF cookie sent.
INFO - 2022-03-27 20:18:18 --> Session: Class initialized using 'CodeIgniter\Session\Handlers\DatabaseHandler' driver.
INFO - 2022-03-27 20:19:52 --> CSRF cookie sent.
INFO - 2022-03-27 20:19:52 --> CSRF token verified.
INFO - 2022-03-27 20:19:52 --> Session: Class initialized using 'CodeIgniter\Session\Handlers\DatabaseHandler' driver.
INFO - 2022-03-27 20:20:02 --> Session: Class initialized using 'CodeIgniter\Session\Handlers\DatabaseHandler' driver.
INFO - 2022-03-27 20:20:16 --> CSRF cookie sent.
INFO - 2022-03-27 20:20:16 --> Session: Class initialized using 'CodeIgniter\Session\Handlers\DatabaseHandler' driver.
INFO - 2022-03-27 20:20:24 --> CSRF cookie sent.
INFO - 2022-03-27 20:20:24 --> CSRF cookie sent.
INFO - 2022-03-27 20:20:24 --> CSRF token verified.
INFO - 2022-03-27 20:20:24 --> CSRF cookie sent.
INFO - 2022-03-27 20:20:24 --> CSRF token verified.
INFO - 2022-03-27 20:20:24 --> CSRF cookie sent.
INFO - 2022-03-27 20:20:24 --> CSRF token verified.
INFO - 2022-03-27 20:20:24 --> Session: Class initialized using 'CodeIgniter\Session\Handlers\DatabaseHandler' driver.
INFO - 2022-03-27 20:20:24 --> Session: Class initialized using 'CodeIgniter\Session\Handlers\DatabaseHandler' driver.
INFO - 2022-03-27 20:20:24 --> Session: Class initialized using 'CodeIgniter\Session\Handlers\DatabaseHandler' driver.
INFO - 2022-03-27 20:20:24 --> Session: Class initialized using 'CodeIgniter\Session\Handlers\DatabaseHandler' driver.
INFO - 2022-03-27 20:20:25 --> CSRF cookie sent.
INFO - 2022-03-27 20:20:25 --> CSRF token verified.
INFO - 2022-03-27 20:20:25 --> CSRF cookie sent.
INFO - 2022-03-27 20:20:25 --> CSRF token verified.
INFO - 2022-03-27 20:20:25 --> Session: Class initialized using 'CodeIgniter\Session\Handlers\DatabaseHandler' driver.
INFO - 2022-03-27 20:20:25 --> Session: Class initialized using 'CodeIgniter\Session\Handlers\DatabaseHandler' driver.
INFO - 2022-03-27 20:20:26 --> CSRF cookie sent.
INFO - 2022-03-27 20:20:26 --> CSRF token verified.
INFO - 2022-03-27 20:20:26 --> Session: Class initialized using 'CodeIgniter\Session\Handlers\DatabaseHandler' driver.
INFO - 2022-03-27 20:20:30 --> CSRF cookie sent.
INFO - 2022-03-27 20:20:30 --> CSRF token verified.
INFO - 2022-03-27 20:20:30 --> Session: Class initialized using 'CodeIgniter\Session\Handlers\DatabaseHandler' driver.
INFO - 2022-03-27 20:20:30 --> CSRF cookie sent.
INFO - 2022-03-27 20:20:30 --> Session: Class initialized using 'CodeIgniter\Session\Handlers\DatabaseHandler' driver.
INFO - 2022-03-27 20:20:31 --> CSRF cookie sent.
INFO - 2022-03-27 20:20:31 --> Session: Class initialized using 'CodeIgniter\Session\Handlers\DatabaseHandler' driver.
INFO - 2022-03-27 20:20:34 --> CSRF cookie sent.
INFO - 2022-03-27 20:20:34 --> CSRF token verified.
INFO - 2022-03-27 20:20:34 --> Session: Class initialized using 'CodeIgniter\Session\Handlers\DatabaseHandler' driver.
INFO - 2022-03-27 20:20:36 --> CSRF cookie sent.
INFO - 2022-03-27 20:20:36 --> CSRF token verified.
INFO - 2022-03-27 20:20:36 --> CSRF cookie sent.
INFO - 2022-03-27 20:20:36 --> CSRF token verified.
INFO - 2022-03-27 20:20:36 --> CSRF cookie sent.
INFO - 2022-03-27 20:20:36 --> CSRF token verified.
INFO - 2022-03-27 20:20:36 --> Session: Class initialized using 'CodeIgniter\Session\Handlers\DatabaseHandler' driver.
INFO - 2022-03-27 20:20:36 --> Session: Class initialized using 'CodeIgniter\Session\Handlers\DatabaseHandler' driver.
INFO - 2022-03-27 20:20:36 --> Session: Class initialized using 'CodeIgniter\Session\Handlers\DatabaseHandler' driver.
INFO - 2022-03-27 20:20:36 --> CSRF cookie sent.
INFO - 2022-03-27 20:20:36 --> CSRF token verified.
INFO - 2022-03-27 20:20:37 --> Session: Class initialized using 'CodeIgniter\Session\Handlers\DatabaseHandler' driver.
INFO - 2022-03-27 20:20:37 --> CSRF cookie sent.
INFO - 2022-03-27 20:20:37 --> CSRF token verified.
INFO - 2022-03-27 20:20:37 --> CSRF cookie sent.
INFO - 2022-03-27 20:20:37 --> CSRF token verified.
INFO - 2022-03-27 20:20:37 --> Session: Class initialized using 'CodeIgniter\Session\Handlers\DatabaseHandler' driver.
INFO - 2022-03-27 20:20:37 --> Session: Class initialized using 'CodeIgniter\Session\Handlers\DatabaseHandler' driver.
INFO - 2022-03-27 20:20:40 --> CSRF cookie sent.
INFO - 2022-03-27 20:20:40 --> CSRF token verified.
INFO - 2022-03-27 20:20:40 --> Session: Class initialized using 'CodeIgniter\Session\Handlers\DatabaseHandler' driver.
INFO - 2022-03-27 20:20:47 --> CSRF cookie sent.
INFO - 2022-03-27 20:20:47 --> CSRF token verified.
INFO - 2022-03-27 20:20:47 --> Session: Class initialized using 'CodeIgniter\Session\Handlers\DatabaseHandler' driver.
INFO - 2022-03-27 20:20:53 --> CSRF cookie sent.
INFO - 2022-03-27 20:20:53 --> CSRF token verified.
INFO - 2022-03-27 20:20:53 --> Session: Class initialized using 'CodeIgniter\Session\Handlers\DatabaseHandler' driver.
INFO - 2022-03-27 20:20:58 --> CSRF cookie sent.
INFO - 2022-03-27 20:20:58 --> CSRF token verified.
INFO - 2022-03-27 20:20:58 --> Session: Class initialized using 'CodeIgniter\Session\Handlers\DatabaseHandler' driver.
INFO - 2022-03-27 20:21:04 --> CSRF cookie sent.
INFO - 2022-03-27 20:21:04 --> CSRF token verified.
INFO - 2022-03-27 20:21:04 --> Session: Class initialized using 'CodeIgniter\Session\Handlers\DatabaseHandler' driver.
INFO - 2022-03-27 20:21:10 --> CSRF cookie sent.
INFO - 2022-03-27 20:21:10 --> CSRF token verified.
INFO - 2022-03-27 20:21:10 --> Session: Class initialized using 'CodeIgniter\Session\Handlers\DatabaseHandler' driver.
INFO - 2022-03-27 20:21:20 --> CSRF cookie sent.
INFO - 2022-03-27 20:21:20 --> CSRF token verified.
INFO - 2022-03-27 20:21:20 --> Session: Class initialized using 'CodeIgniter\Session\Handlers\DatabaseHandler' driver.
INFO - 2022-03-27 20:21:25 --> CSRF cookie sent.
INFO - 2022-03-27 20:21:25 --> CSRF token verified.
INFO - 2022-03-27 20:21:25 --> Session: Class initialized using 'CodeIgniter\Session\Handlers\DatabaseHandler' driver.
INFO - 2022-03-27 20:21:35 --> CSRF cookie sent.
INFO - 2022-03-27 20:21:35 --> CSRF token verified.
INFO - 2022-03-27 20:21:35 --> Session: Class initialized using 'CodeIgniter\Session\Handlers\DatabaseHandler' driver.
INFO - 2022-03-27 20:21:44 --> CSRF cookie sent.
INFO - 2022-03-27 20:21:44 --> CSRF token verified.
INFO - 2022-03-27 20:21:44 --> Session: Class initialized using 'CodeIgniter\Session\Handlers\DatabaseHandler' driver.
INFO - 2022-03-27 20:21:50 --> CSRF cookie sent.
INFO - 2022-03-27 20:21:50 --> CSRF token verified.
INFO - 2022-03-27 20:21:50 --> Session: Class initialized using 'CodeIgniter\Session\Handlers\DatabaseHandler' driver.
INFO - 2022-03-27 20:22:02 --> CSRF cookie sent.
INFO - 2022-03-27 20:22:02 --> CSRF token verified.
INFO - 2022-03-27 20:22:02 --> Session: Class initialized using 'CodeIgniter\Session\Handlers\DatabaseHandler' driver.
INFO - 2022-03-27 20:22:04 --> CSRF cookie sent.
INFO - 2022-03-27 20:22:04 --> CSRF token verified.
INFO - 2022-03-27 20:22:04 --> Session: Class initialized using 'CodeIgniter\Session\Handlers\DatabaseHandler' driver.
INFO - 2022-03-27 20:22:04 --> Session: Class initialized using 'CodeIgniter\Session\Handlers\DatabaseHandler' driver.
INFO - 2022-03-27 20:22:07 --> CSRF cookie sent.
INFO - 2022-03-27 20:22:07 --> CSRF token verified.
INFO - 2022-03-27 20:22:07 --> Session: Class initialized using 'CodeIgniter\Session\Handlers\DatabaseHandler' driver.
INFO - 2022-03-27 20:22:13 --> CSRF cookie sent.
INFO - 2022-03-27 20:22:13 --> CSRF token verified.
INFO - 2022-03-27 20:22:13 --> Session: Class initialized using 'CodeIgniter\Session\Handlers\DatabaseHandler' driver.
INFO - 2022-03-27 20:22:18 --> CSRF cookie sent.
INFO - 2022-03-27 20:22:18 --> CSRF token verified.
INFO - 2022-03-27 20:22:18 --> Session: Class initialized using 'CodeIgniter\Session\Handlers\DatabaseHandler' driver.
INFO - 2022-03-27 20:22:25 --> CSRF cookie sent.
INFO - 2022-03-27 20:22:25 --> CSRF token verified.
INFO - 2022-03-27 20:22:25 --> Session: Class initialized using 'CodeIgniter\Session\Handlers\DatabaseHandler' driver.
INFO - 2022-03-27 20:22:30 --> CSRF cookie sent.
INFO - 2022-03-27 20:22:30 --> CSRF token verified.
INFO - 2022-03-27 20:22:30 --> Session: Class initialized using 'CodeIgniter\Session\Handlers\DatabaseHandler' driver.
INFO - 2022-03-27 20:22:40 --> CSRF cookie sent.
INFO - 2022-03-27 20:22:40 --> CSRF token verified.
INFO - 2022-03-27 20:22:40 --> Session: Class initialized using 'CodeIgniter\Session\Handlers\DatabaseHandler' driver.
INFO - 2022-03-27 20:22:46 --> CSRF cookie sent.
INFO - 2022-03-27 20:22:46 --> CSRF token verified.
INFO - 2022-03-27 20:22:46 --> Session: Class initialized using 'CodeIgniter\Session\Handlers\DatabaseHandler' driver.
INFO - 2022-03-27 20:22:52 --> CSRF cookie sent.
INFO - 2022-03-27 20:22:52 --> CSRF token verified.
INFO - 2022-03-27 20:22:52 --> Session: Class initialized using 'CodeIgniter\Session\Handlers\DatabaseHandler' driver.
INFO - 2022-03-27 20:22:58 --> CSRF cookie sent.
INFO - 2022-03-27 20:22:58 --> CSRF token verified.
INFO - 2022-03-27 20:22:58 --> Session: Class initialized using 'CodeIgniter\Session\Handlers\DatabaseHandler' driver.
INFO - 2022-03-27 20:23:12 --> CSRF cookie sent.
INFO - 2022-03-27 20:23:12 --> CSRF token verified.
INFO - 2022-03-27 20:23:12 --> Session: Class initialized using 'CodeIgniter\Session\Handlers\DatabaseHandler' driver.
INFO - 2022-03-27 20:23:18 --> CSRF cookie sent.
INFO - 2022-03-27 20:23:18 --> CSRF token verified.
INFO - 2022-03-27 20:23:18 --> Session: Class initialized using 'CodeIgniter\Session\Handlers\DatabaseHandler' driver.
INFO - 2022-03-27 20:23:24 --> CSRF cookie sent.
INFO - 2022-03-27 20:23:24 --> CSRF token verified.
INFO - 2022-03-27 20:23:24 --> Session: Class initialized using 'CodeIgniter\Session\Handlers\DatabaseHandler' driver.
INFO - 2022-03-27 20:23:30 --> CSRF cookie sent.
INFO - 2022-03-27 20:23:30 --> CSRF token verified.
INFO - 2022-03-27 20:23:30 --> Session: Class initialized using 'CodeIgniter\Session\Handlers\DatabaseHandler' driver.
INFO - 2022-03-27 20:23:36 --> CSRF cookie sent.
INFO - 2022-03-27 20:23:36 --> CSRF token verified.
INFO - 2022-03-27 20:23:36 --> Session: Class initialized using 'CodeIgniter\Session\Handlers\DatabaseHandler' driver.
INFO - 2022-03-27 20:23:42 --> CSRF cookie sent.
INFO - 2022-03-27 20:23:42 --> CSRF token verified.
INFO - 2022-03-27 20:23:42 --> Session: Class initialized using 'CodeIgniter\Session\Handlers\DatabaseHandler' driver.
INFO - 2022-03-27 20:23:48 --> CSRF cookie sent.
INFO - 2022-03-27 20:23:48 --> CSRF token verified.
INFO - 2022-03-27 20:23:48 --> Session: Class initialized using 'CodeIgniter\Session\Handlers\DatabaseHandler' driver.
INFO - 2022-03-27 20:30:02 --> Session: Class initialized using 'CodeIgniter\Session\Handlers\DatabaseHandler' driver.
INFO - 2022-03-27 20:40:02 --> Session: Class initialized using 'CodeIgniter\Session\Handlers\DatabaseHandler' driver.
INFO - 2022-03-27 20:50:02 --> Session: Class initialized using 'CodeIgniter\Session\Handlers\DatabaseHandler' driver.
INFO - 2022-03-27 21:00:02 --> Session: Class initialized using 'CodeIgniter\Session\Handlers\DatabaseHandler' driver.
CRITICAL - 2022-03-27 21:08:33 --> The action you requested is not allowed.
#0 /home/grupodax/public_html/system/Security/Security.php(240): CodeIgniter\Security\Exceptions\SecurityException::forDisallowedAction()
#1 /home/grupodax/public_html/system/Filters/CSRF.php(57): CodeIgniter\Security\Security->verify(Object(CodeIgniter\HTTP\IncomingRequest))
#2 /home/grupodax/public_html/system/Filters/Filters.php(181): CodeIgniter\Filters\CSRF->before(Object(CodeIgniter\HTTP\IncomingRequest), NULL)
#3 /home/grupodax/public_html/system/CodeIgniter.php(407): CodeIgniter\Filters\Filters->run('messages/get_no...', 'before')
#4 /home/grupodax/public_html/system/CodeIgniter.php(336): CodeIgniter\CodeIgniter->handleRequest(NULL, Object(Config\Cache), false)
#5 /home/grupodax/public_html/index.php(61): CodeIgniter\CodeIgniter->run()
#6 {main}
INFO - 2022-03-27 21:10:02 --> Session: Class initialized using 'CodeIgniter\Session\Handlers\DatabaseHandler' driver.
INFO - 2022-03-27 21:10:02 --> Session: Class initialized using 'CodeIgniter\Session\Handlers\DatabaseHandler' driver.
INFO - 2022-03-27 21:10:02 --> Session: Class initialized using 'CodeIgniter\Session\Handlers\DatabaseHandler' driver.
INFO - 2022-03-27 21:10:02 --> Session: Class initialized using 'CodeIgniter\Session\Handlers\DatabaseHandler' driver.
INFO - 2022-03-27 21:20:03 --> Session: Class initialized using 'CodeIgniter\Session\Handlers\DatabaseHandler' driver.
INFO - 2022-03-27 21:30:02 --> Session: Class initialized using 'CodeIgniter\Session\Handlers\DatabaseHandler' driver.
INFO - 2022-03-27 21:40:02 --> Session: Class initialized using 'CodeIgniter\Session\Handlers\DatabaseHandler' driver.
INFO - 2022-03-27 21:50:01 --> Session: Class initialized using 'CodeIgniter\Session\Handlers\DatabaseHandler' driver.
INFO - 2022-03-27 22:00:02 --> Session: Class initialized using 'CodeIgniter\Session\Handlers\DatabaseHandler' driver.
INFO - 2022-03-27 22:10:02 --> Session: Class initialized using 'CodeIgniter\Session\Handlers\DatabaseHandler' driver.
INFO - 2022-03-27 22:20:03 --> Session: Class initialized using 'CodeIgniter\Session\Handlers\DatabaseHandler' driver.
INFO - 2022-03-27 22:20:03 --> Session: Class initialized using 'CodeIgniter\Session\Handlers\DatabaseHandler' driver.
INFO - 2022-03-27 22:20:03 --> Session: Class initialized using 'CodeIgniter\Session\Handlers\DatabaseHandler' driver.
INFO - 2022-03-27 22:20:03 --> Session: Class initialized using 'CodeIgniter\Session\Handlers\DatabaseHandler' driver.
INFO - 2022-03-27 22:30:03 --> Session: Class initialized using 'CodeIgniter\Session\Handlers\DatabaseHandler' driver.
INFO - 2022-03-27 22:40:01 --> Session: Class initialized using 'CodeIgniter\Session\Handlers\DatabaseHandler' driver.
INFO - 2022-03-27 22:50:01 --> Session: Class initialized using 'CodeIgniter\Session\Handlers\DatabaseHandler' driver.
INFO - 2022-03-27 23:00:02 --> Session: Class initialized using 'CodeIgniter\Session\Handlers\DatabaseHandler' driver.
INFO - 2022-03-27 23:10:02 --> Session: Class initialized using 'CodeIgniter\Session\Handlers\DatabaseHandler' driver.
INFO - 2022-03-27 23:20:02 --> Session: Class initialized using 'CodeIgniter\Session\Handlers\DatabaseHandler' driver.
INFO - 2022-03-27 23:30:02 --> Session: Class initialized using 'CodeIgniter\Session\Handlers\DatabaseHandler' driver.
INFO - 2022-03-27 23:30:03 --> Session: Class initialized using 'CodeIgniter\Session\Handlers\DatabaseHandler' driver.
INFO - 2022-03-27 23:30:03 --> Session: Class initialized using 'CodeIgniter\Session\Handlers\DatabaseHandler' driver.
INFO - 2022-03-27 23:30:03 --> Session: Class initialized using 'CodeIgniter\Session\Handlers\DatabaseHandler' driver.
INFO - 2022-03-27 23:40:02 --> Session: Class initialized using 'CodeIgniter\Session\Handlers\DatabaseHandler' driver.
INFO - 2022-03-27 23:50:02 --> Session: Class initialized using 'CodeIgniter\Session\Handlers\DatabaseHandler' driver.
