CRITICAL - 2021-12-01 01:09:32 --> The action you requested is not allowed.
#0 C:\wamp64\www\yocontigo\grupodaxi\system\Security\Security.php(240): CodeIgniter\Security\Exceptions\SecurityException::forDisallowedAction()
#1 C:\wamp64\www\yocontigo\grupodaxi\system\Filters\CSRF.php(57): CodeIgniter\Security\Security->verify(Object(CodeIgniter\HTTP\IncomingRequest))
#2 C:\wamp64\www\yocontigo\grupodaxi\system\Filters\Filters.php(181): CodeIgniter\Filters\CSRF->before(Object(CodeIgniter\HTTP\IncomingRequest), NULL)
#3 C:\wamp64\www\yocontigo\grupodaxi\system\CodeIgniter.php(407): CodeIgniter\Filters\Filters->run('messages/get_no...', 'before')
#4 C:\wamp64\www\yocontigo\grupodaxi\system\CodeIgniter.php(336): CodeIgniter\CodeIgniter->handleRequest(NULL, Object(Config\Cache), false)
#5 C:\wamp64\www\yocontigo\grupodaxi\index.php(61): CodeIgniter\CodeIgniter->run()
#6 {main}
CRITICAL - 2021-12-01 01:09:32 --> The action you requested is not allowed.
#0 C:\wamp64\www\yocontigo\grupodaxi\system\Security\Security.php(240): CodeIgniter\Security\Exceptions\SecurityException::forDisallowedAction()
#1 C:\wamp64\www\yocontigo\grupodaxi\system\Filters\CSRF.php(57): CodeIgniter\Security\Security->verify(Object(CodeIgniter\HTTP\IncomingRequest))
#2 C:\wamp64\www\yocontigo\grupodaxi\system\Filters\Filters.php(181): CodeIgniter\Filters\CSRF->before(Object(CodeIgniter\HTTP\IncomingRequest), NULL)
#3 C:\wamp64\www\yocontigo\grupodaxi\system\CodeIgniter.php(407): CodeIgniter\Filters\Filters->run('notifications/c...', 'before')
#4 C:\wamp64\www\yocontigo\grupodaxi\system\CodeIgniter.php(336): CodeIgniter\CodeIgniter->handleRequest(NULL, Object(Config\Cache), false)
#5 C:\wamp64\www\yocontigo\grupodaxi\index.php(61): CodeIgniter\CodeIgniter->run()
#6 {main}
INFO - 2021-12-01 01:09:34 --> CSRF cookie sent.
INFO - 2021-12-01 01:09:34 --> Session: Class initialized using 'CodeIgniter\Session\Handlers\DatabaseHandler' driver.
INFO - 2021-12-01 01:09:34 --> CSRF cookie sent.
INFO - 2021-12-01 01:09:34 --> Session: Class initialized using 'CodeIgniter\Session\Handlers\DatabaseHandler' driver.
INFO - 2021-12-01 01:09:38 --> CSRF cookie sent.
INFO - 2021-12-01 01:09:38 --> CSRF token verified.
INFO - 2021-12-01 01:09:38 --> Session: Class initialized using 'CodeIgniter\Session\Handlers\DatabaseHandler' driver.
INFO - 2021-12-01 01:09:38 --> CSRF cookie sent.
INFO - 2021-12-01 01:09:38 --> Session: Class initialized using 'CodeIgniter\Session\Handlers\DatabaseHandler' driver.
INFO - 2021-12-01 01:09:39 --> CSRF cookie sent.
INFO - 2021-12-01 01:09:39 --> CSRF token verified.
INFO - 2021-12-01 01:09:39 --> CSRF cookie sent.
INFO - 2021-12-01 01:09:39 --> CSRF token verified.
INFO - 2021-12-01 01:09:39 --> Session: Class initialized using 'CodeIgniter\Session\Handlers\DatabaseHandler' driver.
INFO - 2021-12-01 01:09:39 --> Session: Class initialized using 'CodeIgniter\Session\Handlers\DatabaseHandler' driver.
INFO - 2021-12-01 01:09:39 --> CSRF cookie sent.
INFO - 2021-12-01 01:09:39 --> CSRF token verified.
INFO - 2021-12-01 01:09:39 --> Session: Class initialized using 'CodeIgniter\Session\Handlers\DatabaseHandler' driver.
ERROR - 2021-12-01 01:09:39 --> You have an error in your SQL syntax; check the manual that corresponds to your MySQL server version for the right syntax to use near 'limit 0,3' at line 33
CRITICAL - 2021-12-01 01:09:39 --> Call to a member function getResult() on bool
#0 C:\wamp64\www\yocontigo\grupodaxi\system\CodeIgniter.php(928): App\Controllers\Leads->list_data()
#1 C:\wamp64\www\yocontigo\grupodaxi\system\CodeIgniter.php(436): CodeIgniter\CodeIgniter->runController(Object(App\Controllers\Leads))
#2 C:\wamp64\www\yocontigo\grupodaxi\system\CodeIgniter.php(336): CodeIgniter\CodeIgniter->handleRequest(NULL, Object(Config\Cache), false)
#3 C:\wamp64\www\yocontigo\grupodaxi\index.php(61): CodeIgniter\CodeIgniter->run()
#4 {main}
INFO - 2021-12-01 01:09:44 --> CSRF cookie sent.
INFO - 2021-12-01 01:09:44 --> CSRF token verified.
INFO - 2021-12-01 01:09:44 --> Session: Class initialized using 'CodeIgniter\Session\Handlers\DatabaseHandler' driver.
INFO - 2021-12-01 01:09:49 --> CSRF cookie sent.
INFO - 2021-12-01 01:09:49 --> CSRF token verified.
INFO - 2021-12-01 01:09:49 --> Session: Class initialized using 'CodeIgniter\Session\Handlers\DatabaseHandler' driver.
INFO - 2021-12-01 01:09:50 --> CSRF cookie sent.
INFO - 2021-12-01 01:09:50 --> Session: Class initialized using 'CodeIgniter\Session\Handlers\DatabaseHandler' driver.
INFO - 2021-12-01 01:09:51 --> CSRF cookie sent.
INFO - 2021-12-01 01:09:51 --> CSRF token verified.
INFO - 2021-12-01 01:09:51 --> CSRF cookie sent.
INFO - 2021-12-01 01:09:51 --> CSRF token verified.
INFO - 2021-12-01 01:09:51 --> Session: Class initialized using 'CodeIgniter\Session\Handlers\DatabaseHandler' driver.
INFO - 2021-12-01 01:09:51 --> Session: Class initialized using 'CodeIgniter\Session\Handlers\DatabaseHandler' driver.
INFO - 2021-12-01 01:09:51 --> CSRF cookie sent.
INFO - 2021-12-01 01:09:51 --> CSRF token verified.
INFO - 2021-12-01 01:09:52 --> Session: Class initialized using 'CodeIgniter\Session\Handlers\DatabaseHandler' driver.
ERROR - 2021-12-01 01:09:52 --> You have an error in your SQL syntax; check the manual that corresponds to your MySQL server version for the right syntax to use near 'limit 0,3' at line 33
CRITICAL - 2021-12-01 01:09:52 --> Call to a member function getResult() on bool
#0 C:\wamp64\www\yocontigo\grupodaxi\system\CodeIgniter.php(928): App\Controllers\Leads->list_data()
#1 C:\wamp64\www\yocontigo\grupodaxi\system\CodeIgniter.php(436): CodeIgniter\CodeIgniter->runController(Object(App\Controllers\Leads))
#2 C:\wamp64\www\yocontigo\grupodaxi\system\CodeIgniter.php(336): CodeIgniter\CodeIgniter->handleRequest(NULL, Object(Config\Cache), false)
#3 C:\wamp64\www\yocontigo\grupodaxi\index.php(61): CodeIgniter\CodeIgniter->run()
#4 {main}
INFO - 2021-12-01 01:09:57 --> CSRF cookie sent.
INFO - 2021-12-01 01:09:57 --> CSRF token verified.
INFO - 2021-12-01 01:09:57 --> Session: Class initialized using 'CodeIgniter\Session\Handlers\DatabaseHandler' driver.
INFO - 2021-12-01 01:10:02 --> CSRF cookie sent.
INFO - 2021-12-01 01:10:02 --> CSRF token verified.
INFO - 2021-12-01 01:10:02 --> Session: Class initialized using 'CodeIgniter\Session\Handlers\DatabaseHandler' driver.
INFO - 2021-12-01 01:10:07 --> CSRF cookie sent.
INFO - 2021-12-01 01:10:07 --> CSRF token verified.
INFO - 2021-12-01 01:10:07 --> Session: Class initialized using 'CodeIgniter\Session\Handlers\DatabaseHandler' driver.
INFO - 2021-12-01 01:10:12 --> CSRF cookie sent.
INFO - 2021-12-01 01:10:12 --> CSRF token verified.
INFO - 2021-12-01 01:10:12 --> Session: Class initialized using 'CodeIgniter\Session\Handlers\DatabaseHandler' driver.
INFO - 2021-12-01 01:10:16 --> CSRF cookie sent.
INFO - 2021-12-01 01:10:16 --> Session: Class initialized using 'CodeIgniter\Session\Handlers\DatabaseHandler' driver.
INFO - 2021-12-01 01:10:17 --> CSRF cookie sent.
INFO - 2021-12-01 01:10:17 --> CSRF token verified.
INFO - 2021-12-01 01:10:17 --> CSRF cookie sent.
INFO - 2021-12-01 01:10:17 --> CSRF token verified.
INFO - 2021-12-01 01:10:17 --> Session: Class initialized using 'CodeIgniter\Session\Handlers\DatabaseHandler' driver.
INFO - 2021-12-01 01:10:17 --> CSRF cookie sent.
INFO - 2021-12-01 01:10:17 --> CSRF token verified.
INFO - 2021-12-01 01:10:17 --> Session: Class initialized using 'CodeIgniter\Session\Handlers\DatabaseHandler' driver.
INFO - 2021-12-01 01:10:17 --> Session: Class initialized using 'CodeIgniter\Session\Handlers\DatabaseHandler' driver.
INFO - 2021-12-01 01:10:22 --> CSRF cookie sent.
INFO - 2021-12-01 01:10:22 --> CSRF token verified.
INFO - 2021-12-01 01:10:31 --> Session: Class initialized using 'CodeIgniter\Session\Handlers\DatabaseHandler' driver.
INFO - 2021-12-01 01:10:37 --> CSRF cookie sent.
INFO - 2021-12-01 01:10:37 --> CSRF token verified.
INFO - 2021-12-01 01:10:37 --> Session: Class initialized using 'CodeIgniter\Session\Handlers\DatabaseHandler' driver.
INFO - 2021-12-01 01:10:42 --> CSRF cookie sent.
INFO - 2021-12-01 01:10:42 --> CSRF token verified.
INFO - 2021-12-01 01:10:42 --> Session: Class initialized using 'CodeIgniter\Session\Handlers\DatabaseHandler' driver.
INFO - 2021-12-01 01:10:47 --> CSRF cookie sent.
INFO - 2021-12-01 01:10:47 --> CSRF token verified.
INFO - 2021-12-01 01:10:47 --> Session: Class initialized using 'CodeIgniter\Session\Handlers\DatabaseHandler' driver.
INFO - 2021-12-01 01:10:52 --> CSRF cookie sent.
INFO - 2021-12-01 01:10:52 --> CSRF token verified.
INFO - 2021-12-01 01:10:52 --> Session: Class initialized using 'CodeIgniter\Session\Handlers\DatabaseHandler' driver.
INFO - 2021-12-01 01:10:58 --> CSRF cookie sent.
INFO - 2021-12-01 01:10:58 --> CSRF token verified.
INFO - 2021-12-01 01:10:58 --> Session: Class initialized using 'CodeIgniter\Session\Handlers\DatabaseHandler' driver.
INFO - 2021-12-01 01:11:03 --> CSRF cookie sent.
INFO - 2021-12-01 01:11:03 --> CSRF token verified.
INFO - 2021-12-01 01:11:03 --> Session: Class initialized using 'CodeIgniter\Session\Handlers\DatabaseHandler' driver.
INFO - 2021-12-01 01:11:08 --> CSRF cookie sent.
INFO - 2021-12-01 01:11:08 --> CSRF token verified.
INFO - 2021-12-01 01:11:08 --> Session: Class initialized using 'CodeIgniter\Session\Handlers\DatabaseHandler' driver.
INFO - 2021-12-01 01:11:08 --> CSRF cookie sent.
INFO - 2021-12-01 01:11:08 --> CSRF token verified.
INFO - 2021-12-01 01:11:08 --> Session: Class initialized using 'CodeIgniter\Session\Handlers\DatabaseHandler' driver.
INFO - 2021-12-01 01:11:13 --> CSRF cookie sent.
INFO - 2021-12-01 01:11:13 --> CSRF token verified.
INFO - 2021-12-01 01:11:13 --> Session: Class initialized using 'CodeIgniter\Session\Handlers\DatabaseHandler' driver.
INFO - 2021-12-01 01:11:17 --> CSRF cookie sent.
INFO - 2021-12-01 01:11:17 --> CSRF token verified.
INFO - 2021-12-01 01:11:17 --> Session: Class initialized using 'CodeIgniter\Session\Handlers\DatabaseHandler' driver.
INFO - 2021-12-01 01:11:18 --> CSRF cookie sent.
INFO - 2021-12-01 01:11:18 --> CSRF token verified.
INFO - 2021-12-01 01:11:18 --> Session: Class initialized using 'CodeIgniter\Session\Handlers\DatabaseHandler' driver.
INFO - 2021-12-01 01:11:23 --> CSRF cookie sent.
INFO - 2021-12-01 01:11:23 --> CSRF token verified.
INFO - 2021-12-01 01:11:23 --> Session: Class initialized using 'CodeIgniter\Session\Handlers\DatabaseHandler' driver.
INFO - 2021-12-01 01:11:28 --> CSRF cookie sent.
INFO - 2021-12-01 01:11:28 --> CSRF token verified.
INFO - 2021-12-01 01:11:29 --> Session: Class initialized using 'CodeIgniter\Session\Handlers\DatabaseHandler' driver.
INFO - 2021-12-01 01:11:34 --> CSRF cookie sent.
INFO - 2021-12-01 01:11:34 --> CSRF token verified.
INFO - 2021-12-01 01:11:34 --> Session: Class initialized using 'CodeIgniter\Session\Handlers\DatabaseHandler' driver.
INFO - 2021-12-01 01:11:39 --> CSRF cookie sent.
INFO - 2021-12-01 01:11:39 --> CSRF token verified.
INFO - 2021-12-01 01:11:39 --> Session: Class initialized using 'CodeIgniter\Session\Handlers\DatabaseHandler' driver.
INFO - 2021-12-01 01:11:44 --> CSRF cookie sent.
INFO - 2021-12-01 01:11:44 --> CSRF token verified.
INFO - 2021-12-01 01:11:44 --> Session: Class initialized using 'CodeIgniter\Session\Handlers\DatabaseHandler' driver.
INFO - 2021-12-01 01:11:49 --> CSRF cookie sent.
INFO - 2021-12-01 01:11:49 --> CSRF token verified.
INFO - 2021-12-01 01:11:49 --> Session: Class initialized using 'CodeIgniter\Session\Handlers\DatabaseHandler' driver.
INFO - 2021-12-01 01:11:54 --> CSRF cookie sent.
INFO - 2021-12-01 01:11:54 --> CSRF token verified.
INFO - 2021-12-01 01:11:54 --> Session: Class initialized using 'CodeIgniter\Session\Handlers\DatabaseHandler' driver.
INFO - 2021-12-01 01:11:59 --> CSRF cookie sent.
INFO - 2021-12-01 01:11:59 --> CSRF token verified.
INFO - 2021-12-01 01:11:59 --> Session: Class initialized using 'CodeIgniter\Session\Handlers\DatabaseHandler' driver.
INFO - 2021-12-01 01:12:05 --> CSRF cookie sent.
INFO - 2021-12-01 01:12:05 --> CSRF token verified.
INFO - 2021-12-01 01:12:05 --> Session: Class initialized using 'CodeIgniter\Session\Handlers\DatabaseHandler' driver.
INFO - 2021-12-01 01:12:10 --> CSRF cookie sent.
INFO - 2021-12-01 01:12:10 --> CSRF token verified.
INFO - 2021-12-01 01:12:10 --> Session: Class initialized using 'CodeIgniter\Session\Handlers\DatabaseHandler' driver.
INFO - 2021-12-01 01:12:15 --> CSRF cookie sent.
INFO - 2021-12-01 01:12:15 --> CSRF token verified.
INFO - 2021-12-01 01:12:15 --> Session: Class initialized using 'CodeIgniter\Session\Handlers\DatabaseHandler' driver.
INFO - 2021-12-01 01:12:17 --> CSRF cookie sent.
INFO - 2021-12-01 01:12:17 --> CSRF token verified.
INFO - 2021-12-01 01:12:17 --> Session: Class initialized using 'CodeIgniter\Session\Handlers\DatabaseHandler' driver.
INFO - 2021-12-01 01:12:20 --> CSRF cookie sent.
INFO - 2021-12-01 01:12:20 --> CSRF token verified.
INFO - 2021-12-01 01:12:20 --> Session: Class initialized using 'CodeIgniter\Session\Handlers\DatabaseHandler' driver.
INFO - 2021-12-01 01:12:25 --> CSRF cookie sent.
INFO - 2021-12-01 01:12:25 --> CSRF token verified.
INFO - 2021-12-01 01:12:25 --> Session: Class initialized using 'CodeIgniter\Session\Handlers\DatabaseHandler' driver.
INFO - 2021-12-01 01:12:30 --> CSRF cookie sent.
INFO - 2021-12-01 01:12:30 --> CSRF token verified.
INFO - 2021-12-01 01:12:31 --> Session: Class initialized using 'CodeIgniter\Session\Handlers\DatabaseHandler' driver.
INFO - 2021-12-01 01:12:36 --> CSRF cookie sent.
INFO - 2021-12-01 01:12:36 --> CSRF token verified.
INFO - 2021-12-01 01:12:36 --> Session: Class initialized using 'CodeIgniter\Session\Handlers\DatabaseHandler' driver.
INFO - 2021-12-01 01:12:41 --> CSRF cookie sent.
INFO - 2021-12-01 01:12:41 --> CSRF token verified.
INFO - 2021-12-01 01:12:41 --> Session: Class initialized using 'CodeIgniter\Session\Handlers\DatabaseHandler' driver.
INFO - 2021-12-01 01:12:46 --> CSRF cookie sent.
INFO - 2021-12-01 01:12:46 --> CSRF token verified.
INFO - 2021-12-01 01:12:46 --> Session: Class initialized using 'CodeIgniter\Session\Handlers\DatabaseHandler' driver.
INFO - 2021-12-01 01:12:52 --> CSRF cookie sent.
INFO - 2021-12-01 01:12:52 --> CSRF token verified.
INFO - 2021-12-01 01:12:52 --> Session: Class initialized using 'CodeIgniter\Session\Handlers\DatabaseHandler' driver.
INFO - 2021-12-01 01:12:57 --> CSRF cookie sent.
INFO - 2021-12-01 01:12:57 --> CSRF token verified.
INFO - 2021-12-01 01:12:57 --> Session: Class initialized using 'CodeIgniter\Session\Handlers\DatabaseHandler' driver.
INFO - 2021-12-01 01:13:02 --> CSRF cookie sent.
INFO - 2021-12-01 01:13:02 --> CSRF token verified.
INFO - 2021-12-01 01:13:02 --> Session: Class initialized using 'CodeIgniter\Session\Handlers\DatabaseHandler' driver.
INFO - 2021-12-01 01:13:07 --> CSRF cookie sent.
INFO - 2021-12-01 01:13:07 --> CSRF token verified.
INFO - 2021-12-01 01:13:08 --> Session: Class initialized using 'CodeIgniter\Session\Handlers\DatabaseHandler' driver.
INFO - 2021-12-01 01:13:13 --> CSRF cookie sent.
INFO - 2021-12-01 01:13:13 --> CSRF token verified.
INFO - 2021-12-01 01:13:13 --> Session: Class initialized using 'CodeIgniter\Session\Handlers\DatabaseHandler' driver.
INFO - 2021-12-01 01:13:18 --> CSRF cookie sent.
INFO - 2021-12-01 01:13:18 --> CSRF token verified.
INFO - 2021-12-01 01:13:18 --> Session: Class initialized using 'CodeIgniter\Session\Handlers\DatabaseHandler' driver.
INFO - 2021-12-01 01:13:19 --> CSRF cookie sent.
INFO - 2021-12-01 01:13:19 --> CSRF token verified.
INFO - 2021-12-01 01:13:19 --> Session: Class initialized using 'CodeIgniter\Session\Handlers\DatabaseHandler' driver.
INFO - 2021-12-01 01:13:24 --> CSRF cookie sent.
INFO - 2021-12-01 01:13:24 --> CSRF token verified.
INFO - 2021-12-01 01:13:24 --> Session: Class initialized using 'CodeIgniter\Session\Handlers\DatabaseHandler' driver.
INFO - 2021-12-01 01:13:29 --> CSRF cookie sent.
INFO - 2021-12-01 01:13:29 --> CSRF token verified.
INFO - 2021-12-01 01:13:29 --> Session: Class initialized using 'CodeIgniter\Session\Handlers\DatabaseHandler' driver.
INFO - 2021-12-01 01:13:35 --> CSRF cookie sent.
INFO - 2021-12-01 01:13:35 --> CSRF token verified.
INFO - 2021-12-01 01:13:35 --> Session: Class initialized using 'CodeIgniter\Session\Handlers\DatabaseHandler' driver.
INFO - 2021-12-01 01:13:40 --> CSRF cookie sent.
INFO - 2021-12-01 01:13:40 --> CSRF token verified.
INFO - 2021-12-01 01:13:40 --> Session: Class initialized using 'CodeIgniter\Session\Handlers\DatabaseHandler' driver.
INFO - 2021-12-01 01:13:45 --> CSRF cookie sent.
INFO - 2021-12-01 01:13:45 --> CSRF token verified.
INFO - 2021-12-01 01:13:45 --> Session: Class initialized using 'CodeIgniter\Session\Handlers\DatabaseHandler' driver.
INFO - 2021-12-01 01:13:50 --> CSRF cookie sent.
INFO - 2021-12-01 01:13:50 --> CSRF token verified.
INFO - 2021-12-01 01:13:50 --> Session: Class initialized using 'CodeIgniter\Session\Handlers\DatabaseHandler' driver.
INFO - 2021-12-01 01:13:55 --> CSRF cookie sent.
INFO - 2021-12-01 01:13:55 --> CSRF token verified.
INFO - 2021-12-01 01:13:55 --> Session: Class initialized using 'CodeIgniter\Session\Handlers\DatabaseHandler' driver.
INFO - 2021-12-01 01:14:00 --> CSRF cookie sent.
INFO - 2021-12-01 01:14:00 --> CSRF token verified.
INFO - 2021-12-01 01:14:00 --> Session: Class initialized using 'CodeIgniter\Session\Handlers\DatabaseHandler' driver.
INFO - 2021-12-01 01:14:06 --> CSRF cookie sent.
INFO - 2021-12-01 01:14:06 --> CSRF token verified.
INFO - 2021-12-01 01:14:06 --> Session: Class initialized using 'CodeIgniter\Session\Handlers\DatabaseHandler' driver.
INFO - 2021-12-01 01:14:11 --> CSRF cookie sent.
INFO - 2021-12-01 01:14:11 --> CSRF token verified.
INFO - 2021-12-01 01:14:11 --> Session: Class initialized using 'CodeIgniter\Session\Handlers\DatabaseHandler' driver.
INFO - 2021-12-01 01:14:16 --> CSRF cookie sent.
INFO - 2021-12-01 01:14:16 --> CSRF token verified.
INFO - 2021-12-01 01:14:16 --> Session: Class initialized using 'CodeIgniter\Session\Handlers\DatabaseHandler' driver.
INFO - 2021-12-01 01:14:18 --> CSRF cookie sent.
INFO - 2021-12-01 01:14:18 --> CSRF token verified.
INFO - 2021-12-01 01:14:18 --> Session: Class initialized using 'CodeIgniter\Session\Handlers\DatabaseHandler' driver.
INFO - 2021-12-01 01:14:21 --> CSRF cookie sent.
INFO - 2021-12-01 01:14:21 --> CSRF token verified.
INFO - 2021-12-01 01:14:21 --> Session: Class initialized using 'CodeIgniter\Session\Handlers\DatabaseHandler' driver.
INFO - 2021-12-01 01:14:26 --> CSRF cookie sent.
INFO - 2021-12-01 01:14:26 --> CSRF token verified.
INFO - 2021-12-01 01:14:26 --> Session: Class initialized using 'CodeIgniter\Session\Handlers\DatabaseHandler' driver.
INFO - 2021-12-01 01:14:31 --> CSRF cookie sent.
INFO - 2021-12-01 01:14:31 --> CSRF token verified.
INFO - 2021-12-01 01:14:31 --> Session: Class initialized using 'CodeIgniter\Session\Handlers\DatabaseHandler' driver.
INFO - 2021-12-01 01:14:36 --> CSRF cookie sent.
INFO - 2021-12-01 01:14:36 --> CSRF token verified.
INFO - 2021-12-01 01:14:37 --> Session: Class initialized using 'CodeIgniter\Session\Handlers\DatabaseHandler' driver.
INFO - 2021-12-01 01:14:42 --> CSRF cookie sent.
INFO - 2021-12-01 01:14:42 --> CSRF token verified.
INFO - 2021-12-01 01:14:42 --> Session: Class initialized using 'CodeIgniter\Session\Handlers\DatabaseHandler' driver.
INFO - 2021-12-01 01:14:47 --> CSRF cookie sent.
INFO - 2021-12-01 01:14:47 --> CSRF token verified.
INFO - 2021-12-01 01:14:47 --> Session: Class initialized using 'CodeIgniter\Session\Handlers\DatabaseHandler' driver.
INFO - 2021-12-01 01:14:52 --> CSRF cookie sent.
INFO - 2021-12-01 01:14:52 --> CSRF token verified.
INFO - 2021-12-01 01:14:52 --> Session: Class initialized using 'CodeIgniter\Session\Handlers\DatabaseHandler' driver.
INFO - 2021-12-01 01:14:57 --> CSRF cookie sent.
INFO - 2021-12-01 01:14:57 --> CSRF token verified.
INFO - 2021-12-01 01:14:57 --> Session: Class initialized using 'CodeIgniter\Session\Handlers\DatabaseHandler' driver.
INFO - 2021-12-01 01:15:02 --> CSRF cookie sent.
INFO - 2021-12-01 01:15:02 --> CSRF token verified.
INFO - 2021-12-01 01:15:02 --> Session: Class initialized using 'CodeIgniter\Session\Handlers\DatabaseHandler' driver.
INFO - 2021-12-01 01:15:07 --> CSRF cookie sent.
INFO - 2021-12-01 01:15:07 --> CSRF token verified.
INFO - 2021-12-01 01:15:07 --> Session: Class initialized using 'CodeIgniter\Session\Handlers\DatabaseHandler' driver.
INFO - 2021-12-01 01:15:13 --> CSRF cookie sent.
INFO - 2021-12-01 01:15:13 --> CSRF token verified.
INFO - 2021-12-01 01:15:13 --> Session: Class initialized using 'CodeIgniter\Session\Handlers\DatabaseHandler' driver.
INFO - 2021-12-01 01:15:18 --> CSRF cookie sent.
INFO - 2021-12-01 01:15:18 --> CSRF token verified.
INFO - 2021-12-01 01:15:18 --> Session: Class initialized using 'CodeIgniter\Session\Handlers\DatabaseHandler' driver.
INFO - 2021-12-01 01:15:19 --> CSRF cookie sent.
INFO - 2021-12-01 01:15:19 --> CSRF token verified.
INFO - 2021-12-01 01:15:19 --> Session: Class initialized using 'CodeIgniter\Session\Handlers\DatabaseHandler' driver.
INFO - 2021-12-01 01:15:23 --> CSRF cookie sent.
INFO - 2021-12-01 01:15:23 --> CSRF token verified.
INFO - 2021-12-01 01:15:23 --> Session: Class initialized using 'CodeIgniter\Session\Handlers\DatabaseHandler' driver.
INFO - 2021-12-01 01:15:28 --> CSRF cookie sent.
INFO - 2021-12-01 01:15:28 --> CSRF token verified.
INFO - 2021-12-01 01:15:28 --> Session: Class initialized using 'CodeIgniter\Session\Handlers\DatabaseHandler' driver.
INFO - 2021-12-01 01:15:33 --> CSRF cookie sent.
INFO - 2021-12-01 01:15:33 --> CSRF token verified.
INFO - 2021-12-01 01:15:33 --> Session: Class initialized using 'CodeIgniter\Session\Handlers\DatabaseHandler' driver.
INFO - 2021-12-01 01:15:38 --> CSRF cookie sent.
INFO - 2021-12-01 01:15:38 --> CSRF token verified.
INFO - 2021-12-01 01:15:38 --> Session: Class initialized using 'CodeIgniter\Session\Handlers\DatabaseHandler' driver.
INFO - 2021-12-01 01:15:44 --> CSRF cookie sent.
INFO - 2021-12-01 01:15:44 --> CSRF token verified.
INFO - 2021-12-01 01:15:44 --> Session: Class initialized using 'CodeIgniter\Session\Handlers\DatabaseHandler' driver.
INFO - 2021-12-01 01:15:49 --> CSRF cookie sent.
INFO - 2021-12-01 01:15:49 --> CSRF token verified.
INFO - 2021-12-01 01:15:49 --> Session: Class initialized using 'CodeIgniter\Session\Handlers\DatabaseHandler' driver.
INFO - 2021-12-01 01:15:54 --> CSRF cookie sent.
INFO - 2021-12-01 01:15:54 --> CSRF token verified.
INFO - 2021-12-01 01:15:54 --> Session: Class initialized using 'CodeIgniter\Session\Handlers\DatabaseHandler' driver.
INFO - 2021-12-01 01:15:59 --> CSRF cookie sent.
INFO - 2021-12-01 01:15:59 --> CSRF token verified.
INFO - 2021-12-01 01:15:59 --> Session: Class initialized using 'CodeIgniter\Session\Handlers\DatabaseHandler' driver.
INFO - 2021-12-01 01:16:04 --> CSRF cookie sent.
INFO - 2021-12-01 01:16:04 --> CSRF token verified.
INFO - 2021-12-01 01:16:04 --> Session: Class initialized using 'CodeIgniter\Session\Handlers\DatabaseHandler' driver.
INFO - 2021-12-01 01:16:09 --> CSRF cookie sent.
INFO - 2021-12-01 01:16:09 --> CSRF token verified.
INFO - 2021-12-01 01:16:09 --> Session: Class initialized using 'CodeIgniter\Session\Handlers\DatabaseHandler' driver.
INFO - 2021-12-01 01:16:14 --> CSRF cookie sent.
INFO - 2021-12-01 01:16:14 --> CSRF token verified.
INFO - 2021-12-01 01:16:14 --> Session: Class initialized using 'CodeIgniter\Session\Handlers\DatabaseHandler' driver.
INFO - 2021-12-01 01:16:19 --> CSRF cookie sent.
INFO - 2021-12-01 01:16:19 --> CSRF token verified.
INFO - 2021-12-01 01:16:19 --> Session: Class initialized using 'CodeIgniter\Session\Handlers\DatabaseHandler' driver.
INFO - 2021-12-01 01:16:20 --> CSRF cookie sent.
INFO - 2021-12-01 01:16:20 --> CSRF token verified.
INFO - 2021-12-01 01:16:20 --> Session: Class initialized using 'CodeIgniter\Session\Handlers\DatabaseHandler' driver.
INFO - 2021-12-01 01:16:25 --> CSRF cookie sent.
INFO - 2021-12-01 01:16:25 --> CSRF token verified.
INFO - 2021-12-01 01:16:25 --> Session: Class initialized using 'CodeIgniter\Session\Handlers\DatabaseHandler' driver.
INFO - 2021-12-01 01:16:30 --> CSRF cookie sent.
INFO - 2021-12-01 01:16:30 --> CSRF token verified.
INFO - 2021-12-01 01:16:30 --> Session: Class initialized using 'CodeIgniter\Session\Handlers\DatabaseHandler' driver.
INFO - 2021-12-01 01:16:35 --> CSRF cookie sent.
INFO - 2021-12-01 01:16:35 --> CSRF token verified.
INFO - 2021-12-01 01:16:36 --> Session: Class initialized using 'CodeIgniter\Session\Handlers\DatabaseHandler' driver.
INFO - 2021-12-01 01:16:41 --> CSRF cookie sent.
INFO - 2021-12-01 01:16:41 --> CSRF token verified.
INFO - 2021-12-01 01:16:41 --> Session: Class initialized using 'CodeIgniter\Session\Handlers\DatabaseHandler' driver.
INFO - 2021-12-01 01:16:46 --> CSRF cookie sent.
INFO - 2021-12-01 01:16:46 --> CSRF token verified.
INFO - 2021-12-01 01:16:46 --> Session: Class initialized using 'CodeIgniter\Session\Handlers\DatabaseHandler' driver.
INFO - 2021-12-01 01:16:51 --> CSRF cookie sent.
INFO - 2021-12-01 01:16:51 --> CSRF token verified.
INFO - 2021-12-01 01:16:51 --> Session: Class initialized using 'CodeIgniter\Session\Handlers\DatabaseHandler' driver.
INFO - 2021-12-01 01:16:56 --> CSRF cookie sent.
INFO - 2021-12-01 01:16:56 --> CSRF token verified.
INFO - 2021-12-01 01:16:56 --> Session: Class initialized using 'CodeIgniter\Session\Handlers\DatabaseHandler' driver.
INFO - 2021-12-01 01:17:01 --> CSRF cookie sent.
INFO - 2021-12-01 01:17:01 --> CSRF token verified.
INFO - 2021-12-01 01:17:02 --> Session: Class initialized using 'CodeIgniter\Session\Handlers\DatabaseHandler' driver.
INFO - 2021-12-01 01:17:07 --> CSRF cookie sent.
INFO - 2021-12-01 01:17:07 --> CSRF token verified.
INFO - 2021-12-01 01:17:07 --> Session: Class initialized using 'CodeIgniter\Session\Handlers\DatabaseHandler' driver.
INFO - 2021-12-01 01:17:12 --> CSRF cookie sent.
INFO - 2021-12-01 01:17:12 --> CSRF token verified.
INFO - 2021-12-01 01:17:12 --> Session: Class initialized using 'CodeIgniter\Session\Handlers\DatabaseHandler' driver.
INFO - 2021-12-01 01:17:17 --> CSRF cookie sent.
INFO - 2021-12-01 01:17:17 --> CSRF token verified.
INFO - 2021-12-01 01:17:17 --> Session: Class initialized using 'CodeIgniter\Session\Handlers\DatabaseHandler' driver.
INFO - 2021-12-01 01:17:19 --> CSRF cookie sent.
INFO - 2021-12-01 01:17:19 --> CSRF token verified.
INFO - 2021-12-01 01:17:19 --> Session: Class initialized using 'CodeIgniter\Session\Handlers\DatabaseHandler' driver.
INFO - 2021-12-01 01:17:22 --> CSRF cookie sent.
INFO - 2021-12-01 01:17:22 --> CSRF token verified.
INFO - 2021-12-01 01:17:22 --> Session: Class initialized using 'CodeIgniter\Session\Handlers\DatabaseHandler' driver.
INFO - 2021-12-01 01:17:27 --> CSRF cookie sent.
INFO - 2021-12-01 01:17:27 --> CSRF token verified.
INFO - 2021-12-01 01:17:27 --> Session: Class initialized using 'CodeIgniter\Session\Handlers\DatabaseHandler' driver.
INFO - 2021-12-01 01:17:32 --> CSRF cookie sent.
INFO - 2021-12-01 01:17:32 --> CSRF token verified.
INFO - 2021-12-01 01:17:32 --> Session: Class initialized using 'CodeIgniter\Session\Handlers\DatabaseHandler' driver.
INFO - 2021-12-01 01:17:38 --> CSRF cookie sent.
INFO - 2021-12-01 01:17:38 --> CSRF token verified.
INFO - 2021-12-01 01:17:38 --> Session: Class initialized using 'CodeIgniter\Session\Handlers\DatabaseHandler' driver.
INFO - 2021-12-01 01:17:43 --> CSRF cookie sent.
INFO - 2021-12-01 01:17:43 --> CSRF token verified.
INFO - 2021-12-01 01:17:43 --> Session: Class initialized using 'CodeIgniter\Session\Handlers\DatabaseHandler' driver.
INFO - 2021-12-01 01:17:48 --> CSRF cookie sent.
INFO - 2021-12-01 01:17:48 --> CSRF token verified.
INFO - 2021-12-01 01:17:48 --> Session: Class initialized using 'CodeIgniter\Session\Handlers\DatabaseHandler' driver.
INFO - 2021-12-01 01:17:53 --> CSRF cookie sent.
INFO - 2021-12-01 01:17:53 --> CSRF token verified.
INFO - 2021-12-01 01:17:53 --> Session: Class initialized using 'CodeIgniter\Session\Handlers\DatabaseHandler' driver.
INFO - 2021-12-01 01:17:58 --> CSRF cookie sent.
INFO - 2021-12-01 01:17:58 --> CSRF token verified.
INFO - 2021-12-01 01:17:58 --> Session: Class initialized using 'CodeIgniter\Session\Handlers\DatabaseHandler' driver.
INFO - 2021-12-01 01:18:03 --> CSRF cookie sent.
INFO - 2021-12-01 01:18:03 --> CSRF token verified.
INFO - 2021-12-01 01:18:03 --> Session: Class initialized using 'CodeIgniter\Session\Handlers\DatabaseHandler' driver.
INFO - 2021-12-01 01:18:09 --> CSRF cookie sent.
INFO - 2021-12-01 01:18:09 --> CSRF token verified.
INFO - 2021-12-01 01:18:09 --> Session: Class initialized using 'CodeIgniter\Session\Handlers\DatabaseHandler' driver.
INFO - 2021-12-01 01:18:14 --> CSRF cookie sent.
INFO - 2021-12-01 01:18:14 --> CSRF token verified.
INFO - 2021-12-01 01:18:14 --> Session: Class initialized using 'CodeIgniter\Session\Handlers\DatabaseHandler' driver.
INFO - 2021-12-01 01:18:19 --> CSRF cookie sent.
INFO - 2021-12-01 01:18:19 --> CSRF token verified.
INFO - 2021-12-01 01:18:19 --> Session: Class initialized using 'CodeIgniter\Session\Handlers\DatabaseHandler' driver.
INFO - 2021-12-01 01:18:19 --> CSRF cookie sent.
INFO - 2021-12-01 01:18:19 --> CSRF token verified.
INFO - 2021-12-01 01:18:19 --> Session: Class initialized using 'CodeIgniter\Session\Handlers\DatabaseHandler' driver.
INFO - 2021-12-01 01:18:24 --> CSRF cookie sent.
INFO - 2021-12-01 01:18:24 --> CSRF token verified.
INFO - 2021-12-01 01:18:24 --> Session: Class initialized using 'CodeIgniter\Session\Handlers\DatabaseHandler' driver.
INFO - 2021-12-01 01:18:29 --> CSRF cookie sent.
INFO - 2021-12-01 01:18:29 --> CSRF token verified.
INFO - 2021-12-01 01:18:29 --> Session: Class initialized using 'CodeIgniter\Session\Handlers\DatabaseHandler' driver.
INFO - 2021-12-01 01:18:34 --> CSRF cookie sent.
INFO - 2021-12-01 01:18:34 --> CSRF token verified.
INFO - 2021-12-01 01:18:34 --> Session: Class initialized using 'CodeIgniter\Session\Handlers\DatabaseHandler' driver.
INFO - 2021-12-01 01:18:40 --> CSRF cookie sent.
INFO - 2021-12-01 01:18:40 --> CSRF token verified.
INFO - 2021-12-01 01:18:40 --> Session: Class initialized using 'CodeIgniter\Session\Handlers\DatabaseHandler' driver.
INFO - 2021-12-01 01:18:45 --> CSRF cookie sent.
INFO - 2021-12-01 01:18:45 --> CSRF token verified.
INFO - 2021-12-01 01:18:45 --> Session: Class initialized using 'CodeIgniter\Session\Handlers\DatabaseHandler' driver.
INFO - 2021-12-01 01:18:50 --> CSRF cookie sent.
INFO - 2021-12-01 01:18:50 --> CSRF token verified.
INFO - 2021-12-01 01:18:50 --> Session: Class initialized using 'CodeIgniter\Session\Handlers\DatabaseHandler' driver.
INFO - 2021-12-01 01:18:55 --> CSRF cookie sent.
INFO - 2021-12-01 01:18:55 --> CSRF token verified.
INFO - 2021-12-01 01:18:55 --> Session: Class initialized using 'CodeIgniter\Session\Handlers\DatabaseHandler' driver.
INFO - 2021-12-01 01:19:00 --> CSRF cookie sent.
INFO - 2021-12-01 01:19:00 --> CSRF token verified.
INFO - 2021-12-01 01:19:00 --> Session: Class initialized using 'CodeIgniter\Session\Handlers\DatabaseHandler' driver.
INFO - 2021-12-01 01:19:05 --> CSRF cookie sent.
INFO - 2021-12-01 01:19:05 --> CSRF token verified.
INFO - 2021-12-01 01:19:05 --> Session: Class initialized using 'CodeIgniter\Session\Handlers\DatabaseHandler' driver.
INFO - 2021-12-01 01:19:11 --> CSRF cookie sent.
INFO - 2021-12-01 01:19:11 --> CSRF token verified.
INFO - 2021-12-01 01:19:11 --> Session: Class initialized using 'CodeIgniter\Session\Handlers\DatabaseHandler' driver.
INFO - 2021-12-01 01:19:16 --> CSRF cookie sent.
INFO - 2021-12-01 01:19:16 --> CSRF token verified.
INFO - 2021-12-01 01:19:16 --> Session: Class initialized using 'CodeIgniter\Session\Handlers\DatabaseHandler' driver.
INFO - 2021-12-01 01:19:19 --> CSRF cookie sent.
INFO - 2021-12-01 01:19:19 --> CSRF token verified.
INFO - 2021-12-01 01:19:19 --> Session: Class initialized using 'CodeIgniter\Session\Handlers\DatabaseHandler' driver.
INFO - 2021-12-01 01:19:21 --> CSRF cookie sent.
INFO - 2021-12-01 01:19:21 --> CSRF token verified.
INFO - 2021-12-01 01:19:21 --> Session: Class initialized using 'CodeIgniter\Session\Handlers\DatabaseHandler' driver.
INFO - 2021-12-01 01:19:26 --> CSRF cookie sent.
INFO - 2021-12-01 01:19:26 --> CSRF token verified.
INFO - 2021-12-01 01:19:26 --> Session: Class initialized using 'CodeIgniter\Session\Handlers\DatabaseHandler' driver.
INFO - 2021-12-01 01:19:31 --> CSRF cookie sent.
INFO - 2021-12-01 01:19:31 --> CSRF token verified.
INFO - 2021-12-01 01:19:31 --> Session: Class initialized using 'CodeIgniter\Session\Handlers\DatabaseHandler' driver.
INFO - 2021-12-01 01:19:36 --> CSRF cookie sent.
INFO - 2021-12-01 01:19:36 --> CSRF token verified.
INFO - 2021-12-01 01:19:36 --> Session: Class initialized using 'CodeIgniter\Session\Handlers\DatabaseHandler' driver.
INFO - 2021-12-01 01:19:41 --> CSRF cookie sent.
INFO - 2021-12-01 01:19:41 --> CSRF token verified.
INFO - 2021-12-01 01:19:41 --> Session: Class initialized using 'CodeIgniter\Session\Handlers\DatabaseHandler' driver.
INFO - 2021-12-01 01:19:48 --> CSRF cookie sent.
INFO - 2021-12-01 01:19:48 --> CSRF token verified.
INFO - 2021-12-01 01:19:48 --> Session: Class initialized using 'CodeIgniter\Session\Handlers\DatabaseHandler' driver.
INFO - 2021-12-01 01:19:53 --> CSRF cookie sent.
INFO - 2021-12-01 01:19:53 --> CSRF token verified.
INFO - 2021-12-01 01:19:53 --> Session: Class initialized using 'CodeIgniter\Session\Handlers\DatabaseHandler' driver.
INFO - 2021-12-01 01:19:58 --> CSRF cookie sent.
INFO - 2021-12-01 01:19:58 --> CSRF token verified.
INFO - 2021-12-01 01:19:58 --> Session: Class initialized using 'CodeIgniter\Session\Handlers\DatabaseHandler' driver.
INFO - 2021-12-01 01:20:03 --> CSRF cookie sent.
INFO - 2021-12-01 01:20:03 --> CSRF token verified.
INFO - 2021-12-01 01:20:03 --> Session: Class initialized using 'CodeIgniter\Session\Handlers\DatabaseHandler' driver.
INFO - 2021-12-01 01:20:09 --> CSRF cookie sent.
INFO - 2021-12-01 01:20:09 --> CSRF token verified.
INFO - 2021-12-01 01:20:09 --> Session: Class initialized using 'CodeIgniter\Session\Handlers\DatabaseHandler' driver.
INFO - 2021-12-01 01:20:14 --> CSRF cookie sent.
INFO - 2021-12-01 01:20:14 --> CSRF token verified.
INFO - 2021-12-01 01:20:14 --> Session: Class initialized using 'CodeIgniter\Session\Handlers\DatabaseHandler' driver.
INFO - 2021-12-01 01:20:19 --> CSRF cookie sent.
INFO - 2021-12-01 01:20:19 --> CSRF token verified.
INFO - 2021-12-01 01:20:19 --> Session: Class initialized using 'CodeIgniter\Session\Handlers\DatabaseHandler' driver.
INFO - 2021-12-01 01:20:20 --> CSRF cookie sent.
INFO - 2021-12-01 01:20:20 --> CSRF token verified.
INFO - 2021-12-01 01:20:20 --> Session: Class initialized using 'CodeIgniter\Session\Handlers\DatabaseHandler' driver.
INFO - 2021-12-01 01:20:24 --> CSRF cookie sent.
INFO - 2021-12-01 01:20:24 --> CSRF token verified.
INFO - 2021-12-01 01:20:24 --> Session: Class initialized using 'CodeIgniter\Session\Handlers\DatabaseHandler' driver.
INFO - 2021-12-01 01:20:29 --> CSRF cookie sent.
INFO - 2021-12-01 01:20:29 --> CSRF token verified.
INFO - 2021-12-01 01:20:29 --> Session: Class initialized using 'CodeIgniter\Session\Handlers\DatabaseHandler' driver.
INFO - 2021-12-01 01:20:34 --> CSRF cookie sent.
INFO - 2021-12-01 01:20:34 --> CSRF token verified.
INFO - 2021-12-01 01:20:34 --> Session: Class initialized using 'CodeIgniter\Session\Handlers\DatabaseHandler' driver.
INFO - 2021-12-01 01:20:40 --> CSRF cookie sent.
INFO - 2021-12-01 01:20:40 --> CSRF token verified.
INFO - 2021-12-01 01:20:40 --> Session: Class initialized using 'CodeIgniter\Session\Handlers\DatabaseHandler' driver.
INFO - 2021-12-01 01:20:45 --> CSRF cookie sent.
INFO - 2021-12-01 01:20:45 --> CSRF token verified.
INFO - 2021-12-01 01:20:45 --> Session: Class initialized using 'CodeIgniter\Session\Handlers\DatabaseHandler' driver.
INFO - 2021-12-01 01:20:50 --> CSRF cookie sent.
INFO - 2021-12-01 01:20:50 --> CSRF token verified.
INFO - 2021-12-01 01:20:50 --> Session: Class initialized using 'CodeIgniter\Session\Handlers\DatabaseHandler' driver.
INFO - 2021-12-01 01:20:51 --> CSRF cookie sent.
INFO - 2021-12-01 01:20:51 --> Session: Class initialized using 'CodeIgniter\Session\Handlers\DatabaseHandler' driver.
INFO - 2021-12-01 01:20:52 --> CSRF cookie sent.
INFO - 2021-12-01 01:20:52 --> CSRF token verified.
INFO - 2021-12-01 01:20:52 --> CSRF cookie sent.
INFO - 2021-12-01 01:20:52 --> CSRF token verified.
INFO - 2021-12-01 01:20:53 --> Session: Class initialized using 'CodeIgniter\Session\Handlers\DatabaseHandler' driver.
INFO - 2021-12-01 01:20:53 --> CSRF cookie sent.
INFO - 2021-12-01 01:20:53 --> CSRF token verified.
INFO - 2021-12-01 01:20:53 --> Session: Class initialized using 'CodeIgniter\Session\Handlers\DatabaseHandler' driver.
INFO - 2021-12-01 01:20:53 --> Session: Class initialized using 'CodeIgniter\Session\Handlers\DatabaseHandler' driver.
INFO - 2021-12-01 01:20:58 --> CSRF cookie sent.
INFO - 2021-12-01 01:20:58 --> CSRF token verified.
INFO - 2021-12-01 01:21:08 --> Session: Class initialized using 'CodeIgniter\Session\Handlers\DatabaseHandler' driver.
INFO - 2021-12-01 01:21:13 --> CSRF cookie sent.
INFO - 2021-12-01 01:21:13 --> CSRF token verified.
INFO - 2021-12-01 01:21:14 --> Session: Class initialized using 'CodeIgniter\Session\Handlers\DatabaseHandler' driver.
INFO - 2021-12-01 01:21:19 --> CSRF cookie sent.
INFO - 2021-12-01 01:21:19 --> CSRF token verified.
INFO - 2021-12-01 01:21:19 --> Session: Class initialized using 'CodeIgniter\Session\Handlers\DatabaseHandler' driver.
INFO - 2021-12-01 01:21:24 --> CSRF cookie sent.
INFO - 2021-12-01 01:21:24 --> CSRF token verified.
INFO - 2021-12-01 01:21:24 --> Session: Class initialized using 'CodeIgniter\Session\Handlers\DatabaseHandler' driver.
INFO - 2021-12-01 01:21:29 --> CSRF cookie sent.
INFO - 2021-12-01 01:21:29 --> CSRF token verified.
INFO - 2021-12-01 01:21:29 --> Session: Class initialized using 'CodeIgniter\Session\Handlers\DatabaseHandler' driver.
INFO - 2021-12-01 01:21:34 --> CSRF cookie sent.
INFO - 2021-12-01 01:21:34 --> CSRF token verified.
INFO - 2021-12-01 01:21:34 --> Session: Class initialized using 'CodeIgniter\Session\Handlers\DatabaseHandler' driver.
INFO - 2021-12-01 01:21:39 --> CSRF cookie sent.
INFO - 2021-12-01 01:21:39 --> CSRF token verified.
INFO - 2021-12-01 01:21:39 --> Session: Class initialized using 'CodeIgniter\Session\Handlers\DatabaseHandler' driver.
INFO - 2021-12-01 01:21:44 --> CSRF cookie sent.
INFO - 2021-12-01 01:21:44 --> CSRF token verified.
INFO - 2021-12-01 01:21:44 --> Session: Class initialized using 'CodeIgniter\Session\Handlers\DatabaseHandler' driver.
INFO - 2021-12-01 01:21:50 --> CSRF cookie sent.
INFO - 2021-12-01 01:21:50 --> CSRF token verified.
INFO - 2021-12-01 01:21:50 --> Session: Class initialized using 'CodeIgniter\Session\Handlers\DatabaseHandler' driver.
INFO - 2021-12-01 01:21:53 --> CSRF cookie sent.
INFO - 2021-12-01 01:21:53 --> CSRF token verified.
INFO - 2021-12-01 01:21:53 --> Session: Class initialized using 'CodeIgniter\Session\Handlers\DatabaseHandler' driver.
INFO - 2021-12-01 01:21:55 --> CSRF cookie sent.
INFO - 2021-12-01 01:21:55 --> CSRF token verified.
INFO - 2021-12-01 01:21:55 --> Session: Class initialized using 'CodeIgniter\Session\Handlers\DatabaseHandler' driver.
INFO - 2021-12-01 01:22:00 --> CSRF cookie sent.
INFO - 2021-12-01 01:22:00 --> CSRF token verified.
INFO - 2021-12-01 01:22:00 --> Session: Class initialized using 'CodeIgniter\Session\Handlers\DatabaseHandler' driver.
INFO - 2021-12-01 01:22:05 --> CSRF cookie sent.
INFO - 2021-12-01 01:22:05 --> CSRF token verified.
INFO - 2021-12-01 01:22:05 --> Session: Class initialized using 'CodeIgniter\Session\Handlers\DatabaseHandler' driver.
INFO - 2021-12-01 01:22:11 --> CSRF cookie sent.
INFO - 2021-12-01 01:22:11 --> CSRF token verified.
INFO - 2021-12-01 01:22:11 --> Session: Class initialized using 'CodeIgniter\Session\Handlers\DatabaseHandler' driver.
INFO - 2021-12-01 01:22:13 --> CSRF cookie sent.
INFO - 2021-12-01 01:22:13 --> Session: Class initialized using 'CodeIgniter\Session\Handlers\DatabaseHandler' driver.
INFO - 2021-12-01 01:22:14 --> CSRF cookie sent.
INFO - 2021-12-01 01:22:14 --> Session: Class initialized using 'CodeIgniter\Session\Handlers\DatabaseHandler' driver.
INFO - 2021-12-01 01:22:16 --> CSRF cookie sent.
INFO - 2021-12-01 01:22:16 --> CSRF token verified.
INFO - 2021-12-01 01:22:16 --> Session: Class initialized using 'CodeIgniter\Session\Handlers\DatabaseHandler' driver.
INFO - 2021-12-01 01:22:21 --> CSRF cookie sent.
INFO - 2021-12-01 01:22:21 --> CSRF token verified.
INFO - 2021-12-01 01:22:21 --> Session: Class initialized using 'CodeIgniter\Session\Handlers\DatabaseHandler' driver.
INFO - 2021-12-01 01:22:21 --> CSRF cookie sent.
INFO - 2021-12-01 01:22:21 --> Session: Class initialized using 'CodeIgniter\Session\Handlers\DatabaseHandler' driver.
INFO - 2021-12-01 01:22:21 --> CSRF cookie sent.
INFO - 2021-12-01 01:22:21 --> Session: Class initialized using 'CodeIgniter\Session\Handlers\DatabaseHandler' driver.
INFO - 2021-12-01 01:22:31 --> CSRF cookie sent.
INFO - 2021-12-01 01:22:31 --> CSRF token verified.
INFO - 2021-12-01 01:22:31 --> Session: Class initialized using 'CodeIgniter\Session\Handlers\DatabaseHandler' driver.
INFO - 2021-12-01 01:22:31 --> CSRF cookie sent.
INFO - 2021-12-01 01:22:31 --> Session: Class initialized using 'CodeIgniter\Session\Handlers\DatabaseHandler' driver.
INFO - 2021-12-01 01:22:31 --> CSRF cookie sent.
INFO - 2021-12-01 01:22:31 --> Session: Class initialized using 'CodeIgniter\Session\Handlers\DatabaseHandler' driver.
INFO - 2021-12-01 01:22:32 --> CSRF cookie sent.
INFO - 2021-12-01 01:22:32 --> CSRF token verified.
INFO - 2021-12-01 01:22:32 --> CSRF cookie sent.
INFO - 2021-12-01 01:22:32 --> CSRF token verified.
INFO - 2021-12-01 01:22:32 --> Session: Class initialized using 'CodeIgniter\Session\Handlers\DatabaseHandler' driver.
INFO - 2021-12-01 01:22:32 --> Session: Class initialized using 'CodeIgniter\Session\Handlers\DatabaseHandler' driver.
INFO - 2021-12-01 01:22:34 --> CSRF cookie sent.
INFO - 2021-12-01 01:22:34 --> Session: Class initialized using 'CodeIgniter\Session\Handlers\DatabaseHandler' driver.
INFO - 2021-12-01 01:22:34 --> CSRF cookie sent.
INFO - 2021-12-01 01:22:34 --> CSRF token verified.
INFO - 2021-12-01 01:22:34 --> CSRF cookie sent.
INFO - 2021-12-01 01:22:34 --> CSRF token verified.
INFO - 2021-12-01 01:22:34 --> Session: Class initialized using 'CodeIgniter\Session\Handlers\DatabaseHandler' driver.
INFO - 2021-12-01 01:22:34 --> CSRF cookie sent.
INFO - 2021-12-01 01:22:34 --> CSRF token verified.
INFO - 2021-12-01 01:22:34 --> Session: Class initialized using 'CodeIgniter\Session\Handlers\DatabaseHandler' driver.
INFO - 2021-12-01 01:22:34 --> Session: Class initialized using 'CodeIgniter\Session\Handlers\DatabaseHandler' driver.
INFO - 2021-12-01 01:22:39 --> CSRF cookie sent.
INFO - 2021-12-01 01:22:39 --> CSRF token verified.
INFO - 2021-12-01 01:22:50 --> Session: Class initialized using 'CodeIgniter\Session\Handlers\DatabaseHandler' driver.
INFO - 2021-12-01 01:22:56 --> CSRF cookie sent.
INFO - 2021-12-01 01:22:56 --> CSRF token verified.
INFO - 2021-12-01 01:22:56 --> Session: Class initialized using 'CodeIgniter\Session\Handlers\DatabaseHandler' driver.
INFO - 2021-12-01 01:23:01 --> CSRF cookie sent.
INFO - 2021-12-01 01:23:01 --> CSRF token verified.
INFO - 2021-12-01 01:23:02 --> Session: Class initialized using 'CodeIgniter\Session\Handlers\DatabaseHandler' driver.
INFO - 2021-12-01 01:23:09 --> CSRF cookie sent.
INFO - 2021-12-01 01:23:09 --> CSRF token verified.
INFO - 2021-12-01 01:23:09 --> Session: Class initialized using 'CodeIgniter\Session\Handlers\DatabaseHandler' driver.
INFO - 2021-12-01 01:23:14 --> CSRF cookie sent.
INFO - 2021-12-01 01:23:14 --> CSRF token verified.
INFO - 2021-12-01 01:23:14 --> Session: Class initialized using 'CodeIgniter\Session\Handlers\DatabaseHandler' driver.
INFO - 2021-12-01 01:23:19 --> CSRF cookie sent.
INFO - 2021-12-01 01:23:19 --> CSRF token verified.
INFO - 2021-12-01 01:23:19 --> Session: Class initialized using 'CodeIgniter\Session\Handlers\DatabaseHandler' driver.
INFO - 2021-12-01 01:23:24 --> CSRF cookie sent.
INFO - 2021-12-01 01:23:24 --> CSRF token verified.
INFO - 2021-12-01 01:23:24 --> Session: Class initialized using 'CodeIgniter\Session\Handlers\DatabaseHandler' driver.
INFO - 2021-12-01 01:23:30 --> CSRF cookie sent.
INFO - 2021-12-01 01:23:30 --> CSRF token verified.
INFO - 2021-12-01 01:23:30 --> Session: Class initialized using 'CodeIgniter\Session\Handlers\DatabaseHandler' driver.
INFO - 2021-12-01 01:23:34 --> CSRF cookie sent.
INFO - 2021-12-01 01:23:34 --> CSRF token verified.
INFO - 2021-12-01 01:23:34 --> Session: Class initialized using 'CodeIgniter\Session\Handlers\DatabaseHandler' driver.
INFO - 2021-12-01 01:23:35 --> CSRF cookie sent.
INFO - 2021-12-01 01:23:35 --> CSRF token verified.
INFO - 2021-12-01 01:23:35 --> Session: Class initialized using 'CodeIgniter\Session\Handlers\DatabaseHandler' driver.
INFO - 2021-12-01 01:23:35 --> CSRF cookie sent.
INFO - 2021-12-01 01:23:35 --> Session: Class initialized using 'CodeIgniter\Session\Handlers\DatabaseHandler' driver.
INFO - 2021-12-01 01:23:36 --> CSRF cookie sent.
INFO - 2021-12-01 01:23:36 --> CSRF token verified.
INFO - 2021-12-01 01:23:36 --> CSRF cookie sent.
INFO - 2021-12-01 01:23:36 --> CSRF token verified.
INFO - 2021-12-01 01:23:36 --> CSRF cookie sent.
INFO - 2021-12-01 01:23:36 --> CSRF token verified.
INFO - 2021-12-01 01:23:36 --> Session: Class initialized using 'CodeIgniter\Session\Handlers\DatabaseHandler' driver.
INFO - 2021-12-01 01:23:36 --> Session: Class initialized using 'CodeIgniter\Session\Handlers\DatabaseHandler' driver.
INFO - 2021-12-01 01:23:36 --> Session: Class initialized using 'CodeIgniter\Session\Handlers\DatabaseHandler' driver.
INFO - 2021-12-01 01:23:36 --> CSRF cookie sent.
INFO - 2021-12-01 01:23:36 --> CSRF token verified.
INFO - 2021-12-01 01:23:36 --> CSRF cookie sent.
INFO - 2021-12-01 01:23:36 --> CSRF token verified.
INFO - 2021-12-01 01:23:36 --> Session: Class initialized using 'CodeIgniter\Session\Handlers\DatabaseHandler' driver.
INFO - 2021-12-01 01:23:37 --> Session: Class initialized using 'CodeIgniter\Session\Handlers\DatabaseHandler' driver.
INFO - 2021-12-01 01:23:41 --> CSRF cookie sent.
INFO - 2021-12-01 01:23:41 --> CSRF token verified.
INFO - 2021-12-01 01:23:41 --> Session: Class initialized using 'CodeIgniter\Session\Handlers\DatabaseHandler' driver.
INFO - 2021-12-01 01:23:45 --> CSRF cookie sent.
INFO - 2021-12-01 01:23:45 --> Session: Class initialized using 'CodeIgniter\Session\Handlers\DatabaseHandler' driver.
INFO - 2021-12-01 01:23:46 --> CSRF cookie sent.
INFO - 2021-12-01 01:23:46 --> CSRF token verified.
INFO - 2021-12-01 01:23:46 --> CSRF cookie sent.
INFO - 2021-12-01 01:23:46 --> CSRF token verified.
INFO - 2021-12-01 01:23:46 --> Session: Class initialized using 'CodeIgniter\Session\Handlers\DatabaseHandler' driver.
INFO - 2021-12-01 01:23:46 --> Session: Class initialized using 'CodeIgniter\Session\Handlers\DatabaseHandler' driver.
INFO - 2021-12-01 01:23:51 --> CSRF cookie sent.
INFO - 2021-12-01 01:23:51 --> CSRF token verified.
INFO - 2021-12-01 01:23:51 --> Session: Class initialized using 'CodeIgniter\Session\Handlers\DatabaseHandler' driver.
INFO - 2021-12-01 01:23:55 --> CSRF cookie sent.
INFO - 2021-12-01 01:23:55 --> Session: Class initialized using 'CodeIgniter\Session\Handlers\DatabaseHandler' driver.
INFO - 2021-12-01 01:23:55 --> CSRF cookie sent.
INFO - 2021-12-01 01:23:55 --> CSRF token verified.
INFO - 2021-12-01 01:23:55 --> CSRF cookie sent.
INFO - 2021-12-01 01:23:55 --> CSRF token verified.
INFO - 2021-12-01 01:23:55 --> Session: Class initialized using 'CodeIgniter\Session\Handlers\DatabaseHandler' driver.
INFO - 2021-12-01 01:23:55 --> Session: Class initialized using 'CodeIgniter\Session\Handlers\DatabaseHandler' driver.
INFO - 2021-12-01 01:23:55 --> CSRF cookie sent.
INFO - 2021-12-01 01:23:55 --> Session: Class initialized using 'CodeIgniter\Session\Handlers\DatabaseHandler' driver.
INFO - 2021-12-01 01:23:56 --> CSRF cookie sent.
INFO - 2021-12-01 01:23:56 --> CSRF token verified.
INFO - 2021-12-01 01:23:56 --> Session: Class initialized using 'CodeIgniter\Session\Handlers\DatabaseHandler' driver.
INFO - 2021-12-01 01:24:00 --> CSRF cookie sent.
INFO - 2021-12-01 01:24:00 --> CSRF token verified.
INFO - 2021-12-01 01:24:00 --> Session: Class initialized using 'CodeIgniter\Session\Handlers\DatabaseHandler' driver.
INFO - 2021-12-01 01:24:05 --> CSRF cookie sent.
INFO - 2021-12-01 01:24:05 --> CSRF token verified.
INFO - 2021-12-01 01:24:06 --> Session: Class initialized using 'CodeIgniter\Session\Handlers\DatabaseHandler' driver.
INFO - 2021-12-01 01:24:11 --> CSRF cookie sent.
INFO - 2021-12-01 01:24:11 --> CSRF token verified.
INFO - 2021-12-01 01:24:11 --> Session: Class initialized using 'CodeIgniter\Session\Handlers\DatabaseHandler' driver.
INFO - 2021-12-01 01:24:16 --> CSRF cookie sent.
INFO - 2021-12-01 01:24:16 --> CSRF token verified.
INFO - 2021-12-01 01:24:16 --> Session: Class initialized using 'CodeIgniter\Session\Handlers\DatabaseHandler' driver.
INFO - 2021-12-01 01:24:22 --> CSRF cookie sent.
INFO - 2021-12-01 01:24:22 --> CSRF token verified.
INFO - 2021-12-01 01:24:22 --> Session: Class initialized using 'CodeIgniter\Session\Handlers\DatabaseHandler' driver.
INFO - 2021-12-01 01:24:29 --> CSRF cookie sent.
INFO - 2021-12-01 01:24:29 --> CSRF token verified.
INFO - 2021-12-01 01:24:29 --> Session: Class initialized using 'CodeIgniter\Session\Handlers\DatabaseHandler' driver.
INFO - 2021-12-01 01:24:36 --> CSRF cookie sent.
INFO - 2021-12-01 01:24:36 --> CSRF token verified.
INFO - 2021-12-01 01:24:36 --> Session: Class initialized using 'CodeIgniter\Session\Handlers\DatabaseHandler' driver.
INFO - 2021-12-01 01:24:44 --> CSRF cookie sent.
INFO - 2021-12-01 01:24:44 --> CSRF token verified.
INFO - 2021-12-01 01:24:44 --> Session: Class initialized using 'CodeIgniter\Session\Handlers\DatabaseHandler' driver.
INFO - 2021-12-01 01:24:50 --> CSRF cookie sent.
INFO - 2021-12-01 01:24:50 --> CSRF token verified.
INFO - 2021-12-01 01:24:50 --> Session: Class initialized using 'CodeIgniter\Session\Handlers\DatabaseHandler' driver.
INFO - 2021-12-01 01:24:55 --> CSRF cookie sent.
INFO - 2021-12-01 01:24:55 --> CSRF token verified.
INFO - 2021-12-01 01:24:55 --> CSRF cookie sent.
INFO - 2021-12-01 01:24:55 --> CSRF token verified.
INFO - 2021-12-01 01:24:56 --> Session: Class initialized using 'CodeIgniter\Session\Handlers\DatabaseHandler' driver.
INFO - 2021-12-01 01:24:56 --> Session: Class initialized using 'CodeIgniter\Session\Handlers\DatabaseHandler' driver.
INFO - 2021-12-01 01:25:05 --> CSRF cookie sent.
INFO - 2021-12-01 01:25:05 --> CSRF token verified.
INFO - 2021-12-01 01:25:05 --> Session: Class initialized using 'CodeIgniter\Session\Handlers\DatabaseHandler' driver.
INFO - 2021-12-01 01:25:10 --> CSRF cookie sent.
INFO - 2021-12-01 01:25:10 --> CSRF token verified.
INFO - 2021-12-01 01:25:11 --> Session: Class initialized using 'CodeIgniter\Session\Handlers\DatabaseHandler' driver.
INFO - 2021-12-01 01:25:16 --> CSRF cookie sent.
INFO - 2021-12-01 01:25:16 --> CSRF token verified.
INFO - 2021-12-01 01:25:16 --> Session: Class initialized using 'CodeIgniter\Session\Handlers\DatabaseHandler' driver.
INFO - 2021-12-01 01:25:21 --> CSRF cookie sent.
INFO - 2021-12-01 01:25:21 --> CSRF token verified.
INFO - 2021-12-01 01:25:21 --> Session: Class initialized using 'CodeIgniter\Session\Handlers\DatabaseHandler' driver.
INFO - 2021-12-01 01:25:26 --> CSRF cookie sent.
INFO - 2021-12-01 01:25:26 --> CSRF token verified.
INFO - 2021-12-01 01:25:26 --> Session: Class initialized using 'CodeIgniter\Session\Handlers\DatabaseHandler' driver.
INFO - 2021-12-01 01:25:31 --> CSRF cookie sent.
INFO - 2021-12-01 01:25:31 --> CSRF token verified.
INFO - 2021-12-01 01:25:31 --> Session: Class initialized using 'CodeIgniter\Session\Handlers\DatabaseHandler' driver.
INFO - 2021-12-01 01:25:36 --> CSRF cookie sent.
INFO - 2021-12-01 01:25:36 --> CSRF token verified.
INFO - 2021-12-01 01:25:36 --> Session: Class initialized using 'CodeIgniter\Session\Handlers\DatabaseHandler' driver.
INFO - 2021-12-01 01:25:41 --> CSRF cookie sent.
INFO - 2021-12-01 01:25:41 --> CSRF token verified.
INFO - 2021-12-01 01:25:41 --> Session: Class initialized using 'CodeIgniter\Session\Handlers\DatabaseHandler' driver.
INFO - 2021-12-01 01:25:47 --> CSRF cookie sent.
INFO - 2021-12-01 01:25:47 --> CSRF token verified.
INFO - 2021-12-01 01:25:47 --> Session: Class initialized using 'CodeIgniter\Session\Handlers\DatabaseHandler' driver.
INFO - 2021-12-01 01:25:52 --> CSRF cookie sent.
INFO - 2021-12-01 01:25:52 --> CSRF token verified.
INFO - 2021-12-01 01:25:52 --> Session: Class initialized using 'CodeIgniter\Session\Handlers\DatabaseHandler' driver.
INFO - 2021-12-01 01:25:56 --> CSRF cookie sent.
INFO - 2021-12-01 01:25:56 --> CSRF token verified.
INFO - 2021-12-01 01:25:56 --> Session: Class initialized using 'CodeIgniter\Session\Handlers\DatabaseHandler' driver.
INFO - 2021-12-01 01:25:57 --> CSRF cookie sent.
INFO - 2021-12-01 01:25:57 --> CSRF token verified.
INFO - 2021-12-01 01:25:57 --> Session: Class initialized using 'CodeIgniter\Session\Handlers\DatabaseHandler' driver.
INFO - 2021-12-01 01:26:02 --> CSRF cookie sent.
INFO - 2021-12-01 01:26:02 --> CSRF token verified.
INFO - 2021-12-01 01:26:02 --> Session: Class initialized using 'CodeIgniter\Session\Handlers\DatabaseHandler' driver.
INFO - 2021-12-01 01:26:06 --> CSRF cookie sent.
INFO - 2021-12-01 01:26:06 --> CSRF token verified.
INFO - 2021-12-01 01:26:06 --> Session: Class initialized using 'CodeIgniter\Session\Handlers\DatabaseHandler' driver.
INFO - 2021-12-01 01:26:06 --> CSRF cookie sent.
INFO - 2021-12-01 01:26:06 --> Session: Class initialized using 'CodeIgniter\Session\Handlers\DatabaseHandler' driver.
INFO - 2021-12-01 01:26:06 --> CSRF cookie sent.
INFO - 2021-12-01 01:26:06 --> Session: Class initialized using 'CodeIgniter\Session\Handlers\DatabaseHandler' driver.
INFO - 2021-12-01 01:26:07 --> CSRF cookie sent.
INFO - 2021-12-01 01:26:07 --> CSRF token verified.
INFO - 2021-12-01 01:26:07 --> CSRF cookie sent.
INFO - 2021-12-01 01:26:07 --> CSRF token verified.
INFO - 2021-12-01 01:26:07 --> Session: Class initialized using 'CodeIgniter\Session\Handlers\DatabaseHandler' driver.
INFO - 2021-12-01 01:26:07 --> Session: Class initialized using 'CodeIgniter\Session\Handlers\DatabaseHandler' driver.
INFO - 2021-12-01 01:26:12 --> CSRF cookie sent.
INFO - 2021-12-01 01:26:12 --> CSRF token verified.
INFO - 2021-12-01 01:26:12 --> Session: Class initialized using 'CodeIgniter\Session\Handlers\DatabaseHandler' driver.
INFO - 2021-12-01 01:26:17 --> CSRF cookie sent.
INFO - 2021-12-01 01:26:17 --> CSRF token verified.
INFO - 2021-12-01 01:26:17 --> Session: Class initialized using 'CodeIgniter\Session\Handlers\DatabaseHandler' driver.
INFO - 2021-12-01 01:26:22 --> CSRF cookie sent.
INFO - 2021-12-01 01:26:22 --> CSRF token verified.
INFO - 2021-12-01 01:26:23 --> Session: Class initialized using 'CodeIgniter\Session\Handlers\DatabaseHandler' driver.
INFO - 2021-12-01 01:26:28 --> CSRF cookie sent.
INFO - 2021-12-01 01:26:28 --> CSRF token verified.
INFO - 2021-12-01 01:26:28 --> Session: Class initialized using 'CodeIgniter\Session\Handlers\DatabaseHandler' driver.
INFO - 2021-12-01 01:26:33 --> CSRF cookie sent.
INFO - 2021-12-01 01:26:33 --> CSRF token verified.
INFO - 2021-12-01 01:26:33 --> Session: Class initialized using 'CodeIgniter\Session\Handlers\DatabaseHandler' driver.
INFO - 2021-12-01 01:26:38 --> CSRF cookie sent.
INFO - 2021-12-01 01:26:38 --> CSRF token verified.
INFO - 2021-12-01 01:26:38 --> Session: Class initialized using 'CodeIgniter\Session\Handlers\DatabaseHandler' driver.
INFO - 2021-12-01 01:26:43 --> CSRF cookie sent.
INFO - 2021-12-01 01:26:43 --> CSRF token verified.
INFO - 2021-12-01 01:26:43 --> Session: Class initialized using 'CodeIgniter\Session\Handlers\DatabaseHandler' driver.
INFO - 2021-12-01 01:26:48 --> CSRF cookie sent.
INFO - 2021-12-01 01:26:48 --> CSRF token verified.
INFO - 2021-12-01 01:26:48 --> Session: Class initialized using 'CodeIgniter\Session\Handlers\DatabaseHandler' driver.
INFO - 2021-12-01 01:26:53 --> CSRF cookie sent.
INFO - 2021-12-01 01:26:53 --> CSRF token verified.
INFO - 2021-12-01 01:26:54 --> Session: Class initialized using 'CodeIgniter\Session\Handlers\DatabaseHandler' driver.
INFO - 2021-12-01 01:26:59 --> CSRF cookie sent.
INFO - 2021-12-01 01:26:59 --> CSRF token verified.
INFO - 2021-12-01 01:26:59 --> Session: Class initialized using 'CodeIgniter\Session\Handlers\DatabaseHandler' driver.
INFO - 2021-12-01 01:27:04 --> CSRF cookie sent.
INFO - 2021-12-01 01:27:04 --> CSRF token verified.
INFO - 2021-12-01 01:27:04 --> Session: Class initialized using 'CodeIgniter\Session\Handlers\DatabaseHandler' driver.
INFO - 2021-12-01 01:27:07 --> CSRF cookie sent.
INFO - 2021-12-01 01:27:07 --> CSRF token verified.
INFO - 2021-12-01 01:27:07 --> Session: Class initialized using 'CodeIgniter\Session\Handlers\DatabaseHandler' driver.
INFO - 2021-12-01 01:27:09 --> CSRF cookie sent.
INFO - 2021-12-01 01:27:09 --> CSRF token verified.
INFO - 2021-12-01 01:27:09 --> Session: Class initialized using 'CodeIgniter\Session\Handlers\DatabaseHandler' driver.
INFO - 2021-12-01 01:27:14 --> CSRF cookie sent.
INFO - 2021-12-01 01:27:14 --> CSRF token verified.
INFO - 2021-12-01 01:27:14 --> Session: Class initialized using 'CodeIgniter\Session\Handlers\DatabaseHandler' driver.
INFO - 2021-12-01 01:27:19 --> CSRF cookie sent.
INFO - 2021-12-01 01:27:19 --> CSRF token verified.
INFO - 2021-12-01 01:27:19 --> Session: Class initialized using 'CodeIgniter\Session\Handlers\DatabaseHandler' driver.
INFO - 2021-12-01 01:27:25 --> CSRF cookie sent.
INFO - 2021-12-01 01:27:25 --> CSRF token verified.
INFO - 2021-12-01 01:27:25 --> Session: Class initialized using 'CodeIgniter\Session\Handlers\DatabaseHandler' driver.
INFO - 2021-12-01 01:27:30 --> CSRF cookie sent.
INFO - 2021-12-01 01:27:30 --> CSRF token verified.
INFO - 2021-12-01 01:27:30 --> Session: Class initialized using 'CodeIgniter\Session\Handlers\DatabaseHandler' driver.
INFO - 2021-12-01 01:27:35 --> CSRF cookie sent.
INFO - 2021-12-01 01:27:35 --> CSRF token verified.
INFO - 2021-12-01 01:27:35 --> Session: Class initialized using 'CodeIgniter\Session\Handlers\DatabaseHandler' driver.
INFO - 2021-12-01 01:27:40 --> CSRF cookie sent.
INFO - 2021-12-01 01:27:40 --> CSRF token verified.
INFO - 2021-12-01 01:27:40 --> Session: Class initialized using 'CodeIgniter\Session\Handlers\DatabaseHandler' driver.
INFO - 2021-12-01 01:27:45 --> CSRF cookie sent.
INFO - 2021-12-01 01:27:45 --> CSRF token verified.
INFO - 2021-12-01 01:27:45 --> Session: Class initialized using 'CodeIgniter\Session\Handlers\DatabaseHandler' driver.
INFO - 2021-12-01 01:27:50 --> CSRF cookie sent.
INFO - 2021-12-01 01:27:50 --> CSRF token verified.
INFO - 2021-12-01 01:27:50 --> Session: Class initialized using 'CodeIgniter\Session\Handlers\DatabaseHandler' driver.
INFO - 2021-12-01 01:27:55 --> CSRF cookie sent.
INFO - 2021-12-01 01:27:55 --> CSRF token verified.
INFO - 2021-12-01 01:27:56 --> Session: Class initialized using 'CodeIgniter\Session\Handlers\DatabaseHandler' driver.
INFO - 2021-12-01 01:28:01 --> CSRF cookie sent.
INFO - 2021-12-01 01:28:01 --> CSRF token verified.
INFO - 2021-12-01 01:28:01 --> Session: Class initialized using 'CodeIgniter\Session\Handlers\DatabaseHandler' driver.
INFO - 2021-12-01 01:28:06 --> CSRF cookie sent.
INFO - 2021-12-01 01:28:06 --> CSRF token verified.
INFO - 2021-12-01 01:28:06 --> Session: Class initialized using 'CodeIgniter\Session\Handlers\DatabaseHandler' driver.
INFO - 2021-12-01 01:28:07 --> CSRF cookie sent.
INFO - 2021-12-01 01:28:07 --> CSRF token verified.
INFO - 2021-12-01 01:28:07 --> Session: Class initialized using 'CodeIgniter\Session\Handlers\DatabaseHandler' driver.
INFO - 2021-12-01 01:28:11 --> CSRF cookie sent.
INFO - 2021-12-01 01:28:11 --> CSRF token verified.
INFO - 2021-12-01 01:28:11 --> Session: Class initialized using 'CodeIgniter\Session\Handlers\DatabaseHandler' driver.
INFO - 2021-12-01 01:28:16 --> CSRF cookie sent.
INFO - 2021-12-01 01:28:16 --> CSRF token verified.
INFO - 2021-12-01 01:28:16 --> Session: Class initialized using 'CodeIgniter\Session\Handlers\DatabaseHandler' driver.
INFO - 2021-12-01 01:28:21 --> CSRF cookie sent.
INFO - 2021-12-01 01:28:21 --> CSRF token verified.
INFO - 2021-12-01 01:28:21 --> Session: Class initialized using 'CodeIgniter\Session\Handlers\DatabaseHandler' driver.
INFO - 2021-12-01 01:28:27 --> CSRF cookie sent.
INFO - 2021-12-01 01:28:27 --> CSRF token verified.
INFO - 2021-12-01 01:28:27 --> Session: Class initialized using 'CodeIgniter\Session\Handlers\DatabaseHandler' driver.
INFO - 2021-12-01 01:28:32 --> CSRF cookie sent.
INFO - 2021-12-01 01:28:32 --> CSRF token verified.
INFO - 2021-12-01 01:28:32 --> Session: Class initialized using 'CodeIgniter\Session\Handlers\DatabaseHandler' driver.
INFO - 2021-12-01 01:28:37 --> CSRF cookie sent.
INFO - 2021-12-01 01:28:37 --> CSRF token verified.
INFO - 2021-12-01 01:28:37 --> Session: Class initialized using 'CodeIgniter\Session\Handlers\DatabaseHandler' driver.
INFO - 2021-12-01 01:28:42 --> CSRF cookie sent.
INFO - 2021-12-01 01:28:42 --> CSRF token verified.
INFO - 2021-12-01 01:28:42 --> Session: Class initialized using 'CodeIgniter\Session\Handlers\DatabaseHandler' driver.
INFO - 2021-12-01 01:28:47 --> CSRF cookie sent.
INFO - 2021-12-01 01:28:47 --> CSRF token verified.
INFO - 2021-12-01 01:28:47 --> Session: Class initialized using 'CodeIgniter\Session\Handlers\DatabaseHandler' driver.
INFO - 2021-12-01 01:28:52 --> CSRF cookie sent.
INFO - 2021-12-01 01:28:52 --> CSRF token verified.
INFO - 2021-12-01 01:28:52 --> Session: Class initialized using 'CodeIgniter\Session\Handlers\DatabaseHandler' driver.
INFO - 2021-12-01 01:28:58 --> CSRF cookie sent.
INFO - 2021-12-01 01:28:58 --> CSRF token verified.
INFO - 2021-12-01 01:28:58 --> Session: Class initialized using 'CodeIgniter\Session\Handlers\DatabaseHandler' driver.
INFO - 2021-12-01 01:29:03 --> CSRF cookie sent.
INFO - 2021-12-01 01:29:03 --> CSRF token verified.
INFO - 2021-12-01 01:29:03 --> Session: Class initialized using 'CodeIgniter\Session\Handlers\DatabaseHandler' driver.
INFO - 2021-12-01 01:29:07 --> CSRF cookie sent.
INFO - 2021-12-01 01:29:07 --> CSRF token verified.
INFO - 2021-12-01 01:29:07 --> Session: Class initialized using 'CodeIgniter\Session\Handlers\DatabaseHandler' driver.
INFO - 2021-12-01 01:29:08 --> CSRF cookie sent.
INFO - 2021-12-01 01:29:08 --> CSRF token verified.
INFO - 2021-12-01 01:29:08 --> Session: Class initialized using 'CodeIgniter\Session\Handlers\DatabaseHandler' driver.
INFO - 2021-12-01 01:29:13 --> CSRF cookie sent.
INFO - 2021-12-01 01:29:13 --> CSRF token verified.
INFO - 2021-12-01 01:29:14 --> Session: Class initialized using 'CodeIgniter\Session\Handlers\DatabaseHandler' driver.
INFO - 2021-12-01 01:29:19 --> CSRF cookie sent.
INFO - 2021-12-01 01:29:19 --> CSRF token verified.
INFO - 2021-12-01 01:29:19 --> Session: Class initialized using 'CodeIgniter\Session\Handlers\DatabaseHandler' driver.
INFO - 2021-12-01 01:29:24 --> CSRF cookie sent.
INFO - 2021-12-01 01:29:24 --> CSRF token verified.
INFO - 2021-12-01 01:29:24 --> Session: Class initialized using 'CodeIgniter\Session\Handlers\DatabaseHandler' driver.
INFO - 2021-12-01 01:29:29 --> CSRF cookie sent.
INFO - 2021-12-01 01:29:29 --> CSRF token verified.
INFO - 2021-12-01 01:29:29 --> Session: Class initialized using 'CodeIgniter\Session\Handlers\DatabaseHandler' driver.
